
@@@@@@@@@@@@@@@@@@@@@@
ACCEPTED from 1
Operation : Type :C Id :0 Origine :0-1
@@@@@@@@@@@@@@@@@@@@@@
0-1(c):1:100.0
@@@@@@@@@@@@@@@@@@@@@@
ACCEPTED from 1
Operation : Type :C Id :0 Origine :1-1
@@@@@@@@@@@@@@@@@@@@@@
0-1(c):1:50.0||1-1(c):1:50.0
@@@@@@@@@@@@@@@@@@@@@@
ACCEPTED from 1
Operation : Type :C Id :0 Origine :2-1
@@@@@@@@@@@@@@@@@@@@@@
0-1(c):1:33.333||1-1(c):1:33.333||2-1(c):1:33.333
@@@@@@@@@@@@@@@@@@@@@@
ACCEPTED from 1
Operation : Type :C Id :0 Origine :3-1
@@@@@@@@@@@@@@@@@@@@@@
0-1(c):1:25.0||1-1(c):1:25.0||2-1(c):1:25.0||3-1(c):1:25.0
@@@@@@@@@@@@@@@@@@@@@@
ACCEPTED from 6
Operation : Type :C Id :0 Origine :0-6
@@@@@@@@@@@@@@@@@@@@@@
0-1(c):1:25.0||1-1(c):1:25.0||2-1(c):1:25.0||3-1(c):1:25.0
@@@@@@@@@@@@@@@@@@@@@@
ACCEPTED from 2
Operation : Type :C Id :0 Origine :0-4
@@@@@@@@@@@@@@@@@@@@@@
0-1(c):1:25.0||1-1(c):1:25.0||2-1(c):1:25.0||3-1(c):1:25.0
@@@@@@@@@@@@@@@@@@@@@@
ACCEPTED from 3
Operation : Type :C Id :0 Origine :0-3
@@@@@@@@@@@@@@@@@@@@@@
0-1(c):1:25.0||1-1(c):1:25.0||2-1(c):1:25.0||3-1(c):1:25.0
@@@@@@@@@@@@@@@@@@@@@@
ACCEPTED from 3
Operation : Type :C Id :0 Origine :1-3
@@@@@@@@@@@@@@@@@@@@@@
0-1(c):1:25.0||1-1(c):1:25.0||2-1(c):1:25.0||3-1(c):1:25.0
@@@@@@@@@@@@@@@@@@@@@@
ACCEPTED from 2
Operation : Type :C Id :0 Origine :0-0
@@@@@@@@@@@@@@@@@@@@@@
0-1(c):1:25.0||1-1(c):1:25.0||2-1(c):1:25.0||3-1(c):1:25.0
@@@@@@@@@@@@@@@@@@@@@@
REFUSED from 6
Operation : Type :C Id :0 Origine :0-0
@@@@@@@@@@@@@@@@@@@@@@
0-1(c):1:25.0||1-1(c):1:25.0||2-1(c):1:25.0||3-1(c):1:25.0
@@@@@@@@@@@@@@@@@@@@@@
ACCEPTED from 3
Operation : Type :C Id :0 Origine :2-3
@@@@@@@@@@@@@@@@@@@@@@
0-1(c):1:25.0||1-1(c):1:25.0||2-1(c):1:25.0||3-1(c):1:25.0
@@@@@@@@@@@@@@@@@@@@@@
ACCEPTED from 2
Operation : Type :C Id :0 Origine :1-0
@@@@@@@@@@@@@@@@@@@@@@
0-1(c):1:25.0||1-1(c):1:25.0||2-1(c):1:25.0||3-1(c):1:25.0
@@@@@@@@@@@@@@@@@@@@@@
ACCEPTED from 3
Operation : Type :C Id :0 Origine :3-3
@@@@@@@@@@@@@@@@@@@@@@
0-1(c):1:25.0||1-1(c):1:25.0||2-1(c):1:25.0||3-1(c):1:25.0
@@@@@@@@@@@@@@@@@@@@@@
ACCEPTED from 2
Operation : Type :C Id :0 Origine :0-2
@@@@@@@@@@@@@@@@@@@@@@
0-1(c):1:25.0||1-1(c):1:25.0||2-1(c):1:25.0||3-1(c):1:25.0
@@@@@@@@@@@@@@@@@@@@@@
ACCEPTED from 6
Operation : Type :C Id :0 Origine :1-6
@@@@@@@@@@@@@@@@@@@@@@
0-1(c):1:25.0||1-1(c):1:25.0||2-1(c):1:25.0||3-1(c):1:25.0
@@@@@@@@@@@@@@@@@@@@@@
ACCEPTED from 2
Operation : Type :C Id :0 Origine :1-2
@@@@@@@@@@@@@@@@@@@@@@
0-1(c):1:25.0||1-1(c):1:25.0||2-1(c):1:25.0||3-1(c):1:25.0
@@@@@@@@@@@@@@@@@@@@@@
ACCEPTED from 3
Operation : Type :C Id :0 Origine :4-3
@@@@@@@@@@@@@@@@@@@@@@
0-1(c):1:25.0||1-1(c):1:25.0||2-1(c):1:25.0||3-1(c):1:25.0
@@@@@@@@@@@@@@@@@@@@@@
ACCEPTED from 2
Operation : Type :C Id :0 Origine :2-0
@@@@@@@@@@@@@@@@@@@@@@
0-1(c):1:25.0||1-1(c):1:25.0||2-1(c):1:25.0||3-1(c):1:25.0
@@@@@@@@@@@@@@@@@@@@@@
REFUSED from 6
Operation : Type :C Id :0 Origine :1-0
@@@@@@@@@@@@@@@@@@@@@@
0-1(c):1:25.0||1-1(c):1:25.0||2-1(c):1:25.0||3-1(c):1:25.0
@@@@@@@@@@@@@@@@@@@@@@
REFUSED from 3
Operation : Type :C Id :0 Origine :0-6
@@@@@@@@@@@@@@@@@@@@@@
0-1(c):1:25.0||1-1(c):1:25.0||2-1(c):1:25.0||3-1(c):1:25.0
@@@@@@@@@@@@@@@@@@@@@@
REFUSED from 2
Operation : Type :C Id :0 Origine :0-6
@@@@@@@@@@@@@@@@@@@@@@
0-1(c):1:25.0||1-1(c):1:25.0||2-1(c):1:25.0||3-1(c):1:25.0
@@@@@@@@@@@@@@@@@@@@@@
ACCEPTED from 6
Operation : Type :C Id :0 Origine :2-6
@@@@@@@@@@@@@@@@@@@@@@
0-1(c):1:25.0||1-1(c):1:25.0||2-1(c):1:25.0||3-1(c):1:25.0
@@@@@@@@@@@@@@@@@@@@@@
REFUSED from 3
Operation : Type :C Id :0 Origine :0-4
@@@@@@@@@@@@@@@@@@@@@@
0-1(c):1:25.0||1-1(c):1:25.0||2-1(c):1:25.0||3-1(c):1:25.0
@@@@@@@@@@@@@@@@@@@@@@
REFUSED from 3
Operation : Type :C Id :0 Origine :0-0
@@@@@@@@@@@@@@@@@@@@@@
0-1(c):1:25.0||1-1(c):1:25.0||2-1(c):1:25.0||3-1(c):1:25.0
@@@@@@@@@@@@@@@@@@@@@@
ACCEPTED from 2
Operation : Type :C Id :0 Origine :1-4
@@@@@@@@@@@@@@@@@@@@@@
0-1(c):1:25.0||1-1(c):1:25.0||2-1(c):1:25.0||3-1(c):1:25.0
@@@@@@@@@@@@@@@@@@@@@@
REFUSED from 3
Operation : Type :C Id :0 Origine :1-0
@@@@@@@@@@@@@@@@@@@@@@
0-1(c):1:25.0||1-1(c):1:25.0||2-1(c):1:25.0||3-1(c):1:25.0
@@@@@@@@@@@@@@@@@@@@@@
ACCEPTED from 6
Operation : Type :C Id :0 Origine :3-6
@@@@@@@@@@@@@@@@@@@@@@
0-1(c):1:25.0||1-1(c):1:25.0||2-1(c):1:25.0||3-1(c):1:25.0
@@@@@@@@@@@@@@@@@@@@@@
ACCEPTED from 2
Operation : Type :C Id :0 Origine :3-0
@@@@@@@@@@@@@@@@@@@@@@
0-1(c):1:25.0||1-1(c):1:25.0||2-1(c):1:25.0||3-1(c):1:25.0
@@@@@@@@@@@@@@@@@@@@@@
REFUSED from 3
Operation : Type :C Id :0 Origine :0-2
@@@@@@@@@@@@@@@@@@@@@@
0-1(c):1:25.0||1-1(c):1:25.0||2-1(c):1:25.0||3-1(c):1:25.0
@@@@@@@@@@@@@@@@@@@@@@
REFUSED from 3
Operation : Type :C Id :0 Origine :1-6
@@@@@@@@@@@@@@@@@@@@@@
0-1(c):1:25.0||1-1(c):1:25.0||2-1(c):1:25.0||3-1(c):1:25.0
@@@@@@@@@@@@@@@@@@@@@@
REFUSED from 3
Operation : Type :C Id :0 Origine :1-2
@@@@@@@@@@@@@@@@@@@@@@
0-1(c):1:25.0||1-1(c):1:25.0||2-1(c):1:25.0||3-1(c):1:25.0
@@@@@@@@@@@@@@@@@@@@@@
REFUSED from 6
Operation : Type :C Id :0 Origine :2-0
@@@@@@@@@@@@@@@@@@@@@@
0-1(c):1:25.0||1-1(c):1:25.0||2-1(c):1:25.0||3-1(c):1:25.0
@@@@@@@@@@@@@@@@@@@@@@
ACCEPTED from 2
Operation : Type :C Id :0 Origine :2-4
@@@@@@@@@@@@@@@@@@@@@@
0-1(c):1:25.0||1-1(c):1:25.0||2-1(c):1:25.0||3-1(c):1:25.0
@@@@@@@@@@@@@@@@@@@@@@
REFUSED from 3
Operation : Type :C Id :0 Origine :2-0
@@@@@@@@@@@@@@@@@@@@@@
0-1(c):1:25.0||1-1(c):1:25.0||2-1(c):1:25.0||3-1(c):1:25.0
@@@@@@@@@@@@@@@@@@@@@@
REFUSED from 3
Operation : Type :C Id :0 Origine :2-6
@@@@@@@@@@@@@@@@@@@@@@
0-1(c):1:25.0||1-1(c):1:25.0||2-1(c):1:25.0||3-1(c):1:25.0
@@@@@@@@@@@@@@@@@@@@@@
REFUSED from 6
Operation : Type :C Id :0 Origine :0-4
@@@@@@@@@@@@@@@@@@@@@@
0-1(c):1:25.0||1-1(c):1:25.0||2-1(c):1:25.0||3-1(c):1:25.0
@@@@@@@@@@@@@@@@@@@@@@
REFUSED from 3
Operation : Type :C Id :0 Origine :1-4
@@@@@@@@@@@@@@@@@@@@@@
0-1(c):1:25.0||1-1(c):1:25.0||2-1(c):1:25.0||3-1(c):1:25.0
@@@@@@@@@@@@@@@@@@@@@@
REFUSED from 2
Operation : Type :C Id :0 Origine :0-3
@@@@@@@@@@@@@@@@@@@@@@
0-1(c):1:25.0||1-1(c):1:25.0||2-1(c):1:25.0||3-1(c):1:25.0
@@@@@@@@@@@@@@@@@@@@@@
REFUSED from 3
Operation : Type :C Id :0 Origine :3-6
@@@@@@@@@@@@@@@@@@@@@@
0-1(c):1:25.0||1-1(c):1:25.0||2-1(c):1:25.0||3-1(c):1:25.0
@@@@@@@@@@@@@@@@@@@@@@
ACCEPTED from 6
Operation : Type :C Id :0 Origine :4-6
@@@@@@@@@@@@@@@@@@@@@@
0-1(c):1:25.0||1-1(c):1:25.0||2-1(c):1:25.0||3-1(c):1:25.0
@@@@@@@@@@@@@@@@@@@@@@
REFUSED from 3
Operation : Type :C Id :0 Origine :3-0
@@@@@@@@@@@@@@@@@@@@@@
0-1(c):1:25.0||1-1(c):1:25.0||2-1(c):1:25.0||3-1(c):1:25.0
@@@@@@@@@@@@@@@@@@@@@@
REFUSED from 3
Operation : Type :C Id :0 Origine :2-4
@@@@@@@@@@@@@@@@@@@@@@
0-1(c):1:25.0||1-1(c):1:25.0||2-1(c):1:25.0||3-1(c):1:25.0
@@@@@@@@@@@@@@@@@@@@@@
ACCEPTED from 2
Operation : Type :C Id :0 Origine :0-5
@@@@@@@@@@@@@@@@@@@@@@
0-1(c):1:25.0||1-1(c):1:25.0||2-1(c):1:25.0||3-1(c):1:25.0
@@@@@@@@@@@@@@@@@@@@@@
ACCEPTED from 2
Operation : Type :C Id :0 Origine :1-5
@@@@@@@@@@@@@@@@@@@@@@
0-1(c):1:25.0||1-1(c):1:25.0||2-1(c):1:25.0||3-1(c):1:25.0
@@@@@@@@@@@@@@@@@@@@@@
ACCEPTED from 6
Operation : Type :C Id :0 Origine :5-6
@@@@@@@@@@@@@@@@@@@@@@
0-1(c):1:25.0||1-1(c):1:25.0||2-1(c):1:25.0||3-1(c):1:25.0
@@@@@@@@@@@@@@@@@@@@@@
ACCEPTED from 1
Operation : Type :T Id :1 Origine :0-1 Destination :3-1 Valeur :0.22
@@@@@@@@@@@@@@@@@@@@@@
0-1(c):1:26.0||1-1(c):1:24.667||2-1(c):1:24.667||3-1(c):1:24.667
@@@@@@@@@@@@@@@@@@@@@@
REFUSED from 3
Operation : Type :C Id :0 Origine :4-6
@@@@@@@@@@@@@@@@@@@@@@
0-1(c):1:26.0||1-1(c):1:24.667||2-1(c):1:24.667||3-1(c):1:24.667
@@@@@@@@@@@@@@@@@@@@@@
ACCEPTED from 2
Bloc Chain :
Creator : 2
Depth : 1
Hash : 080f4978e1c1bf8828dc43fffff8d349e9523e2426bf090dc2786df2e9066e4000006be8b8b42b32da0566831fd6528280ae6ab293aaae82b57d6826c66c0ad6
Nonce : 160:136:67:211:136:104:193:155:87:250:203:152:34:205:148:12:238:4:202:224:66:199:151:69:198:216:7:4:121:52:165:142:
Number of Operations : 17
Type :C Id :0 Origine :0-4
Type :C Id :0 Origine :0-0
Type :C Id :0 Origine :0-1
Type :C Id :0 Origine :1-0
Type :C Id :0 Origine :0-2
Type :C Id :0 Origine :1-2
Type :C Id :0 Origine :2-0
Type :C Id :0 Origine :1-1
Type :C Id :0 Origine :0-6
Type :C Id :0 Origine :1-4
Type :C Id :0 Origine :2-1
Type :C Id :0 Origine :3-0
Type :C Id :0 Origine :2-4
Type :C Id :0 Origine :3-1
Type :C Id :0 Origine :0-3
Type :C Id :0 Origine :0-5
Type :C Id :0 Origine :1-5
--------------------------
Creator : 2
Depth : 0
Hash : 
Nonce : 
Number of Operations : 0
--------------------------

@@@@@@@@@@@@@@@@@@@@@@
0-1(c):1:26.0||1-1(c):1:24.667||2-1(c):1:24.667||3-1(c):1:24.667
@@@@@@@@@@@@@@@@@@@@@@
ACCEPTED from 1
Operation : Type :T Id :1 Origine :1-1 Destination :0-4 Valeur :0.87
@@@@@@@@@@@@@@@@@@@@@@
0-1(c):1:25.655||1-1(c):1:25.667||2-1(c):1:24.339||3-1(c):1:24.339
@@@@@@@@@@@@@@@@@@@@@@
ACCEPTED from 1
Operation : Type :T Id :1 Origine :2-1 Destination :1-0 Valeur :0.08
@@@@@@@@@@@@@@@@@@@@@@
0-1(c):1:25.316||1-1(c):1:25.327||2-1(c):1:25.339||3-1(c):1:24.018
@@@@@@@@@@@@@@@@@@@@@@
REFUSED from 3
Operation : Type :C Id :0 Origine :0-5
@@@@@@@@@@@@@@@@@@@@@@
0-1(c):1:25.316||1-1(c):1:25.327||2-1(c):1:25.339||3-1(c):1:24.018
@@@@@@@@@@@@@@@@@@@@@@
ACCEPTED from 1
Operation : Type :T Id :1 Origine :3-1 Destination :1-2 Valeur :0.9
@@@@@@@@@@@@@@@@@@@@@@
0-1(c):1:24.983||1-1(c):1:24.994||2-1(c):1:25.006||3-1(c):1:25.018
@@@@@@@@@@@@@@@@@@@@@@
ACCEPTED from 6
Operation : Type :C Id :0 Origine :6-6
@@@@@@@@@@@@@@@@@@@@@@
0-1(c):1:24.983||1-1(c):1:24.994||2-1(c):1:25.006||3-1(c):1:25.018
@@@@@@@@@@@@@@@@@@@@@@
REFUSED from 2
Operation : Type :C Id :0 Origine :1-3
@@@@@@@@@@@@@@@@@@@@@@
0-1(c):1:24.983||1-1(c):1:24.994||2-1(c):1:25.006||3-1(c):1:25.018
@@@@@@@@@@@@@@@@@@@@@@
REFUSED from 3
Operation : Type :C Id :0 Origine :1-5
@@@@@@@@@@@@@@@@@@@@@@
0-1(c):1:24.983||1-1(c):1:24.994||2-1(c):1:25.006||3-1(c):1:25.018
@@@@@@@@@@@@@@@@@@@@@@
ACCEPTED from 6
Operation : Type :C Id :0 Origine :7-6
@@@@@@@@@@@@@@@@@@@@@@
0-1(c):1:24.983||1-1(c):1:24.994||2-1(c):1:25.006||3-1(c):1:25.018
@@@@@@@@@@@@@@@@@@@@@@
REFUSED from 2
Operation : Type :C Id :0 Origine :2-3
@@@@@@@@@@@@@@@@@@@@@@
0-1(c):1:24.983||1-1(c):1:24.994||2-1(c):1:25.006||3-1(c):1:25.018
@@@@@@@@@@@@@@@@@@@@@@
REFUSED from 3
Operation : Type :C Id :0 Origine :5-6
@@@@@@@@@@@@@@@@@@@@@@
0-1(c):1:24.983||1-1(c):1:24.994||2-1(c):1:25.006||3-1(c):1:25.018
@@@@@@@@@@@@@@@@@@@@@@
REFUSED from 6
Operation : Type :C Id :0 Origine :1-4
@@@@@@@@@@@@@@@@@@@@@@
0-1(c):1:24.983||1-1(c):1:24.994||2-1(c):1:25.006||3-1(c):1:25.018
@@@@@@@@@@@@@@@@@@@@@@
REFUSED from 3
Bloc Chain :
Creator : 2
Depth : 1
Hash : 080f4978e1c1bf8828dc43fffff8d349e9523e2426bf090dc2786df2e9066e4000006be8b8b42b32da0566831fd6528280ae6ab293aaae82b57d6826c66c0ad6
Nonce : 160:136:67:211:136:104:193:155:87:250:203:152:34:205:148:12:238:4:202:224:66:199:151:69:198:216:7:4:121:52:165:142:
Number of Operations : 17
Type :C Id :0 Origine :0-4
Type :C Id :0 Origine :0-0
Type :C Id :0 Origine :0-1
Type :C Id :0 Origine :1-0
Type :C Id :0 Origine :0-2
Type :C Id :0 Origine :1-2
Type :C Id :0 Origine :2-0
Type :C Id :0 Origine :1-1
Type :C Id :0 Origine :0-6
Type :C Id :0 Origine :1-4
Type :C Id :0 Origine :2-1
Type :C Id :0 Origine :3-0
Type :C Id :0 Origine :2-4
Type :C Id :0 Origine :3-1
Type :C Id :0 Origine :0-3
Type :C Id :0 Origine :0-5
Type :C Id :0 Origine :1-5
--------------------------
Creator : 2
Depth : 0
Hash : 
Nonce : 
Number of Operations : 0
--------------------------

@@@@@@@@@@@@@@@@@@@@@@
0-1(c):1:24.983||1-1(c):1:24.994||2-1(c):1:25.006||3-1(c):1:25.018
@@@@@@@@@@@@@@@@@@@@@@
REFUSED from 6
Operation : Type :C Id :0 Origine :0-5
@@@@@@@@@@@@@@@@@@@@@@
0-1(c):1:24.983||1-1(c):1:24.994||2-1(c):1:25.006||3-1(c):1:25.018
@@@@@@@@@@@@@@@@@@@@@@
REFUSED from 3
Operation : Type :C Id :0 Origine :6-6
@@@@@@@@@@@@@@@@@@@@@@
0-1(c):1:24.983||1-1(c):1:24.994||2-1(c):1:25.006||3-1(c):1:25.018
@@@@@@@@@@@@@@@@@@@@@@
ACCEPTED from 2
Operation : Type :C Id :0 Origine :2-5
@@@@@@@@@@@@@@@@@@@@@@
0-1(c):1:24.983||1-1(c):1:24.994||2-1(c):1:25.006||3-1(c):1:25.018
@@@@@@@@@@@@@@@@@@@@@@
ACCEPTED from 3
Operation : Type :T Id :1 Origine :0-3 Destination :1-0 Valeur :0.76
@@@@@@@@@@@@@@@@@@@@@@
0-1(c):1:24.983||1-1(c):1:24.994||2-1(c):1:25.006||3-1(c):1:25.018
@@@@@@@@@@@@@@@@@@@@@@
REFUSED from 2
Operation : Type :C Id :0 Origine :3-3
@@@@@@@@@@@@@@@@@@@@@@
0-1(c):1:24.983||1-1(c):1:24.994||2-1(c):1:25.006||3-1(c):1:25.018
@@@@@@@@@@@@@@@@@@@@@@
ACCEPTED from 6
Operation : Type :C Id :0 Origine :8-6
@@@@@@@@@@@@@@@@@@@@@@
0-1(c):1:24.983||1-1(c):1:24.994||2-1(c):1:25.006||3-1(c):1:25.018
@@@@@@@@@@@@@@@@@@@@@@
ACCEPTED from 3
Operation : Type :T Id :1 Origine :1-3 Destination :3-6 Valeur :0.36
@@@@@@@@@@@@@@@@@@@@@@
0-1(c):1:24.983||1-1(c):1:24.994||2-1(c):1:25.006||3-1(c):1:25.018
@@@@@@@@@@@@@@@@@@@@@@
REFUSED from 6
Operation : Type :C Id :0 Origine :3-0
@@@@@@@@@@@@@@@@@@@@@@
0-1(c):1:24.983||1-1(c):1:24.994||2-1(c):1:25.006||3-1(c):1:25.018
@@@@@@@@@@@@@@@@@@@@@@
REFUSED from 2
Operation : Type :C Id :0 Origine :1-6
@@@@@@@@@@@@@@@@@@@@@@
0-1(c):1:24.983||1-1(c):1:24.994||2-1(c):1:25.006||3-1(c):1:25.018
@@@@@@@@@@@@@@@@@@@@@@
REFUSED from 6
Operation : Type :C Id :0 Origine :2-4
@@@@@@@@@@@@@@@@@@@@@@
0-1(c):1:24.983||1-1(c):1:24.994||2-1(c):1:25.006||3-1(c):1:25.018
@@@@@@@@@@@@@@@@@@@@@@
REFUSED from 3
Operation : Type :C Id :0 Origine :7-6
@@@@@@@@@@@@@@@@@@@@@@
0-1(c):1:24.983||1-1(c):1:24.994||2-1(c):1:25.006||3-1(c):1:25.018
@@@@@@@@@@@@@@@@@@@@@@
REFUSED from 6
Operation : Type :C Id :0 Origine :1-5
@@@@@@@@@@@@@@@@@@@@@@
0-1(c):1:24.983||1-1(c):1:24.994||2-1(c):1:25.006||3-1(c):1:25.018
@@@@@@@@@@@@@@@@@@@@@@
ACCEPTED from 3
Operation : Type :T Id :1 Origine :2-3 Destination :0-3 Valeur :0.27
@@@@@@@@@@@@@@@@@@@@@@
0-1(c):1:24.983||1-1(c):1:24.994||2-1(c):1:25.006||3-1(c):1:25.018
@@@@@@@@@@@@@@@@@@@@@@
REFUSED from 2
Operation : Type :C Id :0 Origine :4-3
@@@@@@@@@@@@@@@@@@@@@@
0-1(c):1:24.983||1-1(c):1:24.994||2-1(c):1:25.006||3-1(c):1:25.018
@@@@@@@@@@@@@@@@@@@@@@
REFUSED from 2
Operation : Type :C Id :0 Origine :2-6
@@@@@@@@@@@@@@@@@@@@@@
0-1(c):1:24.983||1-1(c):1:24.994||2-1(c):1:25.006||3-1(c):1:25.018
@@@@@@@@@@@@@@@@@@@@@@
ACCEPTED from 3
Operation : Type :T Id :1 Origine :3-3 Destination :0-3 Valeur :0.45
@@@@@@@@@@@@@@@@@@@@@@
0-1(c):1:24.983||1-1(c):1:24.994||2-1(c):1:25.006||3-1(c):1:25.018
@@@@@@@@@@@@@@@@@@@@@@
REFUSED from 6
Operation : Type :C Id :0 Origine :0-3
@@@@@@@@@@@@@@@@@@@@@@
0-1(c):1:24.983||1-1(c):1:24.994||2-1(c):1:25.006||3-1(c):1:25.018
@@@@@@@@@@@@@@@@@@@@@@
REFUSED from 6
Operation : Type :C Id :0 Origine :2-5
@@@@@@@@@@@@@@@@@@@@@@
0-1(c):1:24.983||1-1(c):1:24.994||2-1(c):1:25.006||3-1(c):1:25.018
@@@@@@@@@@@@@@@@@@@@@@
REFUSED from 6
Operation : Type :C Id :0 Origine :1-3
@@@@@@@@@@@@@@@@@@@@@@
0-1(c):1:24.983||1-1(c):1:24.994||2-1(c):1:25.006||3-1(c):1:25.018
@@@@@@@@@@@@@@@@@@@@@@
ACCEPTED from 3
Operation : Type :T Id :1 Origine :4-3 Destination :3-1 Valeur :0.89
@@@@@@@@@@@@@@@@@@@@@@
0-1(c):1:24.983||1-1(c):1:24.994||2-1(c):1:25.006||3-1(c):1:25.018
@@@@@@@@@@@@@@@@@@@@@@
REFUSED from 2
Operation : Type :C Id :0 Origine :3-6
@@@@@@@@@@@@@@@@@@@@@@
0-1(c):1:24.983||1-1(c):1:24.994||2-1(c):1:25.006||3-1(c):1:25.018
@@@@@@@@@@@@@@@@@@@@@@
REFUSED from 6
Operation : Type :C Id :0 Origine :2-3
@@@@@@@@@@@@@@@@@@@@@@
0-1(c):1:24.983||1-1(c):1:24.994||2-1(c):1:25.006||3-1(c):1:25.018
@@@@@@@@@@@@@@@@@@@@@@
REFUSED from 3
Operation : Type :C Id :0 Origine :2-5
@@@@@@@@@@@@@@@@@@@@@@
0-1(c):1:24.983||1-1(c):1:24.994||2-1(c):1:25.006||3-1(c):1:25.018
@@@@@@@@@@@@@@@@@@@@@@
REFUSED from 6
Operation : Type :C Id :0 Origine :0-2
@@@@@@@@@@@@@@@@@@@@@@
0-1(c):1:24.983||1-1(c):1:24.994||2-1(c):1:25.006||3-1(c):1:25.018
@@@@@@@@@@@@@@@@@@@@@@
REFUSED from 2
Operation : Type :C Id :0 Origine :4-6
@@@@@@@@@@@@@@@@@@@@@@
0-1(c):1:24.983||1-1(c):1:24.994||2-1(c):1:25.006||3-1(c):1:25.018
@@@@@@@@@@@@@@@@@@@@@@
REFUSED from 6
Operation : Type :C Id :0 Origine :3-3
@@@@@@@@@@@@@@@@@@@@@@
0-1(c):1:24.983||1-1(c):1:24.994||2-1(c):1:25.006||3-1(c):1:25.018
@@@@@@@@@@@@@@@@@@@@@@
REFUSED from 3
Operation : Type :C Id :0 Origine :8-6
@@@@@@@@@@@@@@@@@@@@@@
0-1(c):1:24.983||1-1(c):1:24.994||2-1(c):1:25.006||3-1(c):1:25.018
@@@@@@@@@@@@@@@@@@@@@@
REFUSED from 2
Operation : Type :C Id :0 Origine :5-6
@@@@@@@@@@@@@@@@@@@@@@
0-1(c):1:24.983||1-1(c):1:24.994||2-1(c):1:25.006||3-1(c):1:25.018
@@@@@@@@@@@@@@@@@@@@@@
REFUSED from 6
Operation : Type :C Id :0 Origine :1-2
@@@@@@@@@@@@@@@@@@@@@@
0-1(c):1:24.983||1-1(c):1:24.994||2-1(c):1:25.006||3-1(c):1:25.018
@@@@@@@@@@@@@@@@@@@@@@
ACCEPTED from 3
Bloc Chain :
Creator : 3
Depth : 2
Hash : 5043c44813801429a94e7a1fc8e0a0fe8075bc02397f40ef7aa7a156d4240dd685317922f761957090f5d0700000faf4b107a19488316846ed4513836297f252
Nonce : 178:158:187:61:39:39:225:180:106:215:65:27:168:105:236:69:73:205:154:243:186:191:64:47:176:56:205:9:201:17:133:47:
Number of Operations : 22
Type :C Id :0 Origine :1-3
Type :C Id :0 Origine :2-3
Type :C Id :0 Origine :3-3
Type :C Id :0 Origine :4-3
Type :C Id :0 Origine :1-6
Type :C Id :0 Origine :2-6
Type :C Id :0 Origine :3-6
Type :C Id :0 Origine :4-6
Type :C Id :0 Origine :5-6
Type :C Id :0 Origine :6-6
Type :T Id :1 Origine :0-3 Destination :1-0 Valeur :0.76
Type :T Id :1 Origine :1-3 Destination :3-6 Valeur :0.36
Type :T Id :1 Origine :0-1 Destination :3-1 Valeur :0.22
Type :C Id :0 Origine :7-6
Type :T Id :1 Origine :2-3 Destination :0-3 Valeur :0.27
Type :T Id :1 Origine :3-3 Destination :0-3 Valeur :0.45
Type :T Id :1 Origine :1-1 Destination :0-4 Valeur :0.87
Type :T Id :1 Origine :4-3 Destination :3-1 Valeur :0.89
Type :C Id :0 Origine :2-5
Type :T Id :1 Origine :2-1 Destination :1-0 Valeur :0.08
Type :T Id :1 Origine :3-1 Destination :1-2 Valeur :0.9
Type :C Id :0 Origine :8-6
--------------------------
Creator : 2
Depth : 1
Hash : 080f4978e1c1bf8828dc43fffff8d349e9523e2426bf090dc2786df2e9066e4000006be8b8b42b32da0566831fd6528280ae6ab293aaae82b57d6826c66c0ad6
Nonce : 160:136:67:211:136:104:193:155:87:250:203:152:34:205:148:12:238:4:202:224:66:199:151:69:198:216:7:4:121:52:165:142:
Number of Operations : 17
Type :C Id :0 Origine :0-4
Type :C Id :0 Origine :0-0
Type :C Id :0 Origine :0-1
Type :C Id :0 Origine :1-0
Type :C Id :0 Origine :0-2
Type :C Id :0 Origine :1-2
Type :C Id :0 Origine :2-0
Type :C Id :0 Origine :1-1
Type :C Id :0 Origine :0-6
Type :C Id :0 Origine :1-4
Type :C Id :0 Origine :2-1
Type :C Id :0 Origine :3-0
Type :C Id :0 Origine :2-4
Type :C Id :0 Origine :3-1
Type :C Id :0 Origine :0-3
Type :C Id :0 Origine :0-5
Type :C Id :0 Origine :1-5
--------------------------
Creator : 2
Depth : 0
Hash : 
Nonce : 
Number of Operations : 0
--------------------------

@@@@@@@@@@@@@@@@@@@@@@
0-1(c):1:24.983||1-1(c):1:24.994||2-1(c):1:25.006||3-1(c):1:25.018
@@@@@@@@@@@@@@@@@@@@@@
ACCEPTED from 2
Operation : Type :T Id :1 Origine :0-0 Destination :0-2 Valeur :0.17
@@@@@@@@@@@@@@@@@@@@@@
0-1(c):1:24.983||1-1(c):1:24.994||2-1(c):1:25.006||3-1(c):1:25.018
@@@@@@@@@@@@@@@@@@@@@@
REFUSED from 6
Operation : Type :C Id :0 Origine :4-3
@@@@@@@@@@@@@@@@@@@@@@
0-1(c):1:24.983||1-1(c):1:24.994||2-1(c):1:25.006||3-1(c):1:25.018
@@@@@@@@@@@@@@@@@@@@@@
REFUSED from 3
Operation : Type :T Id :1 Origine :0-0 Destination :0-2 Valeur :0.17
@@@@@@@@@@@@@@@@@@@@@@
0-1(c):1:24.983||1-1(c):1:24.994||2-1(c):1:25.006||3-1(c):1:25.018
@@@@@@@@@@@@@@@@@@@@@@
REFUSED from 6
Bloc Chain :
Creator : 6
Depth : 1
Hash : 6b1d57d8d93aca46c66df10ec2258c928a771ec8475ca4ab69fe993b515e4816f6c5df45e0fcf756e1d5d4aed04ceb11790f05c2ea47fb0edd8b0ea800000128
Nonce : 233:224:217:61:28:114:14:68:64:230:197:126:222:1:162:138:92:62:143:116:166:128:177:52:39:125:9:224:102:88:205:98:
Number of Operations : 30
Type :C Id :0 Origine :0-6
Type :C Id :0 Origine :0-0
Type :C Id :0 Origine :1-6
Type :C Id :0 Origine :1-0
Type :C Id :0 Origine :2-6
Type :C Id :0 Origine :0-1
Type :C Id :0 Origine :3-6
Type :C Id :0 Origine :2-0
Type :C Id :0 Origine :0-4
Type :C Id :0 Origine :4-6
Type :C Id :0 Origine :5-6
Type :C Id :0 Origine :1-1
Type :C Id :0 Origine :6-6
Type :C Id :0 Origine :7-6
Type :C Id :0 Origine :1-4
Type :C Id :0 Origine :0-5
Type :C Id :0 Origine :2-1
Type :C Id :0 Origine :8-6
Type :C Id :0 Origine :3-0
Type :C Id :0 Origine :2-4
Type :C Id :0 Origine :1-5
Type :C Id :0 Origine :3-1
Type :C Id :0 Origine :0-3
Type :C Id :0 Origine :2-5
Type :C Id :0 Origine :1-3
Type :C Id :0 Origine :2-3
Type :C Id :0 Origine :0-2
Type :C Id :0 Origine :3-3
Type :C Id :0 Origine :1-2
Type :C Id :0 Origine :4-3
--------------------------
Creator : 6
Depth : 0
Hash : 
Nonce : 
Number of Operations : 0
--------------------------

@@@@@@@@@@@@@@@@@@@@@@
0-1(c):1:24.983||1-1(c):1:24.994||2-1(c):1:25.006||3-1(c):1:25.018
@@@@@@@@@@@@@@@@@@@@@@
ACCEPTED from 2
Operation : Type :T Id :1 Origine :0-4 Destination :4-6 Valeur :0.92
@@@@@@@@@@@@@@@@@@@@@@
0-1(c):1:24.983||1-1(c):1:24.994||2-1(c):1:25.006||3-1(c):1:25.018
@@@@@@@@@@@@@@@@@@@@@@
ACCEPTED from 1
Operation : Type :T Id :2 Origine :0-1 Destination :2-0 Valeur :0.93
@@@@@@@@@@@@@@@@@@@@@@
0-1(c):1:25.983||1-1(c):1:24.661||2-1(c):1:24.672||3-1(c):1:24.684
@@@@@@@@@@@@@@@@@@@@@@
ACCEPTED from 1
Operation : Type :D Id :3 Origine :0-1
@@@@@@@@@@@@@@@@@@@@@@
0-1(d):1:25.983||1-1(c):1:33.322||2-1(c):1:33.333||3-1(c):1:33.345
@@@@@@@@@@@@@@@@@@@@@@
ACCEPTED from 1
Operation : Type :T Id :2 Origine :1-1 Destination :8-6 Valeur :0.87
@@@@@@@@@@@@@@@@@@@@@@
0-1(d):1:25.983||1-1(c):1:34.322||2-1(c):1:32.833||3-1(c):1:32.845
@@@@@@@@@@@@@@@@@@@@@@
ACCEPTED from 1
Operation : Type :D Id :3 Origine :1-1
@@@@@@@@@@@@@@@@@@@@@@
0-1(d):1:25.983||1-1(d):1:34.322||2-1(c):1:49.994||3-1(c):1:50.006
@@@@@@@@@@@@@@@@@@@@@@
ACCEPTED from 1
Operation : Type :T Id :2 Origine :2-1 Destination :7-6 Valeur :0.58
@@@@@@@@@@@@@@@@@@@@@@
0-1(d):1:25.983||1-1(d):1:34.322||2-1(c):1:50.994||3-1(c):1:49.006
@@@@@@@@@@@@@@@@@@@@@@
ACCEPTED from 1
Operation : Type :D Id :3 Origine :2-1
@@@@@@@@@@@@@@@@@@@@@@
0-1(d):1:25.983||1-1(d):1:34.322||2-1(d):1:50.994||3-1(c):1:100.0
@@@@@@@@@@@@@@@@@@@@@@
REFUSED from 3
Operation : Type :T Id :1 Origine :0-4 Destination :4-6 Valeur :0.92
@@@@@@@@@@@@@@@@@@@@@@
0-1(d):1:25.983||1-1(d):1:34.322||2-1(d):1:50.994||3-1(c):1:100.0
@@@@@@@@@@@@@@@@@@@@@@
ACCEPTED from 1
Operation : Type :T Id :2 Origine :3-1 Destination :1-4 Valeur :0.94
@@@@@@@@@@@@@@@@@@@@@@
0-1(d):1:25.983||1-1(d):1:34.322||2-1(d):1:50.994||3-1(c):1:100.0
@@@@@@@@@@@@@@@@@@@@@@
ACCEPTED from 1
Operation : Type :D Id :3 Origine :3-1
@@@@@@@@@@@@@@@@@@@@@@
0-1(d):1:25.983||1-1(d):1:34.322||2-1(d):1:50.994||3-1(d):1:100.0
@@@@@@@@@@@@@@@@@@@@@@
REFUSED from 2
Operation : Type :C Id :0 Origine :6-6
@@@@@@@@@@@@@@@@@@@@@@
0-1(d):1:25.983||1-1(d):1:34.322||2-1(d):1:50.994||3-1(d):1:100.0
@@@@@@@@@@@@@@@@@@@@@@
ACCEPTED from 3
Operation : Type :T Id :2 Origine :0-3 Destination :5-6 Valeur :0.492
@@@@@@@@@@@@@@@@@@@@@@
0-1(d):1:25.983||1-1(d):1:34.322||2-1(d):1:50.994||3-1(d):1:100.0
@@@@@@@@@@@@@@@@@@@@@@
ACCEPTED from 6
Operation : Type :T Id :1 Origine :0-6 Destination :3-6 Valeur :1.056
@@@@@@@@@@@@@@@@@@@@@@
0-1(d):1:25.983||1-1(d):1:34.322||2-1(d):1:50.994||3-1(d):1:100.0
@@@@@@@@@@@@@@@@@@@@@@
ACCEPTED from 3
Operation : Type :D Id :3 Origine :0-3
@@@@@@@@@@@@@@@@@@@@@@
0-1(d):1:25.983||1-1(d):1:34.322||2-1(d):1:50.994||3-1(d):1:100.0
@@@@@@@@@@@@@@@@@@@@@@
REFUSED from 6
Operation : Type :T Id :1 Origine :0-0 Destination :0-2 Valeur :0.17
@@@@@@@@@@@@@@@@@@@@@@
0-1(d):1:25.983||1-1(d):1:34.322||2-1(d):1:50.994||3-1(d):1:100.0
@@@@@@@@@@@@@@@@@@@@@@
ACCEPTED from 2
Operation : Type :T Id :1 Origine :1-4 Destination :1-6 Valeur :0.58
@@@@@@@@@@@@@@@@@@@@@@
0-1(d):1:25.983||1-1(d):1:34.322||2-1(d):1:50.994||3-1(d):1:100.0
@@@@@@@@@@@@@@@@@@@@@@
ACCEPTED from 2
Operation : Type :T Id :1 Origine :0-2 Destination :1-4 Valeur :0.495
@@@@@@@@@@@@@@@@@@@@@@
0-1(d):1:25.983||1-1(d):1:34.322||2-1(d):1:50.994||3-1(d):1:100.0
@@@@@@@@@@@@@@@@@@@@@@
ACCEPTED from 3
Operation : Type :T Id :2 Origine :1-3 Destination :2-6 Valeur :0.792
@@@@@@@@@@@@@@@@@@@@@@
0-1(d):1:25.983||1-1(d):1:34.322||2-1(d):1:50.994||3-1(d):1:100.0
@@@@@@@@@@@@@@@@@@@@@@
ACCEPTED from 3
Operation : Type :D Id :3 Origine :1-3
@@@@@@@@@@@@@@@@@@@@@@
0-1(d):1:25.983||1-1(d):1:34.322||2-1(d):1:50.994||3-1(d):1:100.0
@@@@@@@@@@@@@@@@@@@@@@
ACCEPTED from 2
Operation : Type :T Id :1 Origine :1-2 Destination :1-4 Valeur :0.18
@@@@@@@@@@@@@@@@@@@@@@
0-1(d):1:25.983||1-1(d):1:34.322||2-1(d):1:50.994||3-1(d):1:100.0
@@@@@@@@@@@@@@@@@@@@@@
ACCEPTED from 2
Operation : Type :T Id :1 Origine :1-0 Destination :1-1 Valeur :0.94
@@@@@@@@@@@@@@@@@@@@@@
0-1(d):1:25.983||1-1(d):1:34.322||2-1(d):1:50.994||3-1(d):1:100.0
@@@@@@@@@@@@@@@@@@@@@@
ACCEPTED from 3
Operation : Type :T Id :2 Origine :2-3 Destination :3-0 Valeur :0.612
@@@@@@@@@@@@@@@@@@@@@@
0-1(d):1:25.983||1-1(d):1:34.322||2-1(d):1:50.994||3-1(d):1:100.0
@@@@@@@@@@@@@@@@@@@@@@
REFUSED from 6
Operation : Type :T Id :1 Origine :0-4 Destination :4-6 Valeur :0.92
@@@@@@@@@@@@@@@@@@@@@@
0-1(d):1:25.983||1-1(d):1:34.322||2-1(d):1:50.994||3-1(d):1:100.0
@@@@@@@@@@@@@@@@@@@@@@
REFUSED from 2
Operation : Type :C Id :0 Origine :7-6
@@@@@@@@@@@@@@@@@@@@@@
0-1(d):1:25.983||1-1(d):1:34.322||2-1(d):1:50.994||3-1(d):1:100.0
@@@@@@@@@@@@@@@@@@@@@@
ACCEPTED from 3
Operation : Type :D Id :3 Origine :2-3
@@@@@@@@@@@@@@@@@@@@@@
0-1(d):1:25.983||1-1(d):1:34.322||2-1(d):1:50.994||3-1(d):1:100.0
@@@@@@@@@@@@@@@@@@@@@@
ACCEPTED from 6
Operation : Type :T Id :1 Origine :1-6 Destination :4-6 Valeur :0.389
@@@@@@@@@@@@@@@@@@@@@@
0-1(d):1:25.983||1-1(d):1:34.322||2-1(d):1:50.994||3-1(d):1:100.0
@@@@@@@@@@@@@@@@@@@@@@
REFUSED from 3
Operation : Type :T Id :1 Origine :0-6 Destination :3-6 Valeur :1.056
@@@@@@@@@@@@@@@@@@@@@@
0-1(d):1:25.983||1-1(d):1:34.322||2-1(d):1:50.994||3-1(d):1:100.0
@@@@@@@@@@@@@@@@@@@@@@
ACCEPTED from 2
Operation : Type :T Id :1 Origine :2-0 Destination :0-4 Valeur :0.63
@@@@@@@@@@@@@@@@@@@@@@
0-1(d):1:25.983||1-1(d):1:34.322||2-1(d):1:50.994||3-1(d):1:100.0
@@@@@@@@@@@@@@@@@@@@@@
ACCEPTED from 6
Operation : Type :T Id :1 Origine :2-6 Destination :0-6 Valeur :0.489
@@@@@@@@@@@@@@@@@@@@@@
0-1(d):1:25.983||1-1(d):1:34.322||2-1(d):1:50.994||3-1(d):1:100.0
@@@@@@@@@@@@@@@@@@@@@@
ACCEPTED from 3
Operation : Type :T Id :2 Origine :3-3 Destination :0-6 Valeur :0.72
@@@@@@@@@@@@@@@@@@@@@@
0-1(d):1:25.983||1-1(d):1:34.322||2-1(d):1:50.994||3-1(d):1:100.0
@@@@@@@@@@@@@@@@@@@@@@
REFUSED from 6
Operation : Type :T Id :1 Origine :1-0 Destination :1-1 Valeur :0.94
@@@@@@@@@@@@@@@@@@@@@@
0-1(d):1:25.983||1-1(d):1:34.322||2-1(d):1:50.994||3-1(d):1:100.0
@@@@@@@@@@@@@@@@@@@@@@
ACCEPTED from 2
Operation : Type :T Id :1 Origine :2-4 Destination :1-1 Valeur :0.56
@@@@@@@@@@@@@@@@@@@@@@
0-1(d):1:25.983||1-1(d):1:34.322||2-1(d):1:50.994||3-1(d):1:100.0
@@@@@@@@@@@@@@@@@@@@@@
ACCEPTED from 2
Operation : Type :T Id :1 Origine :3-0 Destination :1-4 Valeur :0.74
@@@@@@@@@@@@@@@@@@@@@@
0-1(d):1:25.983||1-1(d):1:34.322||2-1(d):1:50.994||3-1(d):1:100.0
@@@@@@@@@@@@@@@@@@@@@@
ACCEPTED from 3
Operation : Type :D Id :3 Origine :3-3
@@@@@@@@@@@@@@@@@@@@@@
0-1(d):1:25.983||1-1(d):1:34.322||2-1(d):1:50.994||3-1(d):1:100.0
@@@@@@@@@@@@@@@@@@@@@@
REFUSED from 6
Operation : Type :T Id :1 Origine :1-4 Destination :1-6 Valeur :0.58
@@@@@@@@@@@@@@@@@@@@@@
0-1(d):1:25.983||1-1(d):1:34.322||2-1(d):1:50.994||3-1(d):1:100.0
@@@@@@@@@@@@@@@@@@@@@@
ACCEPTED from 2
Operation : Type :T Id :1 Origine :0-5 Destination :2-5 Valeur :0.38
@@@@@@@@@@@@@@@@@@@@@@
0-1(d):1:25.983||1-1(d):1:34.322||2-1(d):1:50.994||3-1(d):1:100.0
@@@@@@@@@@@@@@@@@@@@@@
ACCEPTED from 3
Operation : Type :T Id :2 Origine :4-3 Destination :3-3 Valeur :1.164
@@@@@@@@@@@@@@@@@@@@@@
0-1(d):1:25.983||1-1(d):1:34.322||2-1(d):1:50.994||3-1(d):1:100.0
@@@@@@@@@@@@@@@@@@@@@@
ACCEPTED from 6
Operation : Type :T Id :1 Origine :3-6 Destination :4-6 Valeur :0.144
@@@@@@@@@@@@@@@@@@@@@@
0-1(d):1:25.983||1-1(d):1:34.322||2-1(d):1:50.994||3-1(d):1:100.0
@@@@@@@@@@@@@@@@@@@@@@
ACCEPTED from 3
Operation : Type :D Id :3 Origine :4-3
@@@@@@@@@@@@@@@@@@@@@@
0-1(d):1:25.983||1-1(d):1:34.322||2-1(d):1:50.994||3-1(d):1:100.0
@@@@@@@@@@@@@@@@@@@@@@
REFUSED from 2
Operation : Type :C Id :0 Origine :8-6
@@@@@@@@@@@@@@@@@@@@@@
0-1(d):1:25.983||1-1(d):1:34.322||2-1(d):1:50.994||3-1(d):1:100.0
@@@@@@@@@@@@@@@@@@@@@@
ACCEPTED from 2
Operation : Type :T Id :1 Origine :1-5 Destination :0-3 Valeur :0.2
@@@@@@@@@@@@@@@@@@@@@@
0-1(d):1:25.983||1-1(d):1:34.322||2-1(d):1:50.994||3-1(d):1:100.0
@@@@@@@@@@@@@@@@@@@@@@
REFUSED from 6
Operation : Type :T Id :1 Origine :2-0 Destination :0-4 Valeur :0.63
@@@@@@@@@@@@@@@@@@@@@@
0-1(d):1:25.983||1-1(d):1:34.322||2-1(d):1:50.994||3-1(d):1:100.0
@@@@@@@@@@@@@@@@@@@@@@
REFUSED from 3
Operation : Type :T Id :1 Origine :1-4 Destination :1-6 Valeur :0.58
@@@@@@@@@@@@@@@@@@@@@@
0-1(d):1:25.983||1-1(d):1:34.322||2-1(d):1:50.994||3-1(d):1:100.0
@@@@@@@@@@@@@@@@@@@@@@
REFUSED from 3
Operation : Type :T Id :1 Origine :0-2 Destination :1-4 Valeur :0.495
@@@@@@@@@@@@@@@@@@@@@@
0-1(d):1:25.983||1-1(d):1:34.322||2-1(d):1:50.994||3-1(d):1:100.0
@@@@@@@@@@@@@@@@@@@@@@
REFUSED from 2
Operation : Type :T Id :1 Origine :0-3 Destination :1-0 Valeur :0.76
@@@@@@@@@@@@@@@@@@@@@@
0-1(d):1:25.983||1-1(d):1:34.322||2-1(d):1:50.994||3-1(d):1:100.0
@@@@@@@@@@@@@@@@@@@@@@
REFUSED from 6
Operation : Type :T Id :1 Origine :0-5 Destination :2-5 Valeur :0.38
@@@@@@@@@@@@@@@@@@@@@@
0-1(d):1:25.983||1-1(d):1:34.322||2-1(d):1:50.994||3-1(d):1:100.0
@@@@@@@@@@@@@@@@@@@@@@
ACCEPTED from 2
Operation : Type :T Id :1 Origine :2-5 Destination :2-0 Valeur :0.72
@@@@@@@@@@@@@@@@@@@@@@
0-1(d):1:25.983||1-1(d):1:34.322||2-1(d):1:50.994||3-1(d):1:100.0
@@@@@@@@@@@@@@@@@@@@@@
REFUSED from 2
Bloc Chain :
Creator : 0
Depth : 2
Hash : e0e635ca4519df111246435da10de0f5f721f95f9810000057cde07d9d9eace2656331eda1a451b6da63e1f3b800d90b364c9e2056925b25cedab68c1d320f91
Nonce : 51:225:252:203:95:25:51:134:47:184:87:232:91:124:104:57:20:36:232:24:116:149:254:225:163:8:89:20:153:188:111:210:
Number of Operations : 16
Type :C Id :0 Origine :1-6
Type :C Id :0 Origine :2-6
Type :C Id :0 Origine :3-6
Type :C Id :0 Origine :4-6
Type :C Id :0 Origine :5-6
Type :T Id :1 Origine :0-0 Destination :0-2 Valeur :0.17
Type :C Id :0 Origine :6-6
Type :T Id :1 Origine :1-0 Destination :1-1 Valeur :0.94
Type :C Id :0 Origine :1-3
Type :T Id :1 Origine :2-0 Destination :0-4 Valeur :0.63
Type :C Id :0 Origine :7-6
Type :C Id :0 Origine :2-3
Type :T Id :1 Origine :3-0 Destination :1-4 Valeur :0.74
Type :C Id :0 Origine :2-5
Type :C Id :0 Origine :3-3
Type :C Id :0 Origine :8-6
--------------------------
Creator : 2
Depth : 1
Hash : 080f4978e1c1bf8828dc43fffff8d349e9523e2426bf090dc2786df2e9066e4000006be8b8b42b32da0566831fd6528280ae6ab293aaae82b57d6826c66c0ad6
Nonce : 160:136:67:211:136:104:193:155:87:250:203:152:34:205:148:12:238:4:202:224:66:199:151:69:198:216:7:4:121:52:165:142:
Number of Operations : 17
Type :C Id :0 Origine :0-4
Type :C Id :0 Origine :0-0
Type :C Id :0 Origine :0-1
Type :C Id :0 Origine :1-0
Type :C Id :0 Origine :0-2
Type :C Id :0 Origine :1-2
Type :C Id :0 Origine :2-0
Type :C Id :0 Origine :1-1
Type :C Id :0 Origine :0-6
Type :C Id :0 Origine :1-4
Type :C Id :0 Origine :2-1
Type :C Id :0 Origine :3-0
Type :C Id :0 Origine :2-4
Type :C Id :0 Origine :3-1
Type :C Id :0 Origine :0-3
Type :C Id :0 Origine :0-5
Type :C Id :0 Origine :1-5
--------------------------
Creator : 2
Depth : 0
Hash : 
Nonce : 
Number of Operations : 0
--------------------------

@@@@@@@@@@@@@@@@@@@@@@
0-1(d):1:25.983||1-1(d):1:34.322||2-1(d):1:50.994||3-1(d):1:100.0
@@@@@@@@@@@@@@@@@@@@@@
REFUSED from 3
Operation : Type :T Id :1 Origine :1-2 Destination :1-4 Valeur :0.18
@@@@@@@@@@@@@@@@@@@@@@
0-1(d):1:25.983||1-1(d):1:34.322||2-1(d):1:50.994||3-1(d):1:100.0
@@@@@@@@@@@@@@@@@@@@@@
ACCEPTED from 6
Operation : Type :T Id :1 Origine :4-6 Destination :1-0 Valeur :0.433
@@@@@@@@@@@@@@@@@@@@@@
0-1(d):1:25.983||1-1(d):1:34.322||2-1(d):1:50.994||3-1(d):1:100.0
@@@@@@@@@@@@@@@@@@@@@@
REFUSED from 2
Operation : Type :T Id :1 Origine :1-3 Destination :3-6 Valeur :0.36
@@@@@@@@@@@@@@@@@@@@@@
0-1(d):1:25.983||1-1(d):1:34.322||2-1(d):1:50.994||3-1(d):1:100.0
@@@@@@@@@@@@@@@@@@@@@@
REFUSED from 6
Operation : Type :T Id :1 Origine :1-5 Destination :0-3 Valeur :0.2
@@@@@@@@@@@@@@@@@@@@@@
0-1(d):1:25.983||1-1(d):1:34.322||2-1(d):1:50.994||3-1(d):1:100.0
@@@@@@@@@@@@@@@@@@@@@@
REFUSED from 3
Operation : Type :T Id :1 Origine :1-0 Destination :1-1 Valeur :0.94
@@@@@@@@@@@@@@@@@@@@@@
0-1(d):1:25.983||1-1(d):1:34.322||2-1(d):1:50.994||3-1(d):1:100.0
@@@@@@@@@@@@@@@@@@@@@@
REFUSED from 6
Operation : Type :T Id :1 Origine :2-4 Destination :1-1 Valeur :0.56
@@@@@@@@@@@@@@@@@@@@@@
0-1(d):1:25.983||1-1(d):1:34.322||2-1(d):1:50.994||3-1(d):1:100.0
@@@@@@@@@@@@@@@@@@@@@@
REFUSED from 3
Operation : Type :T Id :1 Origine :1-6 Destination :4-6 Valeur :0.389
@@@@@@@@@@@@@@@@@@@@@@
0-1(d):1:25.983||1-1(d):1:34.322||2-1(d):1:50.994||3-1(d):1:100.0
@@@@@@@@@@@@@@@@@@@@@@
REFUSED from 2
Operation : Type :T Id :1 Origine :2-3 Destination :0-3 Valeur :0.27
@@@@@@@@@@@@@@@@@@@@@@
0-1(d):1:25.983||1-1(d):1:34.322||2-1(d):1:50.994||3-1(d):1:100.0
@@@@@@@@@@@@@@@@@@@@@@
ACCEPTED from 6
Operation : Type :T Id :1 Origine :5-6 Destination :1-4 Valeur :0.133
@@@@@@@@@@@@@@@@@@@@@@
0-1(d):1:25.983||1-1(d):1:34.322||2-1(d):1:50.994||3-1(d):1:100.0
@@@@@@@@@@@@@@@@@@@@@@
REFUSED from 3
Operation : Type :T Id :1 Origine :2-6 Destination :0-6 Valeur :0.489
@@@@@@@@@@@@@@@@@@@@@@
0-1(d):1:25.983||1-1(d):1:34.322||2-1(d):1:50.994||3-1(d):1:100.0
@@@@@@@@@@@@@@@@@@@@@@
REFUSED from 6
Operation : Type :T Id :1 Origine :2-5 Destination :2-0 Valeur :0.72
@@@@@@@@@@@@@@@@@@@@@@
0-1(d):1:25.983||1-1(d):1:34.322||2-1(d):1:50.994||3-1(d):1:100.0
@@@@@@@@@@@@@@@@@@@@@@
REFUSED from 3
Operation : Type :T Id :1 Origine :2-0 Destination :0-4 Valeur :0.63
@@@@@@@@@@@@@@@@@@@@@@
0-1(d):1:25.983||1-1(d):1:34.322||2-1(d):1:50.994||3-1(d):1:100.0
@@@@@@@@@@@@@@@@@@@@@@
REFUSED from 3
Operation : Type :T Id :1 Origine :2-4 Destination :1-1 Valeur :0.56
@@@@@@@@@@@@@@@@@@@@@@
0-1(d):1:25.983||1-1(d):1:34.322||2-1(d):1:50.994||3-1(d):1:100.0
@@@@@@@@@@@@@@@@@@@@@@
REFUSED from 6
Operation : Type :T Id :1 Origine :3-0 Destination :1-4 Valeur :0.74
@@@@@@@@@@@@@@@@@@@@@@
0-1(d):1:25.983||1-1(d):1:34.322||2-1(d):1:50.994||3-1(d):1:100.0
@@@@@@@@@@@@@@@@@@@@@@
REFUSED from 3
Operation : Type :T Id :1 Origine :3-0 Destination :1-4 Valeur :0.74
@@@@@@@@@@@@@@@@@@@@@@
0-1(d):1:25.983||1-1(d):1:34.322||2-1(d):1:50.994||3-1(d):1:100.0
@@@@@@@@@@@@@@@@@@@@@@
REFUSED from 3
Operation : Type :T Id :1 Origine :0-5 Destination :2-5 Valeur :0.38
@@@@@@@@@@@@@@@@@@@@@@
0-1(d):1:25.983||1-1(d):1:34.322||2-1(d):1:50.994||3-1(d):1:100.0
@@@@@@@@@@@@@@@@@@@@@@
REFUSED from 3
Operation : Type :T Id :1 Origine :3-6 Destination :4-6 Valeur :0.144
@@@@@@@@@@@@@@@@@@@@@@
0-1(d):1:25.983||1-1(d):1:34.322||2-1(d):1:50.994||3-1(d):1:100.0
@@@@@@@@@@@@@@@@@@@@@@
REFUSED from 2
Operation : Type :T Id :1 Origine :3-3 Destination :0-3 Valeur :0.45
@@@@@@@@@@@@@@@@@@@@@@
0-1(d):1:25.983||1-1(d):1:34.322||2-1(d):1:50.994||3-1(d):1:100.0
@@@@@@@@@@@@@@@@@@@@@@
ACCEPTED from 2
Bloc Chain :
Creator : 0
Depth : 3
Hash : 2d6367c22b65bab2950e5be8a5beb8d62059e11000002fe189dc24b77544e64258f7aa6c344529b986ea6ef777666858c4347954232292a5a65f88e8c9fe43fb
Nonce : 192:46:197:226:143:96:114:178:48:182:38:248:168:55:70:180:196:189:158:197:216:254:167:22:29:35:3:133:61:186:172:97:
Number of Operations : 1
Type :C Id :0 Origine :4-3
--------------------------
Creator : 0
Depth : 2
Hash : e0e635ca4519df111246435da10de0f5f721f95f9810000057cde07d9d9eace2656331eda1a451b6da63e1f3b800d90b364c9e2056925b25cedab68c1d320f91
Nonce : 51:225:252:203:95:25:51:134:47:184:87:232:91:124:104:57:20:36:232:24:116:149:254:225:163:8:89:20:153:188:111:210:
Number of Operations : 16
Type :C Id :0 Origine :1-6
Type :C Id :0 Origine :2-6
Type :C Id :0 Origine :3-6
Type :C Id :0 Origine :4-6
Type :C Id :0 Origine :5-6
Type :T Id :1 Origine :0-0 Destination :0-2 Valeur :0.17
Type :C Id :0 Origine :6-6
Type :T Id :1 Origine :1-0 Destination :1-1 Valeur :0.94
Type :C Id :0 Origine :1-3
Type :T Id :1 Origine :2-0 Destination :0-4 Valeur :0.63
Type :C Id :0 Origine :7-6
Type :C Id :0 Origine :2-3
Type :T Id :1 Origine :3-0 Destination :1-4 Valeur :0.74
Type :C Id :0 Origine :2-5
Type :C Id :0 Origine :3-3
Type :C Id :0 Origine :8-6
--------------------------
Creator : 2
Depth : 1
Hash : 080f4978e1c1bf8828dc43fffff8d349e9523e2426bf090dc2786df2e9066e4000006be8b8b42b32da0566831fd6528280ae6ab293aaae82b57d6826c66c0ad6
Nonce : 160:136:67:211:136:104:193:155:87:250:203:152:34:205:148:12:238:4:202:224:66:199:151:69:198:216:7:4:121:52:165:142:
Number of Operations : 17
Type :C Id :0 Origine :0-4
Type :C Id :0 Origine :0-0
Type :C Id :0 Origine :0-1
Type :C Id :0 Origine :1-0
Type :C Id :0 Origine :0-2
Type :C Id :0 Origine :1-2
Type :C Id :0 Origine :2-0
Type :C Id :0 Origine :1-1
Type :C Id :0 Origine :0-6
Type :C Id :0 Origine :1-4
Type :C Id :0 Origine :2-1
Type :C Id :0 Origine :3-0
Type :C Id :0 Origine :2-4
Type :C Id :0 Origine :3-1
Type :C Id :0 Origine :0-3
Type :C Id :0 Origine :0-5
Type :C Id :0 Origine :1-5
--------------------------
Creator : 2
Depth : 0
Hash : 
Nonce : 
Number of Operations : 0
--------------------------

@@@@@@@@@@@@@@@@@@@@@@
0-1(d):1:25.983||1-1(d):1:34.322||2-1(d):1:50.994||3-1(d):1:100.0
@@@@@@@@@@@@@@@@@@@@@@
REFUSED from 3
Operation : Type :T Id :1 Origine :1-5 Destination :0-3 Valeur :0.2
@@@@@@@@@@@@@@@@@@@@@@
0-1(d):1:25.983||1-1(d):1:34.322||2-1(d):1:50.994||3-1(d):1:100.0
@@@@@@@@@@@@@@@@@@@@@@
ACCEPTED from 6
Operation : Type :T Id :1 Origine :6-6 Destination :0-4 Valeur :0.367
@@@@@@@@@@@@@@@@@@@@@@
0-1(d):1:25.983||1-1(d):1:34.322||2-1(d):1:50.994||3-1(d):1:100.0
@@@@@@@@@@@@@@@@@@@@@@
REFUSED from 3
Operation : Type :T Id :1 Origine :2-5 Destination :2-0 Valeur :0.72
@@@@@@@@@@@@@@@@@@@@@@
0-1(d):1:25.983||1-1(d):1:34.322||2-1(d):1:50.994||3-1(d):1:100.0
@@@@@@@@@@@@@@@@@@@@@@
ACCEPTED from 6
Operation : Type :T Id :1 Origine :7-6 Destination :2-0 Valeur :0.222
@@@@@@@@@@@@@@@@@@@@@@
0-1(d):1:25.983||1-1(d):1:34.322||2-1(d):1:50.994||3-1(d):1:100.0
@@@@@@@@@@@@@@@@@@@@@@
REFUSED from 3
Operation : Type :T Id :1 Origine :4-6 Destination :1-0 Valeur :0.433
@@@@@@@@@@@@@@@@@@@@@@
0-1(d):1:25.983||1-1(d):1:34.322||2-1(d):1:50.994||3-1(d):1:100.0
@@@@@@@@@@@@@@@@@@@@@@
ACCEPTED from 2
Operation : Type :T Id :1 Origine :4-3 Destination :3-1 Valeur :0.89
@@@@@@@@@@@@@@@@@@@@@@
0-1(d):1:25.983||1-1(d):1:34.322||2-1(d):1:50.994||3-1(d):1:100.0
@@@@@@@@@@@@@@@@@@@@@@
REFUSED from 3
Operation : Type :T Id :1 Origine :5-6 Destination :1-4 Valeur :0.133
@@@@@@@@@@@@@@@@@@@@@@
0-1(d):1:25.983||1-1(d):1:34.322||2-1(d):1:50.994||3-1(d):1:100.0
@@@@@@@@@@@@@@@@@@@@@@
ACCEPTED from 2
Operation : Type :T Id :2 Origine :0-4 Destination :8-6 Valeur :0.64
@@@@@@@@@@@@@@@@@@@@@@
0-1(d):1:25.983||1-1(d):1:34.322||2-1(d):1:50.994||3-1(d):1:100.0
@@@@@@@@@@@@@@@@@@@@@@
REFUSED from 3
Bloc Chain :
Creator : 0
Depth : 3
Hash : 2d6367c22b65bab2950e5be8a5beb8d62059e11000002fe189dc24b77544e64258f7aa6c344529b986ea6ef777666858c4347954232292a5a65f88e8c9fe43fb
Nonce : 192:46:197:226:143:96:114:178:48:182:38:248:168:55:70:180:196:189:158:197:216:254:167:22:29:35:3:133:61:186:172:97:
Number of Operations : 1
Type :C Id :0 Origine :4-3
--------------------------
Creator : 0
Depth : 2
Hash : e0e635ca4519df111246435da10de0f5f721f95f9810000057cde07d9d9eace2656331eda1a451b6da63e1f3b800d90b364c9e2056925b25cedab68c1d320f91
Nonce : 51:225:252:203:95:25:51:134:47:184:87:232:91:124:104:57:20:36:232:24:116:149:254:225:163:8:89:20:153:188:111:210:
Number of Operations : 16
Type :C Id :0 Origine :1-6
Type :C Id :0 Origine :2-6
Type :C Id :0 Origine :3-6
Type :C Id :0 Origine :4-6
Type :C Id :0 Origine :5-6
Type :T Id :1 Origine :0-0 Destination :0-2 Valeur :0.17
Type :C Id :0 Origine :6-6
Type :T Id :1 Origine :1-0 Destination :1-1 Valeur :0.94
Type :C Id :0 Origine :1-3
Type :T Id :1 Origine :2-0 Destination :0-4 Valeur :0.63
Type :C Id :0 Origine :7-6
Type :C Id :0 Origine :2-3
Type :T Id :1 Origine :3-0 Destination :1-4 Valeur :0.74
Type :C Id :0 Origine :2-5
Type :C Id :0 Origine :3-3
Type :C Id :0 Origine :8-6
--------------------------
Creator : 2
Depth : 1
Hash : 080f4978e1c1bf8828dc43fffff8d349e9523e2426bf090dc2786df2e9066e4000006be8b8b42b32da0566831fd6528280ae6ab293aaae82b57d6826c66c0ad6
Nonce : 160:136:67:211:136:104:193:155:87:250:203:152:34:205:148:12:238:4:202:224:66:199:151:69:198:216:7:4:121:52:165:142:
Number of Operations : 17
Type :C Id :0 Origine :0-4
Type :C Id :0 Origine :0-0
Type :C Id :0 Origine :0-1
Type :C Id :0 Origine :1-0
Type :C Id :0 Origine :0-2
Type :C Id :0 Origine :1-2
Type :C Id :0 Origine :2-0
Type :C Id :0 Origine :1-1
Type :C Id :0 Origine :0-6
Type :C Id :0 Origine :1-4
Type :C Id :0 Origine :2-1
Type :C Id :0 Origine :3-0
Type :C Id :0 Origine :2-4
Type :C Id :0 Origine :3-1
Type :C Id :0 Origine :0-3
Type :C Id :0 Origine :0-5
Type :C Id :0 Origine :1-5
--------------------------
Creator : 2
Depth : 0
Hash : 
Nonce : 
Number of Operations : 0
--------------------------

@@@@@@@@@@@@@@@@@@@@@@
0-1(d):1:25.983||1-1(d):1:34.322||2-1(d):1:50.994||3-1(d):1:100.0
@@@@@@@@@@@@@@@@@@@@@@
ACCEPTED from 6
Operation : Type :T Id :1 Origine :8-6 Destination :2-6 Valeur :0.078
@@@@@@@@@@@@@@@@@@@@@@
0-1(d):1:25.983||1-1(d):1:34.322||2-1(d):1:50.994||3-1(d):1:100.0
@@@@@@@@@@@@@@@@@@@@@@
REFUSED from 3
Operation : Type :T Id :1 Origine :6-6 Destination :0-4 Valeur :0.367
@@@@@@@@@@@@@@@@@@@@@@
0-1(d):1:25.983||1-1(d):1:34.322||2-1(d):1:50.994||3-1(d):1:100.0
@@@@@@@@@@@@@@@@@@@@@@
ACCEPTED from 2
Operation : Type :T Id :2 Origine :0-0 Destination :0-1 Valeur :0.39
@@@@@@@@@@@@@@@@@@@@@@
0-1(d):1:25.983||1-1(d):1:34.322||2-1(d):1:50.994||3-1(d):1:100.0
@@@@@@@@@@@@@@@@@@@@@@
ACCEPTED from 6
Operation : Type :T Id :1 Origine :0-3 Destination :1-0 Valeur :0.76
@@@@@@@@@@@@@@@@@@@@@@
0-1(d):1:25.983||1-1(d):1:34.322||2-1(d):1:50.994||3-1(d):1:100.0
@@@@@@@@@@@@@@@@@@@@@@
ACCEPTED from 2
Operation : Type :T Id :2 Origine :0-2 Destination :1-4 Valeur :1.455
@@@@@@@@@@@@@@@@@@@@@@
0-1(d):1:25.983||1-1(d):1:34.322||2-1(d):1:50.994||3-1(d):1:100.0
@@@@@@@@@@@@@@@@@@@@@@
REFUSED from 3
Operation : Type :T Id :1 Origine :7-6 Destination :2-0 Valeur :0.222
@@@@@@@@@@@@@@@@@@@@@@
0-1(d):1:25.983||1-1(d):1:34.322||2-1(d):1:50.994||3-1(d):1:100.0
@@@@@@@@@@@@@@@@@@@@@@
REFUSED from 6
Bloc Chain :
Creator : 0
Depth : 2
Hash : e0e635ca4519df111246435da10de0f5f721f95f9810000057cde07d9d9eace2656331eda1a451b6da63e1f3b800d90b364c9e2056925b25cedab68c1d320f91
Nonce : 51:225:252:203:95:25:51:134:47:184:87:232:91:124:104:57:20:36:232:24:116:149:254:225:163:8:89:20:153:188:111:210:
Number of Operations : 16
Type :C Id :0 Origine :1-6
Type :C Id :0 Origine :2-6
Type :C Id :0 Origine :3-6
Type :C Id :0 Origine :4-6
Type :C Id :0 Origine :5-6
Type :T Id :1 Origine :0-0 Destination :0-2 Valeur :0.17
Type :C Id :0 Origine :6-6
Type :T Id :1 Origine :1-0 Destination :1-1 Valeur :0.94
Type :C Id :0 Origine :1-3
Type :T Id :1 Origine :2-0 Destination :0-4 Valeur :0.63
Type :C Id :0 Origine :7-6
Type :C Id :0 Origine :2-3
Type :T Id :1 Origine :3-0 Destination :1-4 Valeur :0.74
Type :C Id :0 Origine :2-5
Type :C Id :0 Origine :3-3
Type :C Id :0 Origine :8-6
--------------------------
Creator : 2
Depth : 1
Hash : 080f4978e1c1bf8828dc43fffff8d349e9523e2426bf090dc2786df2e9066e4000006be8b8b42b32da0566831fd6528280ae6ab293aaae82b57d6826c66c0ad6
Nonce : 160:136:67:211:136:104:193:155:87:250:203:152:34:205:148:12:238:4:202:224:66:199:151:69:198:216:7:4:121:52:165:142:
Number of Operations : 17
Type :C Id :0 Origine :0-4
Type :C Id :0 Origine :0-0
Type :C Id :0 Origine :0-1
Type :C Id :0 Origine :1-0
Type :C Id :0 Origine :0-2
Type :C Id :0 Origine :1-2
Type :C Id :0 Origine :2-0
Type :C Id :0 Origine :1-1
Type :C Id :0 Origine :0-6
Type :C Id :0 Origine :1-4
Type :C Id :0 Origine :2-1
Type :C Id :0 Origine :3-0
Type :C Id :0 Origine :2-4
Type :C Id :0 Origine :3-1
Type :C Id :0 Origine :0-3
Type :C Id :0 Origine :0-5
Type :C Id :0 Origine :1-5
--------------------------
Creator : 2
Depth : 0
Hash : 
Nonce : 
Number of Operations : 0
--------------------------

@@@@@@@@@@@@@@@@@@@@@@
0-1(d):1:25.983||1-1(d):1:34.322||2-1(d):1:50.994||3-1(d):1:100.0
@@@@@@@@@@@@@@@@@@@@@@
ACCEPTED from 3
Operation : Type :T Id :1 Origine :2-1 Destination :1-0 Valeur :0.08
@@@@@@@@@@@@@@@@@@@@@@
0-1(d):1:25.983||1-1(d):1:34.322||2-1(d):1:50.994||3-1(d):1:100.0
@@@@@@@@@@@@@@@@@@@@@@
ACCEPTED from 2
Operation : Type :D Id :3 Origine :0-2
@@@@@@@@@@@@@@@@@@@@@@
0-1(d):1:25.983||1-1(d):1:34.322||2-1(d):1:50.994||3-1(d):1:100.0
@@@@@@@@@@@@@@@@@@@@@@
ACCEPTED from 6
Operation : Type :T Id :1 Origine :1-3 Destination :3-6 Valeur :0.36
@@@@@@@@@@@@@@@@@@@@@@
0-1(d):1:25.983||1-1(d):1:34.322||2-1(d):1:50.994||3-1(d):1:100.0
@@@@@@@@@@@@@@@@@@@@@@
REFUSED from 3
Operation : Type :T Id :2 Origine :0-4 Destination :8-6 Valeur :0.64
@@@@@@@@@@@@@@@@@@@@@@
0-1(d):1:25.983||1-1(d):1:34.322||2-1(d):1:50.994||3-1(d):1:100.0
@@@@@@@@@@@@@@@@@@@@@@
REFUSED from 3
Operation : Type :T Id :1 Origine :8-6 Destination :2-6 Valeur :0.078
@@@@@@@@@@@@@@@@@@@@@@
0-1(d):1:25.983||1-1(d):1:34.322||2-1(d):1:50.994||3-1(d):1:100.0
@@@@@@@@@@@@@@@@@@@@@@
REFUSED from 6
Operation : Type :C Id :0 Origine :4-3
@@@@@@@@@@@@@@@@@@@@@@
0-1(d):1:25.983||1-1(d):1:34.322||2-1(d):1:50.994||3-1(d):1:100.0
@@@@@@@@@@@@@@@@@@@@@@
REFUSED from 3
Operation : Type :T Id :2 Origine :0-0 Destination :0-1 Valeur :0.39
@@@@@@@@@@@@@@@@@@@@@@
0-1(d):1:25.983||1-1(d):1:34.322||2-1(d):1:50.994||3-1(d):1:100.0
@@@@@@@@@@@@@@@@@@@@@@
ACCEPTED from 2
Operation : Type :T Id :2 Origine :1-2 Destination :3-6 Valeur :1.425
@@@@@@@@@@@@@@@@@@@@@@
0-1(d):1:25.983||1-1(d):1:34.322||2-1(d):1:50.994||3-1(d):1:100.0
@@@@@@@@@@@@@@@@@@@@@@
ACCEPTED from 3
Operation : Type :T Id :1 Origine :3-1 Destination :1-2 Valeur :0.9
@@@@@@@@@@@@@@@@@@@@@@
0-1(d):1:25.983||1-1(d):1:34.322||2-1(d):1:50.994||3-1(d):1:100.0
@@@@@@@@@@@@@@@@@@@@@@
REFUSED from 3
Operation : Type :T Id :2 Origine :0-2 Destination :1-4 Valeur :1.455
@@@@@@@@@@@@@@@@@@@@@@
0-1(d):1:25.983||1-1(d):1:34.322||2-1(d):1:50.994||3-1(d):1:100.0
@@@@@@@@@@@@@@@@@@@@@@
ACCEPTED from 6
Operation : Type :T Id :1 Origine :2-3 Destination :0-3 Valeur :0.27
@@@@@@@@@@@@@@@@@@@@@@
0-1(d):1:25.983||1-1(d):1:34.322||2-1(d):1:50.994||3-1(d):1:100.0
@@@@@@@@@@@@@@@@@@@@@@
ACCEPTED from 2
Operation : Type :D Id :3 Origine :1-2
@@@@@@@@@@@@@@@@@@@@@@
0-1(d):1:25.983||1-1(d):1:34.322||2-1(d):1:50.994||3-1(d):1:100.0
@@@@@@@@@@@@@@@@@@@@@@
REFUSED from 3
Operation : Type :D Id :3 Origine :0-2
@@@@@@@@@@@@@@@@@@@@@@
0-1(d):1:25.983||1-1(d):1:34.322||2-1(d):1:50.994||3-1(d):1:100.0
@@@@@@@@@@@@@@@@@@@@@@
REFUSED from 6
Operation : Type :C Id :0 Origine :4-3
@@@@@@@@@@@@@@@@@@@@@@
0-1(d):1:25.983||1-1(d):1:34.322||2-1(d):1:50.994||3-1(d):1:100.0
@@@@@@@@@@@@@@@@@@@@@@
REFUSED from 3
Operation : Type :T Id :2 Origine :1-2 Destination :3-6 Valeur :1.425
@@@@@@@@@@@@@@@@@@@@@@
0-1(d):1:25.983||1-1(d):1:34.322||2-1(d):1:50.994||3-1(d):1:100.0
@@@@@@@@@@@@@@@@@@@@@@
ACCEPTED from 2
Operation : Type :D Id :3 Origine :0-4
@@@@@@@@@@@@@@@@@@@@@@
0-1(d):1:25.983||1-1(d):1:34.322||2-1(d):1:50.994||3-1(d):1:100.0
@@@@@@@@@@@@@@@@@@@@@@
REFUSED from 6
Operation : Type :C Id :0 Origine :4-3
@@@@@@@@@@@@@@@@@@@@@@
0-1(d):1:25.983||1-1(d):1:34.322||2-1(d):1:50.994||3-1(d):1:100.0
@@@@@@@@@@@@@@@@@@@@@@
REFUSED from 3
Operation : Type :D Id :3 Origine :1-2
@@@@@@@@@@@@@@@@@@@@@@
0-1(d):1:25.983||1-1(d):1:34.322||2-1(d):1:50.994||3-1(d):1:100.0
@@@@@@@@@@@@@@@@@@@@@@
ACCEPTED from 2
Operation : Type :D Id :3 Origine :0-0
@@@@@@@@@@@@@@@@@@@@@@
0-1(d):1:25.983||1-1(d):1:34.322||2-1(d):1:50.994||3-1(d):1:100.0
@@@@@@@@@@@@@@@@@@@@@@
REFUSED from 3
Operation : Type :D Id :3 Origine :0-4
@@@@@@@@@@@@@@@@@@@@@@
0-1(d):1:25.983||1-1(d):1:34.322||2-1(d):1:50.994||3-1(d):1:100.0
@@@@@@@@@@@@@@@@@@@@@@
REFUSED from 6
Operation : Type :C Id :0 Origine :4-3
@@@@@@@@@@@@@@@@@@@@@@
0-1(d):1:25.983||1-1(d):1:34.322||2-1(d):1:50.994||3-1(d):1:100.0
@@@@@@@@@@@@@@@@@@@@@@
REFUSED from 2
Operation : Type :T Id :2 Origine :0-3 Destination :5-6 Valeur :0.492
@@@@@@@@@@@@@@@@@@@@@@
0-1(d):1:25.983||1-1(d):1:34.322||2-1(d):1:50.994||3-1(d):1:100.0
@@@@@@@@@@@@@@@@@@@@@@
REFUSED from 2
Operation : Type :T Id :1 Origine :0-6 Destination :3-6 Valeur :1.056
@@@@@@@@@@@@@@@@@@@@@@
0-1(d):1:25.983||1-1(d):1:34.322||2-1(d):1:50.994||3-1(d):1:100.0
@@@@@@@@@@@@@@@@@@@@@@
REFUSED from 3
Operation : Type :D Id :3 Origine :0-0
@@@@@@@@@@@@@@@@@@@@@@
0-1(d):1:25.983||1-1(d):1:34.322||2-1(d):1:50.994||3-1(d):1:100.0
@@@@@@@@@@@@@@@@@@@@@@
ACCEPTED from 6
Operation : Type :T Id :1 Origine :3-3 Destination :0-3 Valeur :0.45
@@@@@@@@@@@@@@@@@@@@@@
0-1(d):1:25.983||1-1(d):1:34.322||2-1(d):1:50.994||3-1(d):1:100.0
@@@@@@@@@@@@@@@@@@@@@@
ACCEPTED from 2
Operation : Type :T Id :2 Origine :1-4 Destination :7-6 Valeur :0.48
@@@@@@@@@@@@@@@@@@@@@@
0-1(d):1:25.983||1-1(d):1:34.322||2-1(d):1:50.994||3-1(d):1:100.0
@@@@@@@@@@@@@@@@@@@@@@
ACCEPTED from 2
Operation : Type :T Id :2 Origine :1-0 Destination :2-4 Valeur :0.045
@@@@@@@@@@@@@@@@@@@@@@
0-1(d):1:25.983||1-1(d):1:34.322||2-1(d):1:50.994||3-1(d):1:100.0
@@@@@@@@@@@@@@@@@@@@@@
REFUSED from 3
Operation : Type :T Id :2 Origine :1-4 Destination :7-6 Valeur :0.48
@@@@@@@@@@@@@@@@@@@@@@
0-1(d):1:25.983||1-1(d):1:34.322||2-1(d):1:50.994||3-1(d):1:100.0
@@@@@@@@@@@@@@@@@@@@@@
REFUSED from 6
Bloc Chain :
Creator : 0
Depth : 3
Hash : 2d6367c22b65bab2950e5be8a5beb8d62059e11000002fe189dc24b77544e64258f7aa6c344529b986ea6ef777666858c4347954232292a5a65f88e8c9fe43fb
Nonce : 192:46:197:226:143:96:114:178:48:182:38:248:168:55:70:180:196:189:158:197:216:254:167:22:29:35:3:133:61:186:172:97:
Number of Operations : 1
Type :C Id :0 Origine :4-3
--------------------------
Creator : 0
Depth : 2
Hash : e0e635ca4519df111246435da10de0f5f721f95f9810000057cde07d9d9eace2656331eda1a451b6da63e1f3b800d90b364c9e2056925b25cedab68c1d320f91
Nonce : 51:225:252:203:95:25:51:134:47:184:87:232:91:124:104:57:20:36:232:24:116:149:254:225:163:8:89:20:153:188:111:210:
Number of Operations : 16
Type :C Id :0 Origine :1-6
Type :C Id :0 Origine :2-6
Type :C Id :0 Origine :3-6
Type :C Id :0 Origine :4-6
Type :C Id :0 Origine :5-6
Type :T Id :1 Origine :0-0 Destination :0-2 Valeur :0.17
Type :C Id :0 Origine :6-6
Type :T Id :1 Origine :1-0 Destination :1-1 Valeur :0.94
Type :C Id :0 Origine :1-3
Type :T Id :1 Origine :2-0 Destination :0-4 Valeur :0.63
Type :C Id :0 Origine :7-6
Type :C Id :0 Origine :2-3
Type :T Id :1 Origine :3-0 Destination :1-4 Valeur :0.74
Type :C Id :0 Origine :2-5
Type :C Id :0 Origine :3-3
Type :C Id :0 Origine :8-6
--------------------------
Creator : 2
Depth : 1
Hash : 080f4978e1c1bf8828dc43fffff8d349e9523e2426bf090dc2786df2e9066e4000006be8b8b42b32da0566831fd6528280ae6ab293aaae82b57d6826c66c0ad6
Nonce : 160:136:67:211:136:104:193:155:87:250:203:152:34:205:148:12:238:4:202:224:66:199:151:69:198:216:7:4:121:52:165:142:
Number of Operations : 17
Type :C Id :0 Origine :0-4
Type :C Id :0 Origine :0-0
Type :C Id :0 Origine :0-1
Type :C Id :0 Origine :1-0
Type :C Id :0 Origine :0-2
Type :C Id :0 Origine :1-2
Type :C Id :0 Origine :2-0
Type :C Id :0 Origine :1-1
Type :C Id :0 Origine :0-6
Type :C Id :0 Origine :1-4
Type :C Id :0 Origine :2-1
Type :C Id :0 Origine :3-0
Type :C Id :0 Origine :2-4
Type :C Id :0 Origine :3-1
Type :C Id :0 Origine :0-3
Type :C Id :0 Origine :0-5
Type :C Id :0 Origine :1-5
--------------------------
Creator : 2
Depth : 0
Hash : 
Nonce : 
Number of Operations : 0
--------------------------

@@@@@@@@@@@@@@@@@@@@@@
0-1(d):1:25.983||1-1(d):1:34.322||2-1(d):1:50.994||3-1(d):1:100.0
@@@@@@@@@@@@@@@@@@@@@@
REFUSED from 2
Operation : Type :D Id :3 Origine :0-3
@@@@@@@@@@@@@@@@@@@@@@
0-1(d):1:25.983||1-1(d):1:34.322||2-1(d):1:50.994||3-1(d):1:100.0
@@@@@@@@@@@@@@@@@@@@@@
REFUSED from 3
Operation : Type :T Id :2 Origine :1-0 Destination :2-4 Valeur :0.045
@@@@@@@@@@@@@@@@@@@@@@
0-1(d):1:25.983||1-1(d):1:34.322||2-1(d):1:50.994||3-1(d):1:100.0
@@@@@@@@@@@@@@@@@@@@@@
ACCEPTED from 2
Operation : Type :D Id :3 Origine :1-0
@@@@@@@@@@@@@@@@@@@@@@
0-1(d):1:25.983||1-1(d):1:34.322||2-1(d):1:50.994||3-1(d):1:100.0
@@@@@@@@@@@@@@@@@@@@@@
REFUSED from 3
Operation : Type :D Id :3 Origine :1-0
@@@@@@@@@@@@@@@@@@@@@@
0-1(d):1:25.983||1-1(d):1:34.322||2-1(d):1:50.994||3-1(d):1:100.0
@@@@@@@@@@@@@@@@@@@@@@
REFUSED from 6
Operation : Type :T Id :1 Origine :4-3 Destination :3-1 Valeur :0.89
@@@@@@@@@@@@@@@@@@@@@@
0-1(d):1:25.983||1-1(d):1:34.322||2-1(d):1:50.994||3-1(d):1:100.0
@@@@@@@@@@@@@@@@@@@@@@
ACCEPTED from 2
Operation : Type :T Id :2 Origine :2-0 Destination :3-6 Valeur :0.15
@@@@@@@@@@@@@@@@@@@@@@
0-1(d):1:25.983||1-1(d):1:34.322||2-1(d):1:50.994||3-1(d):1:100.0
@@@@@@@@@@@@@@@@@@@@@@
REFUSED from 3
Operation : Type :T Id :2 Origine :2-0 Destination :3-6 Valeur :0.15
@@@@@@@@@@@@@@@@@@@@@@
0-1(d):1:25.983||1-1(d):1:34.322||2-1(d):1:50.994||3-1(d):1:100.0
@@@@@@@@@@@@@@@@@@@@@@
ACCEPTED from 6
Operation : Type :T Id :2 Origine :0-6 Destination :6-6 Valeur :0.322
@@@@@@@@@@@@@@@@@@@@@@
0-1(d):1:25.983||1-1(d):1:34.322||2-1(d):1:50.994||3-1(d):1:100.0
@@@@@@@@@@@@@@@@@@@@@@
ACCEPTED from 2
Operation : Type :D Id :3 Origine :1-4
@@@@@@@@@@@@@@@@@@@@@@
0-1(d):1:25.983||1-1(d):1:34.322||2-1(d):1:50.994||3-1(d):1:100.0
@@@@@@@@@@@@@@@@@@@@@@
REFUSED from 3
Operation : Type :T Id :2 Origine :0-6 Destination :6-6 Valeur :0.322
@@@@@@@@@@@@@@@@@@@@@@
0-1(d):1:25.983||1-1(d):1:34.322||2-1(d):1:50.994||3-1(d):1:100.0
@@@@@@@@@@@@@@@@@@@@@@
REFUSED from 3
Operation : Type :D Id :3 Origine :1-4
@@@@@@@@@@@@@@@@@@@@@@
0-1(d):1:25.983||1-1(d):1:34.322||2-1(d):1:50.994||3-1(d):1:100.0
@@@@@@@@@@@@@@@@@@@@@@
ACCEPTED from 6
Operation : Type :D Id :3 Origine :0-6
@@@@@@@@@@@@@@@@@@@@@@
0-1(d):1:25.983||1-1(d):1:34.322||2-1(d):1:50.994||3-1(d):1:100.0
@@@@@@@@@@@@@@@@@@@@@@
ACCEPTED from 2
Operation : Type :T Id :2 Origine :2-4 Destination :2-0 Valeur :0.68
@@@@@@@@@@@@@@@@@@@@@@
0-1(d):1:25.983||1-1(d):1:34.322||2-1(d):1:50.994||3-1(d):1:100.0
@@@@@@@@@@@@@@@@@@@@@@
REFUSED from 6
Operation : Type :T Id :2 Origine :0-0 Destination :0-1 Valeur :0.39
@@@@@@@@@@@@@@@@@@@@@@
0-1(d):1:25.983||1-1(d):1:34.322||2-1(d):1:50.994||3-1(d):1:100.0
@@@@@@@@@@@@@@@@@@@@@@
REFUSED from 6
Operation : Type :T Id :2 Origine :0-4 Destination :8-6 Valeur :0.64
@@@@@@@@@@@@@@@@@@@@@@
0-1(d):1:25.983||1-1(d):1:34.322||2-1(d):1:50.994||3-1(d):1:100.0
@@@@@@@@@@@@@@@@@@@@@@
ACCEPTED from 2
Operation : Type :D Id :3 Origine :2-0
@@@@@@@@@@@@@@@@@@@@@@
0-1(d):1:25.983||1-1(d):1:34.322||2-1(d):1:50.994||3-1(d):1:100.0
@@@@@@@@@@@@@@@@@@@@@@
ACCEPTED from 6
Operation : Type :T Id :2 Origine :1-6 Destination :2-0 Valeur :0.022
@@@@@@@@@@@@@@@@@@@@@@
0-1(d):1:25.983||1-1(d):1:34.322||2-1(d):1:50.994||3-1(d):1:100.0
@@@@@@@@@@@@@@@@@@@@@@
REFUSED from 2
Operation : Type :T Id :2 Origine :1-3 Destination :2-6 Valeur :0.792
@@@@@@@@@@@@@@@@@@@@@@
0-1(d):1:25.983||1-1(d):1:34.322||2-1(d):1:50.994||3-1(d):1:100.0
@@@@@@@@@@@@@@@@@@@@@@
REFUSED from 3
Operation : Type :T Id :2 Origine :1-6 Destination :2-0 Valeur :0.022
@@@@@@@@@@@@@@@@@@@@@@
0-1(d):1:25.983||1-1(d):1:34.322||2-1(d):1:50.994||3-1(d):1:100.0
@@@@@@@@@@@@@@@@@@@@@@
ACCEPTED from 2
Operation : Type :T Id :2 Origine :3-0 Destination :0-4 Valeur :0.615
@@@@@@@@@@@@@@@@@@@@@@
0-1(d):1:25.983||1-1(d):1:34.322||2-1(d):1:50.994||3-1(d):1:100.0
@@@@@@@@@@@@@@@@@@@@@@
REFUSED from 3
Operation : Type :T Id :2 Origine :3-0 Destination :0-4 Valeur :0.615
@@@@@@@@@@@@@@@@@@@@@@
0-1(d):1:25.983||1-1(d):1:34.322||2-1(d):1:50.994||3-1(d):1:100.0
@@@@@@@@@@@@@@@@@@@@@@
ACCEPTED from 6
Operation : Type :D Id :3 Origine :1-6
@@@@@@@@@@@@@@@@@@@@@@
0-1(d):1:25.983||1-1(d):1:34.322||2-1(d):1:50.994||3-1(d):1:100.0
@@@@@@@@@@@@@@@@@@@@@@
ACCEPTED from 2
Operation : Type :D Id :3 Origine :2-4
@@@@@@@@@@@@@@@@@@@@@@
0-1(d):1:25.983||1-1(d):1:34.322||2-1(d):1:50.994||3-1(d):1:100.0
@@@@@@@@@@@@@@@@@@@@@@
REFUSED from 3
Operation : Type :D Id :3 Origine :2-4
@@@@@@@@@@@@@@@@@@@@@@
0-1(d):1:25.983||1-1(d):1:34.322||2-1(d):1:50.994||3-1(d):1:100.0
@@@@@@@@@@@@@@@@@@@@@@
ACCEPTED from 6
Operation : Type :T Id :2 Origine :2-6 Destination :2-4 Valeur :0.056
@@@@@@@@@@@@@@@@@@@@@@
0-1(d):1:25.983||1-1(d):1:34.322||2-1(d):1:50.994||3-1(d):1:100.0
@@@@@@@@@@@@@@@@@@@@@@
REFUSED from 3
Operation : Type :T Id :2 Origine :2-6 Destination :2-4 Valeur :0.056
@@@@@@@@@@@@@@@@@@@@@@
0-1(d):1:25.983||1-1(d):1:34.322||2-1(d):1:50.994||3-1(d):1:100.0
@@@@@@@@@@@@@@@@@@@@@@
REFUSED from 2
Operation : Type :D Id :3 Origine :1-3
@@@@@@@@@@@@@@@@@@@@@@
0-1(d):1:25.983||1-1(d):1:34.322||2-1(d):1:50.994||3-1(d):1:100.0
@@@@@@@@@@@@@@@@@@@@@@
ACCEPTED from 6
Operation : Type :D Id :3 Origine :2-6
@@@@@@@@@@@@@@@@@@@@@@
0-1(d):1:25.983||1-1(d):1:34.322||2-1(d):1:50.994||3-1(d):1:100.0
@@@@@@@@@@@@@@@@@@@@@@
ACCEPTED from 2
Operation : Type :T Id :2 Origine :0-5 Destination :0-2 Valeur :0.64
@@@@@@@@@@@@@@@@@@@@@@
0-1(d):1:25.983||1-1(d):1:34.322||2-1(d):1:50.994||3-1(d):1:100.0
@@@@@@@@@@@@@@@@@@@@@@
ACCEPTED from 6
Operation : Type :T Id :2 Origine :3-6 Destination :1-3 Valeur :0.956
@@@@@@@@@@@@@@@@@@@@@@
0-1(d):1:25.983||1-1(d):1:34.322||2-1(d):1:50.994||3-1(d):1:100.0
@@@@@@@@@@@@@@@@@@@@@@
ACCEPTED from 2
Operation : Type :D Id :3 Origine :3-0
@@@@@@@@@@@@@@@@@@@@@@
0-1(d):1:25.983||1-1(d):1:34.322||2-1(d):1:50.994||3-1(d):1:100.0
@@@@@@@@@@@@@@@@@@@@@@
ACCEPTED from 6
Operation : Type :D Id :3 Origine :3-6
@@@@@@@@@@@@@@@@@@@@@@
0-1(d):1:25.983||1-1(d):1:34.322||2-1(d):1:50.994||3-1(d):1:100.0
@@@@@@@@@@@@@@@@@@@@@@
REFUSED from 3
Operation : Type :D Id :3 Origine :3-6
@@@@@@@@@@@@@@@@@@@@@@
0-1(d):1:25.983||1-1(d):1:34.322||2-1(d):1:50.994||3-1(d):1:100.0
@@@@@@@@@@@@@@@@@@@@@@
REFUSED from 2
Operation : Type :T Id :2 Origine :2-3 Destination :3-0 Valeur :0.612
@@@@@@@@@@@@@@@@@@@@@@
0-1(d):1:25.983||1-1(d):1:34.322||2-1(d):1:50.994||3-1(d):1:100.0
@@@@@@@@@@@@@@@@@@@@@@
REFUSED from 6
Operation : Type :T Id :2 Origine :0-3 Destination :5-6 Valeur :0.492
@@@@@@@@@@@@@@@@@@@@@@
0-1(d):1:25.983||1-1(d):1:34.322||2-1(d):1:50.994||3-1(d):1:100.0
@@@@@@@@@@@@@@@@@@@@@@
ACCEPTED from 2
Operation : Type :D Id :3 Origine :0-5
@@@@@@@@@@@@@@@@@@@@@@
0-1(d):1:25.983||1-1(d):1:34.322||2-1(d):1:50.994||3-1(d):1:100.0
@@@@@@@@@@@@@@@@@@@@@@
REFUSED from 3
Operation : Type :D Id :3 Origine :0-5
@@@@@@@@@@@@@@@@@@@@@@
0-1(d):1:25.983||1-1(d):1:34.322||2-1(d):1:50.994||3-1(d):1:100.0
@@@@@@@@@@@@@@@@@@@@@@
ACCEPTED from 1
Bloc Chain :
Creator : 1
Depth : 4
Hash : ec9f3a694b1cd50826997e3304428f000009cebbc2de7e2a47a85ec8e1df24e55d91789c207e3a9bca4bccde45006ddb9c89cde57440b8bf7c899fdef861532e
Nonce : 185:95:70:83:3:61:207:22:206:223:158:143:116:19:137:179:39:104:66:28:181:156:155:162:201:153:69:212:169:107:47:23:
Number of Operations : 70
Type :T Id :1 Origine :0-4 Destination :4-6 Valeur :0.92
Type :T Id :2 Origine :0-1 Destination :2-0 Valeur :0.93
Type :D Id :3 Origine :0-1
Type :T Id :2 Origine :1-1 Destination :8-6 Valeur :0.87
Type :D Id :3 Origine :1-1
Type :T Id :2 Origine :2-1 Destination :7-6 Valeur :0.58
Type :D Id :3 Origine :2-1
Type :T Id :2 Origine :3-1 Destination :1-4 Valeur :0.94
Type :D Id :3 Origine :3-1
Type :T Id :2 Origine :0-3 Destination :5-6 Valeur :0.492
Type :T Id :1 Origine :0-6 Destination :3-6 Valeur :1.056
Type :D Id :3 Origine :0-3
Type :T Id :1 Origine :1-4 Destination :1-6 Valeur :0.58
Type :T Id :1 Origine :0-2 Destination :1-4 Valeur :0.495
Type :T Id :2 Origine :1-3 Destination :2-6 Valeur :0.792
Type :D Id :3 Origine :1-3
Type :T Id :1 Origine :1-2 Destination :1-4 Valeur :0.18
Type :T Id :2 Origine :2-3 Destination :3-0 Valeur :0.612
Type :D Id :3 Origine :2-3
Type :T Id :1 Origine :1-6 Destination :4-6 Valeur :0.389
Type :T Id :1 Origine :2-6 Destination :0-6 Valeur :0.489
Type :T Id :2 Origine :3-3 Destination :0-6 Valeur :0.72
Type :T Id :1 Origine :2-4 Destination :1-1 Valeur :0.56
Type :D Id :3 Origine :3-3
Type :T Id :1 Origine :0-5 Destination :2-5 Valeur :0.38
Type :T Id :2 Origine :4-3 Destination :3-3 Valeur :1.164
Type :T Id :1 Origine :3-6 Destination :4-6 Valeur :0.144
Type :D Id :3 Origine :4-3
Type :T Id :1 Origine :1-5 Destination :0-3 Valeur :0.2
Type :T Id :1 Origine :2-5 Destination :2-0 Valeur :0.72
Type :T Id :1 Origine :4-6 Destination :1-0 Valeur :0.433
Type :T Id :1 Origine :5-6 Destination :1-4 Valeur :0.133
Type :T Id :1 Origine :6-6 Destination :0-4 Valeur :0.367
Type :T Id :1 Origine :7-6 Destination :2-0 Valeur :0.222
Type :T Id :1 Origine :4-3 Destination :3-1 Valeur :0.89
Type :T Id :2 Origine :0-4 Destination :8-6 Valeur :0.64
Type :T Id :1 Origine :8-6 Destination :2-6 Valeur :0.078
Type :T Id :2 Origine :0-0 Destination :0-1 Valeur :0.39
Type :T Id :1 Origine :0-3 Destination :1-0 Valeur :0.76
Type :T Id :2 Origine :0-2 Destination :1-4 Valeur :1.455
Type :T Id :1 Origine :2-1 Destination :1-0 Valeur :0.08
Type :D Id :3 Origine :0-2
Type :T Id :1 Origine :1-3 Destination :3-6 Valeur :0.36
Type :T Id :2 Origine :1-2 Destination :3-6 Valeur :1.425
Type :T Id :1 Origine :3-1 Destination :1-2 Valeur :0.9
Type :T Id :1 Origine :2-3 Destination :0-3 Valeur :0.27
Type :D Id :3 Origine :1-2
Type :D Id :3 Origine :0-4
Type :D Id :3 Origine :0-0
Type :T Id :1 Origine :3-3 Destination :0-3 Valeur :0.45
Type :T Id :2 Origine :1-4 Destination :7-6 Valeur :0.48
Type :T Id :2 Origine :1-0 Destination :2-4 Valeur :0.045
Type :D Id :3 Origine :1-0
Type :T Id :2 Origine :2-0 Destination :3-6 Valeur :0.15
Type :T Id :2 Origine :0-6 Destination :6-6 Valeur :0.322
Type :D Id :3 Origine :1-4
Type :D Id :3 Origine :0-6
Type :T Id :2 Origine :2-4 Destination :2-0 Valeur :0.68
Type :D Id :3 Origine :2-0
Type :T Id :2 Origine :1-6 Destination :2-0 Valeur :0.022
Type :T Id :2 Origine :3-0 Destination :0-4 Valeur :0.615
Type :D Id :3 Origine :1-6
Type :D Id :3 Origine :2-4
Type :T Id :2 Origine :2-6 Destination :2-4 Valeur :0.056
Type :D Id :3 Origine :2-6
Type :T Id :2 Origine :0-5 Destination :0-2 Valeur :0.64
Type :T Id :2 Origine :3-6 Destination :1-3 Valeur :0.956
Type :D Id :3 Origine :3-0
Type :D Id :3 Origine :3-6
Type :D Id :3 Origine :0-5
--------------------------
Creator : 0
Depth : 3
Hash : 2d6367c22b65bab2950e5be8a5beb8d62059e11000002fe189dc24b77544e64258f7aa6c344529b986ea6ef777666858c4347954232292a5a65f88e8c9fe43fb
Nonce : 192:46:197:226:143:96:114:178:48:182:38:248:168:55:70:180:196:189:158:197:216:254:167:22:29:35:3:133:61:186:172:97:
Number of Operations : 1
Type :C Id :0 Origine :4-3
--------------------------
Creator : 0
Depth : 2
Hash : e0e635ca4519df111246435da10de0f5f721f95f9810000057cde07d9d9eace2656331eda1a451b6da63e1f3b800d90b364c9e2056925b25cedab68c1d320f91
Nonce : 51:225:252:203:95:25:51:134:47:184:87:232:91:124:104:57:20:36:232:24:116:149:254:225:163:8:89:20:153:188:111:210:
Number of Operations : 16
Type :C Id :0 Origine :1-6
Type :C Id :0 Origine :2-6
Type :C Id :0 Origine :3-6
Type :C Id :0 Origine :4-6
Type :C Id :0 Origine :5-6
Type :T Id :1 Origine :0-0 Destination :0-2 Valeur :0.17
Type :C Id :0 Origine :6-6
Type :T Id :1 Origine :1-0 Destination :1-1 Valeur :0.94
Type :C Id :0 Origine :1-3
Type :T Id :1 Origine :2-0 Destination :0-4 Valeur :0.63
Type :C Id :0 Origine :7-6
Type :C Id :0 Origine :2-3
Type :T Id :1 Origine :3-0 Destination :1-4 Valeur :0.74
Type :C Id :0 Origine :2-5
Type :C Id :0 Origine :3-3
Type :C Id :0 Origine :8-6
--------------------------
Creator : 2
Depth : 1
Hash : 080f4978e1c1bf8828dc43fffff8d349e9523e2426bf090dc2786df2e9066e4000006be8b8b42b32da0566831fd6528280ae6ab293aaae82b57d6826c66c0ad6
Nonce : 160:136:67:211:136:104:193:155:87:250:203:152:34:205:148:12:238:4:202:224:66:199:151:69:198:216:7:4:121:52:165:142:
Number of Operations : 17
Type :C Id :0 Origine :0-4
Type :C Id :0 Origine :0-0
Type :C Id :0 Origine :0-1
Type :C Id :0 Origine :1-0
Type :C Id :0 Origine :0-2
Type :C Id :0 Origine :1-2
Type :C Id :0 Origine :2-0
Type :C Id :0 Origine :1-1
Type :C Id :0 Origine :0-6
Type :C Id :0 Origine :1-4
Type :C Id :0 Origine :2-1
Type :C Id :0 Origine :3-0
Type :C Id :0 Origine :2-4
Type :C Id :0 Origine :3-1
Type :C Id :0 Origine :0-3
Type :C Id :0 Origine :0-5
Type :C Id :0 Origine :1-5
--------------------------
Creator : 2
Depth : 0
Hash : 
Nonce : 
Number of Operations : 0
--------------------------

@@@@@@@@@@@@@@@@@@@@@@
0-1(d):1:25.983||1-1(d):1.94:34.322||2-1(d):1:50.994||3-1(d):1:100.0
@@@@@@@@@@@@@@@@@@@@@@
REFUSED from 6
Operation : Type :D Id :3 Origine :0-4
@@@@@@@@@@@@@@@@@@@@@@
0-1(d):1:25.983||1-1(d):1.94:34.322||2-1(d):1:50.994||3-1(d):1:100.0
@@@@@@@@@@@@@@@@@@@@@@
REFUSED from 6
Operation : Type :D Id :3 Origine :0-0
@@@@@@@@@@@@@@@@@@@@@@
0-1(d):1:25.983||1-1(d):1.94:34.322||2-1(d):1:50.994||3-1(d):1:100.0
@@@@@@@@@@@@@@@@@@@@@@
REFUSED from 2
Operation : Type :D Id :3 Origine :2-3
@@@@@@@@@@@@@@@@@@@@@@
0-1(d):1:25.983||1-1(d):1.94:34.322||2-1(d):1:50.994||3-1(d):1:100.0
@@@@@@@@@@@@@@@@@@@@@@
REFUSED from 2
Operation : Type :T Id :1 Origine :1-6 Destination :4-6 Valeur :0.389
@@@@@@@@@@@@@@@@@@@@@@
0-1(d):1:25.983||1-1(d):1.94:34.322||2-1(d):1:50.994||3-1(d):1:100.0
@@@@@@@@@@@@@@@@@@@@@@
ACCEPTED from 2
Operation : Type :T Id :2 Origine :2-5 Destination :0-0 Valeur :0.61
@@@@@@@@@@@@@@@@@@@@@@
0-1(d):1:25.983||1-1(d):1.94:34.322||2-1(d):1:50.994||3-1(d):1:100.0
@@@@@@@@@@@@@@@@@@@@@@
REFUSED from 6
Operation : Type :T Id :2 Origine :0-5 Destination :0-2 Valeur :0.64
@@@@@@@@@@@@@@@@@@@@@@
0-1(d):1:25.983||1-1(d):1.94:34.322||2-1(d):1:50.994||3-1(d):1:100.0
@@@@@@@@@@@@@@@@@@@@@@
ACCEPTED from 2
Operation : Type :D Id :3 Origine :2-5
@@@@@@@@@@@@@@@@@@@@@@
0-1(d):1:25.983||1-1(d):1.94:34.322||2-1(d):1:50.994||3-1(d):1:100.0
@@@@@@@@@@@@@@@@@@@@@@
REFUSED from 3
Operation : Type :D Id :3 Origine :2-5
@@@@@@@@@@@@@@@@@@@@@@
0-1(d):1:25.983||1-1(d):1.94:34.322||2-1(d):1:50.994||3-1(d):1:100.0
@@@@@@@@@@@@@@@@@@@@@@
ACCEPTED from 6
Operation : Type :T Id :2 Origine :4-6 Destination :2-4 Valeur :0.456
@@@@@@@@@@@@@@@@@@@@@@
0-1(d):1:25.983||1-1(d):1.94:34.322||2-1(d):1:50.994||3-1(d):1:100.0
@@@@@@@@@@@@@@@@@@@@@@
ACCEPTED from 2
Operation : Type :T Id :2 Origine :1-5 Destination :0-5 Valeur :0.85
@@@@@@@@@@@@@@@@@@@@@@
0-1(d):1:25.983||1-1(d):1.94:34.322||2-1(d):1:50.994||3-1(d):1:100.0
@@@@@@@@@@@@@@@@@@@@@@
REFUSED from 2
Operation : Type :T Id :1 Origine :2-6 Destination :0-6 Valeur :0.489
@@@@@@@@@@@@@@@@@@@@@@
0-1(d):1:25.983||1-1(d):1.94:34.322||2-1(d):1:50.994||3-1(d):1:100.0
@@@@@@@@@@@@@@@@@@@@@@
ACCEPTED from 6
Operation : Type :D Id :3 Origine :4-6
@@@@@@@@@@@@@@@@@@@@@@
0-1(d):1:25.983||1-1(d):1.94:34.322||2-1(d):1:50.994||3-1(d):1:100.0
@@@@@@@@@@@@@@@@@@@@@@
ACCEPTED from 2
Operation : Type :D Id :3 Origine :1-5
@@@@@@@@@@@@@@@@@@@@@@
0-1(d):1:25.983||1-1(d):1.94:34.322||2-1(d):1:50.994||3-1(d):1:100.0
@@@@@@@@@@@@@@@@@@@@@@
REFUSED from 6
Operation : Type :T Id :2 Origine :1-0 Destination :2-4 Valeur :0.045
@@@@@@@@@@@@@@@@@@@@@@
0-1(d):1:25.983||1-1(d):1.94:34.322||2-1(d):1:50.994||3-1(d):1:100.0
@@@@@@@@@@@@@@@@@@@@@@
REFUSED from 2
Operation : Type :T Id :2 Origine :3-3 Destination :0-6 Valeur :0.72
@@@@@@@@@@@@@@@@@@@@@@
0-1(d):1:25.983||1-1(d):1.94:34.322||2-1(d):1:50.994||3-1(d):1:100.0
@@@@@@@@@@@@@@@@@@@@@@
REFUSED from 2
Operation : Type :D Id :3 Origine :3-3
@@@@@@@@@@@@@@@@@@@@@@
0-1(d):1:25.983||1-1(d):1.94:34.322||2-1(d):1:50.994||3-1(d):1:100.0
@@@@@@@@@@@@@@@@@@@@@@
ACCEPTED from 6
Operation : Type :T Id :2 Origine :5-6 Destination :2-6 Valeur :0.178
@@@@@@@@@@@@@@@@@@@@@@
0-1(d):1:25.983||1-1(d):1.94:34.322||2-1(d):1:50.994||3-1(d):1:100.0
@@@@@@@@@@@@@@@@@@@@@@
REFUSED from 2
Operation : Type :T Id :1 Origine :3-6 Destination :4-6 Valeur :0.144
@@@@@@@@@@@@@@@@@@@@@@
0-1(d):1:25.983||1-1(d):1.94:34.322||2-1(d):1:50.994||3-1(d):1:100.0
@@@@@@@@@@@@@@@@@@@@@@
ACCEPTED from 6
Operation : Type :D Id :3 Origine :5-6
@@@@@@@@@@@@@@@@@@@@@@
0-1(d):1:25.983||1-1(d):1.94:34.322||2-1(d):1:50.994||3-1(d):1:100.0
@@@@@@@@@@@@@@@@@@@@@@
REFUSED from 2
Operation : Type :T Id :2 Origine :4-3 Destination :3-3 Valeur :1.164
@@@@@@@@@@@@@@@@@@@@@@
0-1(d):1:25.983||1-1(d):1.94:34.322||2-1(d):1:50.994||3-1(d):1:100.0
@@@@@@@@@@@@@@@@@@@@@@
REFUSED from 2
Operation : Type :D Id :3 Origine :4-3
@@@@@@@@@@@@@@@@@@@@@@
0-1(d):1:25.983||1-1(d):1.94:34.322||2-1(d):1:50.994||3-1(d):1:100.0
@@@@@@@@@@@@@@@@@@@@@@
REFUSED from 2
Operation : Type :T Id :1 Origine :4-6 Destination :1-0 Valeur :0.433
@@@@@@@@@@@@@@@@@@@@@@
0-1(d):1:25.983||1-1(d):1.94:34.322||2-1(d):1:50.994||3-1(d):1:100.0
@@@@@@@@@@@@@@@@@@@@@@
REFUSED from 2
Operation : Type :T Id :1 Origine :5-6 Destination :1-4 Valeur :0.133
@@@@@@@@@@@@@@@@@@@@@@
0-1(d):1:25.983||1-1(d):1.94:34.322||2-1(d):1:50.994||3-1(d):1:100.0
@@@@@@@@@@@@@@@@@@@@@@
REFUSED from 6
Operation : Type :D Id :3 Origine :0-5
@@@@@@@@@@@@@@@@@@@@@@
0-1(d):1:25.983||1-1(d):1.94:34.322||2-1(d):1:50.994||3-1(d):1:100.0
@@@@@@@@@@@@@@@@@@@@@@
REFUSED from 2
Operation : Type :T Id :1 Origine :6-6 Destination :0-4 Valeur :0.367
@@@@@@@@@@@@@@@@@@@@@@
0-1(d):1:25.983||1-1(d):1.94:34.322||2-1(d):1:50.994||3-1(d):1:100.0
@@@@@@@@@@@@@@@@@@@@@@
REFUSED from 6
Operation : Type :D Id :3 Origine :0-3
@@@@@@@@@@@@@@@@@@@@@@
0-1(d):1:25.983||1-1(d):1.94:34.322||2-1(d):1:50.994||3-1(d):1:100.0
@@@@@@@@@@@@@@@@@@@@@@
ACCEPTED from 6
Operation : Type :T Id :2 Origine :6-6 Destination :1-1 Valeur :0.244
@@@@@@@@@@@@@@@@@@@@@@
0-1(d):1:25.983||1-1(d):1.94:34.322||2-1(d):1:50.994||3-1(d):1:100.0
@@@@@@@@@@@@@@@@@@@@@@
REFUSED from 2
Operation : Type :T Id :1 Origine :7-6 Destination :2-0 Valeur :0.222
@@@@@@@@@@@@@@@@@@@@@@
0-1(d):1:25.983||1-1(d):1.94:34.322||2-1(d):1:50.994||3-1(d):1:100.0
@@@@@@@@@@@@@@@@@@@@@@
REFUSED from 3
Operation : Type :T Id :2 Origine :6-6 Destination :1-1 Valeur :0.244
@@@@@@@@@@@@@@@@@@@@@@
0-1(d):1:25.983||1-1(d):1.94:34.322||2-1(d):1:50.994||3-1(d):1:100.0
@@@@@@@@@@@@@@@@@@@@@@
ACCEPTED from 6
Operation : Type :D Id :3 Origine :6-6
@@@@@@@@@@@@@@@@@@@@@@
0-1(d):1:25.983||1-1(d):1.94:34.322||2-1(d):1:50.994||3-1(d):1:100.0
@@@@@@@@@@@@@@@@@@@@@@
REFUSED from 3
Operation : Type :D Id :3 Origine :6-6
@@@@@@@@@@@@@@@@@@@@@@
0-1(d):1:25.983||1-1(d):1.94:34.322||2-1(d):1:50.994||3-1(d):1:100.0
@@@@@@@@@@@@@@@@@@@@@@
ACCEPTED from 6
Operation : Type :T Id :2 Origine :7-6 Destination :0-0 Valeur :0.389
@@@@@@@@@@@@@@@@@@@@@@
0-1(d):1:25.983||1-1(d):1.94:34.322||2-1(d):1:50.994||3-1(d):1:100.0
@@@@@@@@@@@@@@@@@@@@@@
REFUSED from 3
Operation : Type :T Id :2 Origine :7-6 Destination :0-0 Valeur :0.389
@@@@@@@@@@@@@@@@@@@@@@
0-1(d):1:25.983||1-1(d):1.94:34.322||2-1(d):1:50.994||3-1(d):1:100.0
@@@@@@@@@@@@@@@@@@@@@@
REFUSED from 2
Operation : Type :T Id :1 Origine :8-6 Destination :2-6 Valeur :0.078
@@@@@@@@@@@@@@@@@@@@@@
0-1(d):1:25.983||1-1(d):1.94:34.322||2-1(d):1:50.994||3-1(d):1:100.0
@@@@@@@@@@@@@@@@@@@@@@
ACCEPTED from 6
Operation : Type :D Id :3 Origine :7-6
@@@@@@@@@@@@@@@@@@@@@@
0-1(d):1:25.983||1-1(d):1.94:34.322||2-1(d):1:50.994||3-1(d):1:100.0
@@@@@@@@@@@@@@@@@@@@@@
REFUSED from 3
Operation : Type :D Id :3 Origine :7-6
@@@@@@@@@@@@@@@@@@@@@@
0-1(d):1:25.983||1-1(d):1.94:34.322||2-1(d):1:50.994||3-1(d):1:100.0
@@@@@@@@@@@@@@@@@@@@@@
REFUSED from 6
Operation : Type :D Id :3 Origine :1-0
@@@@@@@@@@@@@@@@@@@@@@
0-1(d):1:25.983||1-1(d):1.94:34.322||2-1(d):1:50.994||3-1(d):1:100.0
@@@@@@@@@@@@@@@@@@@@@@
REFUSED from 2
Bloc Chain :
Creator : 0
Depth : 4
Hash : b91b02f75baa158c4ea6ee248b26dce8c05da9771c7e00a8cd8d97379afe811cd4d23a63714325174ce7613f118548e25ae7b1000002a1a1f963859b6eeb6ff3
Nonce : 8:22:213:6:105:38:93:224:138:1:127:60:79:213:153:130:53:138:17:159:78:89:195:235:13:105:166:74:142:64:188:54:
Number of Operations : 40
Type :T Id :1 Origine :0-4 Destination :4-6 Valeur :0.92
Type :T Id :2 Origine :0-0 Destination :0-1 Valeur :0.39
Type :D Id :3 Origine :0-0
Type :T Id :2 Origine :1-0 Destination :2-4 Valeur :0.045
Type :D Id :3 Origine :1-0
Type :T Id :1 Origine :0-6 Destination :3-6 Valeur :1.056
Type :T Id :2 Origine :2-0 Destination :3-6 Valeur :0.15
Type :D Id :3 Origine :2-0
Type :T Id :2 Origine :3-0 Destination :0-4 Valeur :0.615
Type :D Id :3 Origine :3-0
Type :T Id :1 Origine :0-1 Destination :3-1 Valeur :0.22
Type :T Id :1 Origine :1-4 Destination :1-6 Valeur :0.58
Type :T Id :1 Origine :0-2 Destination :1-4 Valeur :0.495
Type :T Id :1 Origine :1-2 Destination :1-4 Valeur :0.18
Type :T Id :1 Origine :1-6 Destination :4-6 Valeur :0.389
Type :T Id :1 Origine :2-6 Destination :0-6 Valeur :0.489
Type :T Id :1 Origine :1-1 Destination :0-4 Valeur :0.87
Type :T Id :1 Origine :2-4 Destination :1-1 Valeur :0.56
Type :T Id :1 Origine :0-5 Destination :2-5 Valeur :0.38
Type :T Id :1 Origine :3-6 Destination :4-6 Valeur :0.144
Type :T Id :1 Origine :2-1 Destination :1-0 Valeur :0.08
Type :T Id :1 Origine :1-5 Destination :0-3 Valeur :0.2
Type :T Id :1 Origine :3-1 Destination :1-2 Valeur :0.9
Type :T Id :1 Origine :0-3 Destination :1-0 Valeur :0.76
Type :T Id :1 Origine :2-5 Destination :2-0 Valeur :0.72
Type :T Id :1 Origine :4-6 Destination :1-0 Valeur :0.433
Type :T Id :1 Origine :1-3 Destination :3-6 Valeur :0.36
Type :T Id :1 Origine :2-3 Destination :0-3 Valeur :0.27
Type :T Id :1 Origine :5-6 Destination :1-4 Valeur :0.133
Type :T Id :1 Origine :3-3 Destination :0-3 Valeur :0.45
Type :T Id :1 Origine :6-6 Destination :0-4 Valeur :0.367
Type :T Id :1 Origine :7-6 Destination :2-0 Valeur :0.222
Type :T Id :1 Origine :4-3 Destination :3-1 Valeur :0.89
Type :T Id :2 Origine :0-4 Destination :8-6 Valeur :0.64
Type :T Id :1 Origine :8-6 Destination :2-6 Valeur :0.078
Type :T Id :2 Origine :0-2 Destination :1-4 Valeur :1.455
Type :D Id :3 Origine :0-2
Type :T Id :2 Origine :1-2 Destination :3-6 Valeur :1.425
Type :D Id :3 Origine :1-2
Type :T Id :2 Origine :0-1 Destination :2-0 Valeur :0.93
--------------------------
Creator : 0
Depth : 3
Hash : 2d6367c22b65bab2950e5be8a5beb8d62059e11000002fe189dc24b77544e64258f7aa6c344529b986ea6ef777666858c4347954232292a5a65f88e8c9fe43fb
Nonce : 192:46:197:226:143:96:114:178:48:182:38:248:168:55:70:180:196:189:158:197:216:254:167:22:29:35:3:133:61:186:172:97:
Number of Operations : 1
Type :C Id :0 Origine :4-3
--------------------------
Creator : 0
Depth : 2
Hash : e0e635ca4519df111246435da10de0f5f721f95f9810000057cde07d9d9eace2656331eda1a451b6da63e1f3b800d90b364c9e2056925b25cedab68c1d320f91
Nonce : 51:225:252:203:95:25:51:134:47:184:87:232:91:124:104:57:20:36:232:24:116:149:254:225:163:8:89:20:153:188:111:210:
Number of Operations : 16
Type :C Id :0 Origine :1-6
Type :C Id :0 Origine :2-6
Type :C Id :0 Origine :3-6
Type :C Id :0 Origine :4-6
Type :C Id :0 Origine :5-6
Type :T Id :1 Origine :0-0 Destination :0-2 Valeur :0.17
Type :C Id :0 Origine :6-6
Type :T Id :1 Origine :1-0 Destination :1-1 Valeur :0.94
Type :C Id :0 Origine :1-3
Type :T Id :1 Origine :2-0 Destination :0-4 Valeur :0.63
Type :C Id :0 Origine :7-6
Type :C Id :0 Origine :2-3
Type :T Id :1 Origine :3-0 Destination :1-4 Valeur :0.74
Type :C Id :0 Origine :2-5
Type :C Id :0 Origine :3-3
Type :C Id :0 Origine :8-6
--------------------------
Creator : 2
Depth : 1
Hash : 080f4978e1c1bf8828dc43fffff8d349e9523e2426bf090dc2786df2e9066e4000006be8b8b42b32da0566831fd6528280ae6ab293aaae82b57d6826c66c0ad6
Nonce : 160:136:67:211:136:104:193:155:87:250:203:152:34:205:148:12:238:4:202:224:66:199:151:69:198:216:7:4:121:52:165:142:
Number of Operations : 17
Type :C Id :0 Origine :0-4
Type :C Id :0 Origine :0-0
Type :C Id :0 Origine :0-1
Type :C Id :0 Origine :1-0
Type :C Id :0 Origine :0-2
Type :C Id :0 Origine :1-2
Type :C Id :0 Origine :2-0
Type :C Id :0 Origine :1-1
Type :C Id :0 Origine :0-6
Type :C Id :0 Origine :1-4
Type :C Id :0 Origine :2-1
Type :C Id :0 Origine :3-0
Type :C Id :0 Origine :2-4
Type :C Id :0 Origine :3-1
Type :C Id :0 Origine :0-3
Type :C Id :0 Origine :0-5
Type :C Id :0 Origine :1-5
--------------------------
Creator : 2
Depth : 0
Hash : 
Nonce : 
Number of Operations : 0
--------------------------

@@@@@@@@@@@@@@@@@@@@@@
0-1(d):1:25.983||1-1(d):1.94:34.322||2-1(d):1:50.994||3-1(d):1:100.0
@@@@@@@@@@@@@@@@@@@@@@
REFUSED from 6
Operation : Type :T Id :2 Origine :2-5 Destination :0-0 Valeur :0.61
@@@@@@@@@@@@@@@@@@@@@@
0-1(d):1:25.983||1-1(d):1.94:34.322||2-1(d):1:50.994||3-1(d):1:100.0
@@@@@@@@@@@@@@@@@@@@@@
REFUSED from 6
Operation : Type :T Id :2 Origine :1-4 Destination :7-6 Valeur :0.48
@@@@@@@@@@@@@@@@@@@@@@
0-1(d):1:25.983||1-1(d):1.94:34.322||2-1(d):1:50.994||3-1(d):1:100.0
@@@@@@@@@@@@@@@@@@@@@@
REFUSED from 2
Operation : Type :T Id :2 Origine :0-6 Destination :6-6 Valeur :0.322
@@@@@@@@@@@@@@@@@@@@@@
0-1(d):1:25.983||1-1(d):1.94:34.322||2-1(d):1:50.994||3-1(d):1:100.0
@@@@@@@@@@@@@@@@@@@@@@
ACCEPTED from 6
Operation : Type :T Id :2 Origine :8-6 Destination :0-0 Valeur :0.111
@@@@@@@@@@@@@@@@@@@@@@
0-1(d):1:25.983||1-1(d):1.94:34.322||2-1(d):1:50.994||3-1(d):1:100.0
@@@@@@@@@@@@@@@@@@@@@@
ACCEPTED from 6
Operation : Type :D Id :3 Origine :8-6
@@@@@@@@@@@@@@@@@@@@@@
0-1(d):1:25.983||1-1(d):1.94:34.322||2-1(d):1:50.994||3-1(d):1:100.0
@@@@@@@@@@@@@@@@@@@@@@
REFUSED from 3
Operation : Type :D Id :3 Origine :8-6
@@@@@@@@@@@@@@@@@@@@@@
0-1(d):1:25.983||1-1(d):1.94:34.322||2-1(d):1:50.994||3-1(d):1:100.0
@@@@@@@@@@@@@@@@@@@@@@
REFUSED from 6
Operation : Type :D Id :3 Origine :2-5
@@@@@@@@@@@@@@@@@@@@@@
0-1(d):1:25.983||1-1(d):1.94:34.322||2-1(d):1:50.994||3-1(d):1:100.0
@@@@@@@@@@@@@@@@@@@@@@
REFUSED from 6
Operation : Type :D Id :3 Origine :1-4
@@@@@@@@@@@@@@@@@@@@@@
0-1(d):1:25.983||1-1(d):1.94:34.322||2-1(d):1:50.994||3-1(d):1:100.0
@@@@@@@@@@@@@@@@@@@@@@
REFUSED from 2
Operation : Type :T Id :2 Origine :1-6 Destination :2-0 Valeur :0.022
@@@@@@@@@@@@@@@@@@@@@@
0-1(d):1:25.983||1-1(d):1.94:34.322||2-1(d):1:50.994||3-1(d):1:100.0
@@@@@@@@@@@@@@@@@@@@@@
REFUSED from 2
Operation : Type :D Id :3 Origine :1-6
@@@@@@@@@@@@@@@@@@@@@@
0-1(d):1:25.983||1-1(d):1.94:34.322||2-1(d):1:50.994||3-1(d):1:100.0
@@@@@@@@@@@@@@@@@@@@@@
REFUSED from 6
Operation : Type :T Id :2 Origine :2-0 Destination :3-6 Valeur :0.15
@@@@@@@@@@@@@@@@@@@@@@
0-1(d):1:25.983||1-1(d):1.94:34.322||2-1(d):1:50.994||3-1(d):1:100.0
@@@@@@@@@@@@@@@@@@@@@@
REFUSED from 2
Operation : Type :T Id :2 Origine :2-6 Destination :2-4 Valeur :0.056
@@@@@@@@@@@@@@@@@@@@@@
0-1(d):1:25.983||1-1(d):1.94:34.322||2-1(d):1:50.994||3-1(d):1:100.0
@@@@@@@@@@@@@@@@@@@@@@
REFUSED from 2
Operation : Type :D Id :3 Origine :2-6
@@@@@@@@@@@@@@@@@@@@@@
0-1(d):1:25.983||1-1(d):1.94:34.322||2-1(d):1:50.994||3-1(d):1:100.0
@@@@@@@@@@@@@@@@@@@@@@
REFUSED from 6
Operation : Type :T Id :2 Origine :1-5 Destination :0-5 Valeur :0.85
@@@@@@@@@@@@@@@@@@@@@@
0-1(d):1:25.983||1-1(d):1.94:34.322||2-1(d):1:50.994||3-1(d):1:100.0
@@@@@@@@@@@@@@@@@@@@@@
REFUSED from 6
Operation : Type :D Id :3 Origine :2-0
@@@@@@@@@@@@@@@@@@@@@@
0-1(d):1:25.983||1-1(d):1.94:34.322||2-1(d):1:50.994||3-1(d):1:100.0
@@@@@@@@@@@@@@@@@@@@@@
REFUSED from 2
Operation : Type :T Id :2 Origine :3-6 Destination :1-3 Valeur :0.956
@@@@@@@@@@@@@@@@@@@@@@
0-1(d):1:25.983||1-1(d):1.94:34.322||2-1(d):1:50.994||3-1(d):1:100.0
@@@@@@@@@@@@@@@@@@@@@@
REFUSED from 6
Operation : Type :T Id :2 Origine :2-4 Destination :2-0 Valeur :0.68
@@@@@@@@@@@@@@@@@@@@@@
0-1(d):1:25.983||1-1(d):1.94:34.322||2-1(d):1:50.994||3-1(d):1:100.0
@@@@@@@@@@@@@@@@@@@@@@
REFUSED from 2
Operation : Type :D Id :3 Origine :3-6
@@@@@@@@@@@@@@@@@@@@@@
0-1(d):1:25.983||1-1(d):1.94:34.322||2-1(d):1:50.994||3-1(d):1:100.0
@@@@@@@@@@@@@@@@@@@@@@
ACCEPTED from 1
Bloc Chain :
Creator : 1
Depth : 5
Hash : e3315327a36ae12746ac86b150ab73780df16e2a6c28e0fe57940c078f39877951000003d95d1d43f64b8dd4aa6337444b0e72db4c95395ce6acc8dbaec6450b
Nonce : 229:52:174:177:171:153:204:28:62:7:247:216:47:247:20:36:118:146:182:29:11:212:43:194:243:150:131:98:211:24:254:18:
Number of Operations : 14
Type :T Id :2 Origine :2-5 Destination :0-0 Valeur :0.61
Type :D Id :3 Origine :2-5
Type :T Id :2 Origine :4-6 Destination :2-4 Valeur :0.456
Type :T Id :2 Origine :1-5 Destination :0-5 Valeur :0.85
Type :D Id :3 Origine :4-6
Type :D Id :3 Origine :1-5
Type :T Id :2 Origine :5-6 Destination :2-6 Valeur :0.178
Type :D Id :3 Origine :5-6
Type :T Id :2 Origine :6-6 Destination :1-1 Valeur :0.244
Type :D Id :3 Origine :6-6
Type :T Id :2 Origine :7-6 Destination :0-0 Valeur :0.389
Type :D Id :3 Origine :7-6
Type :T Id :2 Origine :8-6 Destination :0-0 Valeur :0.111
Type :D Id :3 Origine :8-6
--------------------------
Creator : 1
Depth : 4
Hash : ec9f3a694b1cd50826997e3304428f000009cebbc2de7e2a47a85ec8e1df24e55d91789c207e3a9bca4bccde45006ddb9c89cde57440b8bf7c899fdef861532e
Nonce : 185:95:70:83:3:61:207:22:206:223:158:143:116:19:137:179:39:104:66:28:181:156:155:162:201:153:69:212:169:107:47:23:
Number of Operations : 70
Type :T Id :1 Origine :0-4 Destination :4-6 Valeur :0.92
Type :T Id :2 Origine :0-1 Destination :2-0 Valeur :0.93
Type :D Id :3 Origine :0-1
Type :T Id :2 Origine :1-1 Destination :8-6 Valeur :0.87
Type :D Id :3 Origine :1-1
Type :T Id :2 Origine :2-1 Destination :7-6 Valeur :0.58
Type :D Id :3 Origine :2-1
Type :T Id :2 Origine :3-1 Destination :1-4 Valeur :0.94
Type :D Id :3 Origine :3-1
Type :T Id :2 Origine :0-3 Destination :5-6 Valeur :0.492
Type :T Id :1 Origine :0-6 Destination :3-6 Valeur :1.056
Type :D Id :3 Origine :0-3
Type :T Id :1 Origine :1-4 Destination :1-6 Valeur :0.58
Type :T Id :1 Origine :0-2 Destination :1-4 Valeur :0.495
Type :T Id :2 Origine :1-3 Destination :2-6 Valeur :0.792
Type :D Id :3 Origine :1-3
Type :T Id :1 Origine :1-2 Destination :1-4 Valeur :0.18
Type :T Id :2 Origine :2-3 Destination :3-0 Valeur :0.612
Type :D Id :3 Origine :2-3
Type :T Id :1 Origine :1-6 Destination :4-6 Valeur :0.389
Type :T Id :1 Origine :2-6 Destination :0-6 Valeur :0.489
Type :T Id :2 Origine :3-3 Destination :0-6 Valeur :0.72
Type :T Id :1 Origine :2-4 Destination :1-1 Valeur :0.56
Type :D Id :3 Origine :3-3
Type :T Id :1 Origine :0-5 Destination :2-5 Valeur :0.38
Type :T Id :2 Origine :4-3 Destination :3-3 Valeur :1.164
Type :T Id :1 Origine :3-6 Destination :4-6 Valeur :0.144
Type :D Id :3 Origine :4-3
Type :T Id :1 Origine :1-5 Destination :0-3 Valeur :0.2
Type :T Id :1 Origine :2-5 Destination :2-0 Valeur :0.72
Type :T Id :1 Origine :4-6 Destination :1-0 Valeur :0.433
Type :T Id :1 Origine :5-6 Destination :1-4 Valeur :0.133
Type :T Id :1 Origine :6-6 Destination :0-4 Valeur :0.367
Type :T Id :1 Origine :7-6 Destination :2-0 Valeur :0.222
Type :T Id :1 Origine :4-3 Destination :3-1 Valeur :0.89
Type :T Id :2 Origine :0-4 Destination :8-6 Valeur :0.64
Type :T Id :1 Origine :8-6 Destination :2-6 Valeur :0.078
Type :T Id :2 Origine :0-0 Destination :0-1 Valeur :0.39
Type :T Id :1 Origine :0-3 Destination :1-0 Valeur :0.76
Type :T Id :2 Origine :0-2 Destination :1-4 Valeur :1.455
Type :T Id :1 Origine :2-1 Destination :1-0 Valeur :0.08
Type :D Id :3 Origine :0-2
Type :T Id :1 Origine :1-3 Destination :3-6 Valeur :0.36
Type :T Id :2 Origine :1-2 Destination :3-6 Valeur :1.425
Type :T Id :1 Origine :3-1 Destination :1-2 Valeur :0.9
Type :T Id :1 Origine :2-3 Destination :0-3 Valeur :0.27
Type :D Id :3 Origine :1-2
Type :D Id :3 Origine :0-4
Type :D Id :3 Origine :0-0
Type :T Id :1 Origine :3-3 Destination :0-3 Valeur :0.45
Type :T Id :2 Origine :1-4 Destination :7-6 Valeur :0.48
Type :T Id :2 Origine :1-0 Destination :2-4 Valeur :0.045
Type :D Id :3 Origine :1-0
Type :T Id :2 Origine :2-0 Destination :3-6 Valeur :0.15
Type :T Id :2 Origine :0-6 Destination :6-6 Valeur :0.322
Type :D Id :3 Origine :1-4
Type :D Id :3 Origine :0-6
Type :T Id :2 Origine :2-4 Destination :2-0 Valeur :0.68
Type :D Id :3 Origine :2-0
Type :T Id :2 Origine :1-6 Destination :2-0 Valeur :0.022
Type :T Id :2 Origine :3-0 Destination :0-4 Valeur :0.615
Type :D Id :3 Origine :1-6
Type :D Id :3 Origine :2-4
Type :T Id :2 Origine :2-6 Destination :2-4 Valeur :0.056
Type :D Id :3 Origine :2-6
Type :T Id :2 Origine :0-5 Destination :0-2 Valeur :0.64
Type :T Id :2 Origine :3-6 Destination :1-3 Valeur :0.956
Type :D Id :3 Origine :3-0
Type :D Id :3 Origine :3-6
Type :D Id :3 Origine :0-5
--------------------------
Creator : 0
Depth : 3
Hash : 2d6367c22b65bab2950e5be8a5beb8d62059e11000002fe189dc24b77544e64258f7aa6c344529b986ea6ef777666858c4347954232292a5a65f88e8c9fe43fb
Nonce : 192:46:197:226:143:96:114:178:48:182:38:248:168:55:70:180:196:189:158:197:216:254:167:22:29:35:3:133:61:186:172:97:
Number of Operations : 1
Type :C Id :0 Origine :4-3
--------------------------
Creator : 0
Depth : 2
Hash : e0e635ca4519df111246435da10de0f5f721f95f9810000057cde07d9d9eace2656331eda1a451b6da63e1f3b800d90b364c9e2056925b25cedab68c1d320f91
Nonce : 51:225:252:203:95:25:51:134:47:184:87:232:91:124:104:57:20:36:232:24:116:149:254:225:163:8:89:20:153:188:111:210:
Number of Operations : 16
Type :C Id :0 Origine :1-6
Type :C Id :0 Origine :2-6
Type :C Id :0 Origine :3-6
Type :C Id :0 Origine :4-6
Type :C Id :0 Origine :5-6
Type :T Id :1 Origine :0-0 Destination :0-2 Valeur :0.17
Type :C Id :0 Origine :6-6
Type :T Id :1 Origine :1-0 Destination :1-1 Valeur :0.94
Type :C Id :0 Origine :1-3
Type :T Id :1 Origine :2-0 Destination :0-4 Valeur :0.63
Type :C Id :0 Origine :7-6
Type :C Id :0 Origine :2-3
Type :T Id :1 Origine :3-0 Destination :1-4 Valeur :0.74
Type :C Id :0 Origine :2-5
Type :C Id :0 Origine :3-3
Type :C Id :0 Origine :8-6
--------------------------
Creator : 2
Depth : 1
Hash : 080f4978e1c1bf8828dc43fffff8d349e9523e2426bf090dc2786df2e9066e4000006be8b8b42b32da0566831fd6528280ae6ab293aaae82b57d6826c66c0ad6
Nonce : 160:136:67:211:136:104:193:155:87:250:203:152:34:205:148:12:238:4:202:224:66:199:151:69:198:216:7:4:121:52:165:142:
Number of Operations : 17
Type :C Id :0 Origine :0-4
Type :C Id :0 Origine :0-0
Type :C Id :0 Origine :0-1
Type :C Id :0 Origine :1-0
Type :C Id :0 Origine :0-2
Type :C Id :0 Origine :1-2
Type :C Id :0 Origine :2-0
Type :C Id :0 Origine :1-1
Type :C Id :0 Origine :0-6
Type :C Id :0 Origine :1-4
Type :C Id :0 Origine :2-1
Type :C Id :0 Origine :3-0
Type :C Id :0 Origine :2-4
Type :C Id :0 Origine :3-1
Type :C Id :0 Origine :0-3
Type :C Id :0 Origine :0-5
Type :C Id :0 Origine :1-5
--------------------------
Creator : 2
Depth : 0
Hash : 
Nonce : 
Number of Operations : 0
--------------------------

@@@@@@@@@@@@@@@@@@@@@@
