
@@@@@@@@@@@@@@@@@@@@@@
ACCEPTED from 4
Operation : Type :C Id :0 Origine :0-4
@@@@@@@@@@@@@@@@@@@@@@
0-4(c):1:100.0
@@@@@@@@@@@@@@@@@@@@@@
ACCEPTED from 4
Operation : Type :C Id :0 Origine :1-4
@@@@@@@@@@@@@@@@@@@@@@
0-4(c):1:50.0||1-4(c):1:50.0
@@@@@@@@@@@@@@@@@@@@@@
ACCEPTED from 4
Operation : Type :C Id :0 Origine :2-4
@@@@@@@@@@@@@@@@@@@@@@
0-4(c):1:33.333||1-4(c):1:33.333||2-4(c):1:33.333
@@@@@@@@@@@@@@@@@@@@@@
ACCEPTED from 5
Operation : Type :C Id :0 Origine :0-5
@@@@@@@@@@@@@@@@@@@@@@
0-4(c):1:33.333||1-4(c):1:33.333||2-4(c):1:33.333
@@@@@@@@@@@@@@@@@@@@@@
ACCEPTED from 5
Operation : Type :C Id :0 Origine :1-5
@@@@@@@@@@@@@@@@@@@@@@
0-4(c):1:33.333||1-4(c):1:33.333||2-4(c):1:33.333
@@@@@@@@@@@@@@@@@@@@@@
ACCEPTED from 6
Operation : Type :C Id :0 Origine :0-6
@@@@@@@@@@@@@@@@@@@@@@
0-4(c):1:33.333||1-4(c):1:33.333||2-4(c):1:33.333
@@@@@@@@@@@@@@@@@@@@@@
ACCEPTED from 5
Operation : Type :C Id :0 Origine :2-5
@@@@@@@@@@@@@@@@@@@@@@
0-4(c):1:33.333||1-4(c):1:33.333||2-4(c):1:33.333
@@@@@@@@@@@@@@@@@@@@@@
ACCEPTED from 2
Operation : Type :C Id :0 Origine :0-0
@@@@@@@@@@@@@@@@@@@@@@
0-4(c):1:33.333||1-4(c):1:33.333||2-4(c):1:33.333
@@@@@@@@@@@@@@@@@@@@@@
ACCEPTED from 2
Operation : Type :C Id :0 Origine :0-1
@@@@@@@@@@@@@@@@@@@@@@
0-4(c):1:33.333||1-4(c):1:33.333||2-4(c):1:33.333
@@@@@@@@@@@@@@@@@@@@@@
REFUSED from 5
Operation : Type :C Id :0 Origine :0-6
@@@@@@@@@@@@@@@@@@@@@@
0-4(c):1:33.333||1-4(c):1:33.333||2-4(c):1:33.333
@@@@@@@@@@@@@@@@@@@@@@
REFUSED from 6
Operation : Type :C Id :0 Origine :0-0
@@@@@@@@@@@@@@@@@@@@@@
0-4(c):1:33.333||1-4(c):1:33.333||2-4(c):1:33.333
@@@@@@@@@@@@@@@@@@@@@@
ACCEPTED from 2
Operation : Type :C Id :0 Origine :1-0
@@@@@@@@@@@@@@@@@@@@@@
0-4(c):1:33.333||1-4(c):1:33.333||2-4(c):1:33.333
@@@@@@@@@@@@@@@@@@@@@@
REFUSED from 5
Operation : Type :C Id :0 Origine :0-0
@@@@@@@@@@@@@@@@@@@@@@
0-4(c):1:33.333||1-4(c):1:33.333||2-4(c):1:33.333
@@@@@@@@@@@@@@@@@@@@@@
ACCEPTED from 2
Operation : Type :C Id :0 Origine :0-2
@@@@@@@@@@@@@@@@@@@@@@
0-4(c):1:33.333||1-4(c):1:33.333||2-4(c):1:33.333
@@@@@@@@@@@@@@@@@@@@@@
ACCEPTED from 2
Operation : Type :C Id :0 Origine :1-2
@@@@@@@@@@@@@@@@@@@@@@
0-4(c):1:33.333||1-4(c):1:33.333||2-4(c):1:33.333
@@@@@@@@@@@@@@@@@@@@@@
ACCEPTED from 6
Operation : Type :C Id :0 Origine :1-6
@@@@@@@@@@@@@@@@@@@@@@
0-4(c):1:33.333||1-4(c):1:33.333||2-4(c):1:33.333
@@@@@@@@@@@@@@@@@@@@@@
ACCEPTED from 2
Operation : Type :C Id :0 Origine :2-0
@@@@@@@@@@@@@@@@@@@@@@
0-4(c):1:33.333||1-4(c):1:33.333||2-4(c):1:33.333
@@@@@@@@@@@@@@@@@@@@@@
REFUSED from 5
Operation : Type :C Id :0 Origine :1-6
@@@@@@@@@@@@@@@@@@@@@@
0-4(c):1:33.333||1-4(c):1:33.333||2-4(c):1:33.333
@@@@@@@@@@@@@@@@@@@@@@
REFUSED from 6
Operation : Type :C Id :0 Origine :1-0
@@@@@@@@@@@@@@@@@@@@@@
0-4(c):1:33.333||1-4(c):1:33.333||2-4(c):1:33.333
@@@@@@@@@@@@@@@@@@@@@@
ACCEPTED from 2
Operation : Type :C Id :0 Origine :1-1
@@@@@@@@@@@@@@@@@@@@@@
0-4(c):1:33.333||1-4(c):1:33.333||2-4(c):1:33.333
@@@@@@@@@@@@@@@@@@@@@@
ACCEPTED from 6
Operation : Type :C Id :0 Origine :2-6
@@@@@@@@@@@@@@@@@@@@@@
0-4(c):1:33.333||1-4(c):1:33.333||2-4(c):1:33.333
@@@@@@@@@@@@@@@@@@@@@@
REFUSED from 2
Operation : Type :C Id :0 Origine :0-6
@@@@@@@@@@@@@@@@@@@@@@
0-4(c):1:33.333||1-4(c):1:33.333||2-4(c):1:33.333
@@@@@@@@@@@@@@@@@@@@@@
REFUSED from 5
Operation : Type :C Id :0 Origine :2-6
@@@@@@@@@@@@@@@@@@@@@@
0-4(c):1:33.333||1-4(c):1:33.333||2-4(c):1:33.333
@@@@@@@@@@@@@@@@@@@@@@
REFUSED from 6
Operation : Type :C Id :0 Origine :0-1
@@@@@@@@@@@@@@@@@@@@@@
0-4(c):1:33.333||1-4(c):1:33.333||2-4(c):1:33.333
@@@@@@@@@@@@@@@@@@@@@@
ACCEPTED from 2
Operation : Type :C Id :0 Origine :2-1
@@@@@@@@@@@@@@@@@@@@@@
0-4(c):1:33.333||1-4(c):1:33.333||2-4(c):1:33.333
@@@@@@@@@@@@@@@@@@@@@@
ACCEPTED from 2
Operation : Type :C Id :0 Origine :3-0
@@@@@@@@@@@@@@@@@@@@@@
0-4(c):1:33.333||1-4(c):1:33.333||2-4(c):1:33.333
@@@@@@@@@@@@@@@@@@@@@@
ACCEPTED from 6
Operation : Type :C Id :0 Origine :3-6
@@@@@@@@@@@@@@@@@@@@@@
0-4(c):1:33.333||1-4(c):1:33.333||2-4(c):1:33.333
@@@@@@@@@@@@@@@@@@@@@@
REFUSED from 5
Operation : Type :C Id :0 Origine :3-6
@@@@@@@@@@@@@@@@@@@@@@
0-4(c):1:33.333||1-4(c):1:33.333||2-4(c):1:33.333
@@@@@@@@@@@@@@@@@@@@@@
REFUSED from 6
Operation : Type :C Id :0 Origine :2-0
@@@@@@@@@@@@@@@@@@@@@@
0-4(c):1:33.333||1-4(c):1:33.333||2-4(c):1:33.333
@@@@@@@@@@@@@@@@@@@@@@
ACCEPTED from 2
Operation : Type :C Id :0 Origine :3-1
@@@@@@@@@@@@@@@@@@@@@@
0-4(c):1:33.333||1-4(c):1:33.333||2-4(c):1:33.333
@@@@@@@@@@@@@@@@@@@@@@
ACCEPTED from 2
Operation : Type :C Id :0 Origine :0-3
@@@@@@@@@@@@@@@@@@@@@@
0-4(c):1:33.333||1-4(c):1:33.333||2-4(c):1:33.333
@@@@@@@@@@@@@@@@@@@@@@
ACCEPTED from 6
Operation : Type :C Id :0 Origine :4-6
@@@@@@@@@@@@@@@@@@@@@@
0-4(c):1:33.333||1-4(c):1:33.333||2-4(c):1:33.333
@@@@@@@@@@@@@@@@@@@@@@
REFUSED from 5
Operation : Type :C Id :0 Origine :4-6
@@@@@@@@@@@@@@@@@@@@@@
0-4(c):1:33.333||1-4(c):1:33.333||2-4(c):1:33.333
@@@@@@@@@@@@@@@@@@@@@@
ACCEPTED from 6
Operation : Type :C Id :0 Origine :5-6
@@@@@@@@@@@@@@@@@@@@@@
0-4(c):1:33.333||1-4(c):1:33.333||2-4(c):1:33.333
@@@@@@@@@@@@@@@@@@@@@@
ACCEPTED from 2
Bloc Chain :
Creator : 2
Depth : 1
Hash : 080f4978e1c1bf8828dc43fffff8d349e9523e2426bf090dc2786df2e9066e4000006be8b8b42b32da0566831fd6528280ae6ab293aaae82b57d6826c66c0ad6
Nonce : 160:136:67:211:136:104:193:155:87:250:203:152:34:205:148:12:238:4:202:224:66:199:151:69:198:216:7:4:121:52:165:142:
Number of Operations : 17
Type :C Id :0 Origine :0-4
Type :C Id :0 Origine :0-0
Type :C Id :0 Origine :0-1
Type :C Id :0 Origine :1-0
Type :C Id :0 Origine :0-2
Type :C Id :0 Origine :1-2
Type :C Id :0 Origine :2-0
Type :C Id :0 Origine :1-1
Type :C Id :0 Origine :0-6
Type :C Id :0 Origine :1-4
Type :C Id :0 Origine :2-1
Type :C Id :0 Origine :3-0
Type :C Id :0 Origine :2-4
Type :C Id :0 Origine :3-1
Type :C Id :0 Origine :0-3
Type :C Id :0 Origine :0-5
Type :C Id :0 Origine :1-5
--------------------------
Creator : 2
Depth : 0
Hash : 
Nonce : 
Number of Operations : 0
--------------------------

@@@@@@@@@@@@@@@@@@@@@@
0-4(c):1:33.333||1-4(c):1:33.333||2-4(c):1:33.333
@@@@@@@@@@@@@@@@@@@@@@
REFUSED from 6
Operation : Type :C Id :0 Origine :1-1
@@@@@@@@@@@@@@@@@@@@@@
0-4(c):1:33.333||1-4(c):1:33.333||2-4(c):1:33.333
@@@@@@@@@@@@@@@@@@@@@@
REFUSED from 5
Operation : Type :C Id :0 Origine :5-6
@@@@@@@@@@@@@@@@@@@@@@
0-4(c):1:33.333||1-4(c):1:33.333||2-4(c):1:33.333
@@@@@@@@@@@@@@@@@@@@@@
ACCEPTED from 4
Operation : Type :T Id :1 Origine :0-4 Destination :4-6 Valeur :0.92
@@@@@@@@@@@@@@@@@@@@@@
0-4(c):1:34.333||1-4(c):1:32.833||2-4(c):1:32.833
@@@@@@@@@@@@@@@@@@@@@@
ACCEPTED from 4
Operation : Type :T Id :1 Origine :1-4 Destination :1-6 Valeur :0.58
@@@@@@@@@@@@@@@@@@@@@@
0-4(c):1:33.822||1-4(c):1:33.833||2-4(c):1:32.344
@@@@@@@@@@@@@@@@@@@@@@
ACCEPTED from 6
Operation : Type :C Id :0 Origine :6-6
@@@@@@@@@@@@@@@@@@@@@@
0-4(c):1:33.822||1-4(c):1:33.833||2-4(c):1:32.344
@@@@@@@@@@@@@@@@@@@@@@
ACCEPTED from 4
Operation : Type :T Id :1 Origine :2-4 Destination :1-1 Valeur :0.56
@@@@@@@@@@@@@@@@@@@@@@
0-4(c):1:33.322||1-4(c):1:33.333||2-4(c):1:33.344
@@@@@@@@@@@@@@@@@@@@@@
ACCEPTED from 2
Operation : Type :C Id :0 Origine :1-3
@@@@@@@@@@@@@@@@@@@@@@
0-4(c):1:33.322||1-4(c):1:33.333||2-4(c):1:33.344
@@@@@@@@@@@@@@@@@@@@@@
REFUSED from 5
Operation : Type :C Id :0 Origine :6-6
@@@@@@@@@@@@@@@@@@@@@@
0-4(c):1:33.322||1-4(c):1:33.333||2-4(c):1:33.344
@@@@@@@@@@@@@@@@@@@@@@
ACCEPTED from 5
Operation : Type :T Id :1 Origine :0-5 Destination :2-5 Valeur :0.38
@@@@@@@@@@@@@@@@@@@@@@
0-4(c):1:33.322||1-4(c):1:33.333||2-4(c):1:33.344
@@@@@@@@@@@@@@@@@@@@@@
ACCEPTED from 6
Operation : Type :C Id :0 Origine :7-6
@@@@@@@@@@@@@@@@@@@@@@
0-4(c):1:33.322||1-4(c):1:33.333||2-4(c):1:33.344
@@@@@@@@@@@@@@@@@@@@@@
ACCEPTED from 2
Operation : Type :C Id :0 Origine :2-3
@@@@@@@@@@@@@@@@@@@@@@
0-4(c):1:33.322||1-4(c):1:33.333||2-4(c):1:33.344
@@@@@@@@@@@@@@@@@@@@@@
ACCEPTED from 5
Operation : Type :T Id :1 Origine :1-5 Destination :0-3 Valeur :0.2
@@@@@@@@@@@@@@@@@@@@@@
0-4(c):1:33.322||1-4(c):1:33.333||2-4(c):1:33.344
@@@@@@@@@@@@@@@@@@@@@@
ACCEPTED from 5
Operation : Type :T Id :1 Origine :2-5 Destination :2-0 Valeur :0.72
@@@@@@@@@@@@@@@@@@@@@@
0-4(c):1:33.322||1-4(c):1:33.333||2-4(c):1:33.344
@@@@@@@@@@@@@@@@@@@@@@
REFUSED from 5
Operation : Type :C Id :0 Origine :7-6
@@@@@@@@@@@@@@@@@@@@@@
0-4(c):1:33.322||1-4(c):1:33.333||2-4(c):1:33.344
@@@@@@@@@@@@@@@@@@@@@@
REFUSED from 6
Operation : Type :C Id :0 Origine :0-5
@@@@@@@@@@@@@@@@@@@@@@
0-4(c):1:33.322||1-4(c):1:33.333||2-4(c):1:33.344
@@@@@@@@@@@@@@@@@@@@@@
REFUSED from 6
Operation : Type :C Id :0 Origine :2-1
@@@@@@@@@@@@@@@@@@@@@@
0-4(c):1:33.322||1-4(c):1:33.333||2-4(c):1:33.344
@@@@@@@@@@@@@@@@@@@@@@
ACCEPTED from 2
Operation : Type :C Id :0 Origine :3-3
@@@@@@@@@@@@@@@@@@@@@@
0-4(c):1:33.322||1-4(c):1:33.333||2-4(c):1:33.344
@@@@@@@@@@@@@@@@@@@@@@
ACCEPTED from 6
Operation : Type :C Id :0 Origine :8-6
@@@@@@@@@@@@@@@@@@@@@@
0-4(c):1:33.322||1-4(c):1:33.333||2-4(c):1:33.344
@@@@@@@@@@@@@@@@@@@@@@
REFUSED from 5
Operation : Type :C Id :0 Origine :8-6
@@@@@@@@@@@@@@@@@@@@@@
0-4(c):1:33.322||1-4(c):1:33.333||2-4(c):1:33.344
@@@@@@@@@@@@@@@@@@@@@@
REFUSED from 6
Operation : Type :C Id :0 Origine :3-0
@@@@@@@@@@@@@@@@@@@@@@
0-4(c):1:33.322||1-4(c):1:33.333||2-4(c):1:33.344
@@@@@@@@@@@@@@@@@@@@@@
REFUSED from 2
Operation : Type :C Id :0 Origine :1-6
@@@@@@@@@@@@@@@@@@@@@@
0-4(c):1:33.322||1-4(c):1:33.333||2-4(c):1:33.344
@@@@@@@@@@@@@@@@@@@@@@
REFUSED from 6
Operation : Type :C Id :0 Origine :1-5
@@@@@@@@@@@@@@@@@@@@@@
0-4(c):1:33.322||1-4(c):1:33.333||2-4(c):1:33.344
@@@@@@@@@@@@@@@@@@@@@@
ACCEPTED from 2
Operation : Type :C Id :0 Origine :4-3
@@@@@@@@@@@@@@@@@@@@@@
0-4(c):1:33.322||1-4(c):1:33.333||2-4(c):1:33.344
@@@@@@@@@@@@@@@@@@@@@@
REFUSED from 6
Operation : Type :C Id :0 Origine :3-1
@@@@@@@@@@@@@@@@@@@@@@
0-4(c):1:33.322||1-4(c):1:33.333||2-4(c):1:33.344
@@@@@@@@@@@@@@@@@@@@@@
REFUSED from 6
Operation : Type :C Id :0 Origine :0-3
@@@@@@@@@@@@@@@@@@@@@@
0-4(c):1:33.322||1-4(c):1:33.333||2-4(c):1:33.344
@@@@@@@@@@@@@@@@@@@@@@
REFUSED from 2
Operation : Type :C Id :0 Origine :2-6
@@@@@@@@@@@@@@@@@@@@@@
0-4(c):1:33.322||1-4(c):1:33.333||2-4(c):1:33.344
@@@@@@@@@@@@@@@@@@@@@@
REFUSED from 6
Operation : Type :C Id :0 Origine :2-5
@@@@@@@@@@@@@@@@@@@@@@
0-4(c):1:33.322||1-4(c):1:33.333||2-4(c):1:33.344
@@@@@@@@@@@@@@@@@@@@@@
REFUSED from 6
Operation : Type :C Id :0 Origine :1-3
@@@@@@@@@@@@@@@@@@@@@@
0-4(c):1:33.322||1-4(c):1:33.333||2-4(c):1:33.344
@@@@@@@@@@@@@@@@@@@@@@
REFUSED from 6
Operation : Type :C Id :0 Origine :2-3
@@@@@@@@@@@@@@@@@@@@@@
0-4(c):1:33.322||1-4(c):1:33.333||2-4(c):1:33.344
@@@@@@@@@@@@@@@@@@@@@@
REFUSED from 2
Operation : Type :C Id :0 Origine :3-6
@@@@@@@@@@@@@@@@@@@@@@
0-4(c):1:33.322||1-4(c):1:33.333||2-4(c):1:33.344
@@@@@@@@@@@@@@@@@@@@@@
REFUSED from 6
Operation : Type :C Id :0 Origine :0-2
@@@@@@@@@@@@@@@@@@@@@@
0-4(c):1:33.322||1-4(c):1:33.333||2-4(c):1:33.344
@@@@@@@@@@@@@@@@@@@@@@
ACCEPTED from 4
Bloc Chain :
Creator : 4
Depth : 2
Hash : 34ec95c981aa7482d6becc5c1fb999035ddf0f990bb28e464078bda65ce14a5e0000044b7c48b44c50fdbb007fe8c500224b8b5b40cd96a98ca0b645d362d9b8
Nonce : 184:40:110:151:186:15:140:84:57:46:54:27:165:211:53:251:178:34:49:202:57:217:88:57:129:35:220:117:219:210:116:43:
Number of Operations : 19
Type :C Id :0 Origine :2-5
Type :C Id :0 Origine :1-6
Type :C Id :0 Origine :2-6
Type :C Id :0 Origine :3-6
Type :C Id :0 Origine :4-6
Type :C Id :0 Origine :5-6
Type :T Id :1 Origine :0-4 Destination :4-6 Valeur :0.92
Type :T Id :1 Origine :1-4 Destination :1-6 Valeur :0.58
Type :C Id :0 Origine :6-6
Type :T Id :1 Origine :2-4 Destination :1-1 Valeur :0.56
Type :C Id :0 Origine :1-3
Type :T Id :1 Origine :0-5 Destination :2-5 Valeur :0.38
Type :C Id :0 Origine :7-6
Type :C Id :0 Origine :2-3
Type :T Id :1 Origine :1-5 Destination :0-3 Valeur :0.2
Type :T Id :1 Origine :2-5 Destination :2-0 Valeur :0.72
Type :C Id :0 Origine :3-3
Type :C Id :0 Origine :8-6
Type :C Id :0 Origine :4-3
--------------------------
Creator : 2
Depth : 1
Hash : 080f4978e1c1bf8828dc43fffff8d349e9523e2426bf090dc2786df2e9066e4000006be8b8b42b32da0566831fd6528280ae6ab293aaae82b57d6826c66c0ad6
Nonce : 160:136:67:211:136:104:193:155:87:250:203:152:34:205:148:12:238:4:202:224:66:199:151:69:198:216:7:4:121:52:165:142:
Number of Operations : 17
Type :C Id :0 Origine :0-4
Type :C Id :0 Origine :0-0
Type :C Id :0 Origine :0-1
Type :C Id :0 Origine :1-0
Type :C Id :0 Origine :0-2
Type :C Id :0 Origine :1-2
Type :C Id :0 Origine :2-0
Type :C Id :0 Origine :1-1
Type :C Id :0 Origine :0-6
Type :C Id :0 Origine :1-4
Type :C Id :0 Origine :2-1
Type :C Id :0 Origine :3-0
Type :C Id :0 Origine :2-4
Type :C Id :0 Origine :3-1
Type :C Id :0 Origine :0-3
Type :C Id :0 Origine :0-5
Type :C Id :0 Origine :1-5
--------------------------
Creator : 2
Depth : 0
Hash : 
Nonce : 
Number of Operations : 0
--------------------------

@@@@@@@@@@@@@@@@@@@@@@
0-4(c):1.333:33.322||1-4(c):1.333:33.333||2-4(c):1.333:33.344
@@@@@@@@@@@@@@@@@@@@@@
REFUSED from 2
Operation : Type :C Id :0 Origine :4-6
@@@@@@@@@@@@@@@@@@@@@@
0-4(c):1.333:33.322||1-4(c):1.333:33.333||2-4(c):1.333:33.344
@@@@@@@@@@@@@@@@@@@@@@
REFUSED from 6
Operation : Type :C Id :0 Origine :3-3
@@@@@@@@@@@@@@@@@@@@@@
0-4(c):1.333:33.322||1-4(c):1.333:33.333||2-4(c):1.333:33.344
@@@@@@@@@@@@@@@@@@@@@@
REFUSED from 6
Operation : Type :C Id :0 Origine :1-2
@@@@@@@@@@@@@@@@@@@@@@
0-4(c):1.333:33.322||1-4(c):1.333:33.333||2-4(c):1.333:33.344
@@@@@@@@@@@@@@@@@@@@@@
REFUSED from 2
Operation : Type :C Id :0 Origine :5-6
@@@@@@@@@@@@@@@@@@@@@@
0-4(c):1.333:33.322||1-4(c):1.333:33.333||2-4(c):1.333:33.344
@@@@@@@@@@@@@@@@@@@@@@
ACCEPTED from 2
Operation : Type :T Id :1 Origine :0-0 Destination :0-2 Valeur :0.17
@@@@@@@@@@@@@@@@@@@@@@
0-4(c):1.333:33.322||1-4(c):1.333:33.333||2-4(c):1.333:33.344
@@@@@@@@@@@@@@@@@@@@@@
REFUSED from 6
Operation : Type :C Id :0 Origine :4-3
@@@@@@@@@@@@@@@@@@@@@@
0-4(c):1.333:33.322||1-4(c):1.333:33.333||2-4(c):1.333:33.344
@@@@@@@@@@@@@@@@@@@@@@
REFUSED from 6
Bloc Chain :
Creator : 6
Depth : 1
Hash : 6b1d57d8d93aca46c66df10ec2258c928a771ec8475ca4ab69fe993b515e4816f6c5df45e0fcf756e1d5d4aed04ceb11790f05c2ea47fb0edd8b0ea800000128
Nonce : 233:224:217:61:28:114:14:68:64:230:197:126:222:1:162:138:92:62:143:116:166:128:177:52:39:125:9:224:102:88:205:98:
Number of Operations : 30
Type :C Id :0 Origine :0-6
Type :C Id :0 Origine :0-0
Type :C Id :0 Origine :1-6
Type :C Id :0 Origine :1-0
Type :C Id :0 Origine :2-6
Type :C Id :0 Origine :0-1
Type :C Id :0 Origine :3-6
Type :C Id :0 Origine :2-0
Type :C Id :0 Origine :0-4
Type :C Id :0 Origine :4-6
Type :C Id :0 Origine :5-6
Type :C Id :0 Origine :1-1
Type :C Id :0 Origine :6-6
Type :C Id :0 Origine :7-6
Type :C Id :0 Origine :1-4
Type :C Id :0 Origine :0-5
Type :C Id :0 Origine :2-1
Type :C Id :0 Origine :8-6
Type :C Id :0 Origine :3-0
Type :C Id :0 Origine :2-4
Type :C Id :0 Origine :1-5
Type :C Id :0 Origine :3-1
Type :C Id :0 Origine :0-3
Type :C Id :0 Origine :2-5
Type :C Id :0 Origine :1-3
Type :C Id :0 Origine :2-3
Type :C Id :0 Origine :0-2
Type :C Id :0 Origine :3-3
Type :C Id :0 Origine :1-2
Type :C Id :0 Origine :4-3
--------------------------
Creator : 6
Depth : 0
Hash : 
Nonce : 
Number of Operations : 0
--------------------------

@@@@@@@@@@@@@@@@@@@@@@
0-4(c):1.333:33.322||1-4(c):1.333:33.333||2-4(c):1.333:33.344
@@@@@@@@@@@@@@@@@@@@@@
ACCEPTED from 4
Operation : Type :T Id :2 Origine :0-4 Destination :8-6 Valeur :0.64
@@@@@@@@@@@@@@@@@@@@@@
0-4(c):1.333:34.322||1-4(c):1.333:32.833||2-4(c):1.333:32.844
@@@@@@@@@@@@@@@@@@@@@@
ACCEPTED from 4
Operation : Type :D Id :3 Origine :0-4
@@@@@@@@@@@@@@@@@@@@@@
0-4(d):1.333:34.322||1-4(c):1.333:49.994||2-4(c):1.333:50.006
@@@@@@@@@@@@@@@@@@@@@@
ACCEPTED from 4
Operation : Type :T Id :2 Origine :1-4 Destination :7-6 Valeur :0.48
@@@@@@@@@@@@@@@@@@@@@@
0-4(d):1.333:34.322||1-4(c):1.333:50.994||2-4(c):1.333:49.006
@@@@@@@@@@@@@@@@@@@@@@
ACCEPTED from 4
Operation : Type :D Id :3 Origine :1-4
@@@@@@@@@@@@@@@@@@@@@@
0-4(d):1.333:34.322||1-4(d):1.333:50.994||2-4(c):1.333:100.0
@@@@@@@@@@@@@@@@@@@@@@
ACCEPTED from 4
Operation : Type :T Id :2 Origine :2-4 Destination :2-0 Valeur :0.68
@@@@@@@@@@@@@@@@@@@@@@
0-4(d):1.333:34.322||1-4(d):1.333:50.994||2-4(c):1.333:100.0
@@@@@@@@@@@@@@@@@@@@@@
ACCEPTED from 4
Operation : Type :D Id :3 Origine :2-4
@@@@@@@@@@@@@@@@@@@@@@
0-4(d):1.333:34.322||1-4(d):1.333:50.994||2-4(d):1.333:100.0
@@@@@@@@@@@@@@@@@@@@@@
ACCEPTED from 5
Operation : Type :T Id :2 Origine :0-5 Destination :0-2 Valeur :0.64
@@@@@@@@@@@@@@@@@@@@@@
0-4(d):1.333:34.322||1-4(d):1.333:50.994||2-4(d):1.333:100.0
@@@@@@@@@@@@@@@@@@@@@@
REFUSED from 2
Operation : Type :C Id :0 Origine :6-6
@@@@@@@@@@@@@@@@@@@@@@
0-4(d):1.333:34.322||1-4(d):1.333:50.994||2-4(d):1.333:100.0
@@@@@@@@@@@@@@@@@@@@@@
ACCEPTED from 5
Operation : Type :D Id :3 Origine :0-5
@@@@@@@@@@@@@@@@@@@@@@
0-4(d):1.333:34.322||1-4(d):1.333:50.994||2-4(d):1.333:100.0
@@@@@@@@@@@@@@@@@@@@@@
ACCEPTED from 6
Operation : Type :T Id :1 Origine :0-6 Destination :3-6 Valeur :1.056
@@@@@@@@@@@@@@@@@@@@@@
0-4(d):1.333:34.322||1-4(d):1.333:50.994||2-4(d):1.333:100.0
@@@@@@@@@@@@@@@@@@@@@@
ACCEPTED from 2
Operation : Type :T Id :1 Origine :0-1 Destination :3-1 Valeur :0.22
@@@@@@@@@@@@@@@@@@@@@@
0-4(d):1.333:34.322||1-4(d):1.333:50.994||2-4(d):1.333:100.0
@@@@@@@@@@@@@@@@@@@@@@
ACCEPTED from 5
Operation : Type :T Id :2 Origine :2-5 Destination :0-0 Valeur :0.61
@@@@@@@@@@@@@@@@@@@@@@
0-4(d):1.333:34.322||1-4(d):1.333:50.994||2-4(d):1.333:100.0
@@@@@@@@@@@@@@@@@@@@@@
ACCEPTED from 5
Operation : Type :D Id :3 Origine :2-5
@@@@@@@@@@@@@@@@@@@@@@
0-4(d):1.333:34.322||1-4(d):1.333:50.994||2-4(d):1.333:100.0
@@@@@@@@@@@@@@@@@@@@@@
ACCEPTED from 5
Operation : Type :T Id :2 Origine :1-5 Destination :0-5 Valeur :0.85
@@@@@@@@@@@@@@@@@@@@@@
0-4(d):1.333:34.322||1-4(d):1.333:50.994||2-4(d):1.333:100.0
@@@@@@@@@@@@@@@@@@@@@@
ACCEPTED from 2
Operation : Type :T Id :1 Origine :0-2 Destination :1-4 Valeur :0.495
@@@@@@@@@@@@@@@@@@@@@@
0-4(d):1.333:34.322||1-4(d):1.333:50.994||2-4(d):1.333:100.0
@@@@@@@@@@@@@@@@@@@@@@
REFUSED from 6
Operation : Type :T Id :1 Origine :0-0 Destination :0-2 Valeur :0.17
@@@@@@@@@@@@@@@@@@@@@@
0-4(d):1.333:34.322||1-4(d):1.333:50.994||2-4(d):1.333:100.0
@@@@@@@@@@@@@@@@@@@@@@
ACCEPTED from 5
Operation : Type :D Id :3 Origine :1-5
@@@@@@@@@@@@@@@@@@@@@@
0-4(d):1.333:34.322||1-4(d):1.333:50.994||2-4(d):1.333:100.0
@@@@@@@@@@@@@@@@@@@@@@
ACCEPTED from 2
Operation : Type :T Id :1 Origine :1-2 Destination :1-4 Valeur :0.18
@@@@@@@@@@@@@@@@@@@@@@
0-4(d):1.333:34.322||1-4(d):1.333:50.994||2-4(d):1.333:100.0
@@@@@@@@@@@@@@@@@@@@@@
ACCEPTED from 2
Operation : Type :T Id :1 Origine :1-0 Destination :1-1 Valeur :0.94
@@@@@@@@@@@@@@@@@@@@@@
0-4(d):1.333:34.322||1-4(d):1.333:50.994||2-4(d):1.333:100.0
@@@@@@@@@@@@@@@@@@@@@@
REFUSED from 5
Operation : Type :T Id :1 Origine :0-6 Destination :3-6 Valeur :1.056
@@@@@@@@@@@@@@@@@@@@@@
0-4(d):1.333:34.322||1-4(d):1.333:50.994||2-4(d):1.333:100.0
@@@@@@@@@@@@@@@@@@@@@@
REFUSED from 2
Operation : Type :C Id :0 Origine :7-6
@@@@@@@@@@@@@@@@@@@@@@
0-4(d):1.333:34.322||1-4(d):1.333:50.994||2-4(d):1.333:100.0
@@@@@@@@@@@@@@@@@@@@@@
ACCEPTED from 6
Operation : Type :T Id :1 Origine :1-6 Destination :4-6 Valeur :0.389
@@@@@@@@@@@@@@@@@@@@@@
0-4(d):1.333:34.322||1-4(d):1.333:50.994||2-4(d):1.333:100.0
@@@@@@@@@@@@@@@@@@@@@@
REFUSED from 5
Operation : Type :T Id :1 Origine :1-6 Destination :4-6 Valeur :0.389
@@@@@@@@@@@@@@@@@@@@@@
0-4(d):1.333:34.322||1-4(d):1.333:50.994||2-4(d):1.333:100.0
@@@@@@@@@@@@@@@@@@@@@@
ACCEPTED from 6
Operation : Type :T Id :1 Origine :2-6 Destination :0-6 Valeur :0.489
@@@@@@@@@@@@@@@@@@@@@@
0-4(d):1.333:34.322||1-4(d):1.333:50.994||2-4(d):1.333:100.0
@@@@@@@@@@@@@@@@@@@@@@
ACCEPTED from 2
Operation : Type :T Id :1 Origine :2-0 Destination :0-4 Valeur :0.63
@@@@@@@@@@@@@@@@@@@@@@
0-4(d):1.333:34.322||1-4(d):1.333:50.994||2-4(d):1.333:100.0
@@@@@@@@@@@@@@@@@@@@@@
REFUSED from 5
Operation : Type :T Id :1 Origine :2-6 Destination :0-6 Valeur :0.489
@@@@@@@@@@@@@@@@@@@@@@
0-4(d):1.333:34.322||1-4(d):1.333:50.994||2-4(d):1.333:100.0
@@@@@@@@@@@@@@@@@@@@@@
ACCEPTED from 2
Operation : Type :T Id :1 Origine :1-1 Destination :0-4 Valeur :0.87
@@@@@@@@@@@@@@@@@@@@@@
0-4(d):1.333:34.322||1-4(d):1.333:50.994||2-4(d):1.333:100.0
@@@@@@@@@@@@@@@@@@@@@@
REFUSED from 6
Operation : Type :T Id :1 Origine :1-0 Destination :1-1 Valeur :0.94
@@@@@@@@@@@@@@@@@@@@@@
0-4(d):1.333:34.322||1-4(d):1.333:50.994||2-4(d):1.333:100.0
@@@@@@@@@@@@@@@@@@@@@@
REFUSED from 5
Operation : Type :T Id :1 Origine :1-0 Destination :1-1 Valeur :0.94
@@@@@@@@@@@@@@@@@@@@@@
0-4(d):1.333:34.322||1-4(d):1.333:50.994||2-4(d):1.333:100.0
@@@@@@@@@@@@@@@@@@@@@@
ACCEPTED from 2
Operation : Type :T Id :1 Origine :3-0 Destination :1-4 Valeur :0.74
@@@@@@@@@@@@@@@@@@@@@@
0-4(d):1.333:34.322||1-4(d):1.333:50.994||2-4(d):1.333:100.0
@@@@@@@@@@@@@@@@@@@@@@
ACCEPTED from 6
Operation : Type :T Id :1 Origine :3-6 Destination :4-6 Valeur :0.144
@@@@@@@@@@@@@@@@@@@@@@
0-4(d):1.333:34.322||1-4(d):1.333:50.994||2-4(d):1.333:100.0
@@@@@@@@@@@@@@@@@@@@@@
ACCEPTED from 2
Operation : Type :T Id :1 Origine :2-1 Destination :1-0 Valeur :0.08
@@@@@@@@@@@@@@@@@@@@@@
0-4(d):1.333:34.322||1-4(d):1.333:50.994||2-4(d):1.333:100.0
@@@@@@@@@@@@@@@@@@@@@@
REFUSED from 2
Operation : Type :C Id :0 Origine :8-6
@@@@@@@@@@@@@@@@@@@@@@
0-4(d):1.333:34.322||1-4(d):1.333:50.994||2-4(d):1.333:100.0
@@@@@@@@@@@@@@@@@@@@@@
REFUSED from 6
Operation : Type :T Id :1 Origine :0-1 Destination :3-1 Valeur :0.22
@@@@@@@@@@@@@@@@@@@@@@
0-4(d):1.333:34.322||1-4(d):1.333:50.994||2-4(d):1.333:100.0
@@@@@@@@@@@@@@@@@@@@@@
REFUSED from 5
Operation : Type :T Id :1 Origine :3-6 Destination :4-6 Valeur :0.144
@@@@@@@@@@@@@@@@@@@@@@
0-4(d):1.333:34.322||1-4(d):1.333:50.994||2-4(d):1.333:100.0
@@@@@@@@@@@@@@@@@@@@@@
ACCEPTED from 2
Operation : Type :T Id :1 Origine :3-1 Destination :1-2 Valeur :0.9
@@@@@@@@@@@@@@@@@@@@@@
0-4(d):1.333:34.322||1-4(d):1.333:50.994||2-4(d):1.333:100.0
@@@@@@@@@@@@@@@@@@@@@@
REFUSED from 6
Operation : Type :T Id :1 Origine :2-0 Destination :0-4 Valeur :0.63
@@@@@@@@@@@@@@@@@@@@@@
0-4(d):1.333:34.322||1-4(d):1.333:50.994||2-4(d):1.333:100.0
@@@@@@@@@@@@@@@@@@@@@@
ACCEPTED from 2
Operation : Type :T Id :1 Origine :0-3 Destination :1-0 Valeur :0.76
@@@@@@@@@@@@@@@@@@@@@@
0-4(d):1.333:34.322||1-4(d):1.333:50.994||2-4(d):1.333:100.0
@@@@@@@@@@@@@@@@@@@@@@
REFUSED from 2
Bloc Chain :
Creator : 0
Depth : 2
Hash : e0e635ca4519df111246435da10de0f5f721f95f9810000057cde07d9d9eace2656331eda1a451b6da63e1f3b800d90b364c9e2056925b25cedab68c1d320f91
Nonce : 51:225:252:203:95:25:51:134:47:184:87:232:91:124:104:57:20:36:232:24:116:149:254:225:163:8:89:20:153:188:111:210:
Number of Operations : 16
Type :C Id :0 Origine :1-6
Type :C Id :0 Origine :2-6
Type :C Id :0 Origine :3-6
Type :C Id :0 Origine :4-6
Type :C Id :0 Origine :5-6
Type :T Id :1 Origine :0-0 Destination :0-2 Valeur :0.17
Type :C Id :0 Origine :6-6
Type :T Id :1 Origine :1-0 Destination :1-1 Valeur :0.94
Type :C Id :0 Origine :1-3
Type :T Id :1 Origine :2-0 Destination :0-4 Valeur :0.63
Type :C Id :0 Origine :7-6
Type :C Id :0 Origine :2-3
Type :T Id :1 Origine :3-0 Destination :1-4 Valeur :0.74
Type :C Id :0 Origine :2-5
Type :C Id :0 Origine :3-3
Type :C Id :0 Origine :8-6
--------------------------
Creator : 2
Depth : 1
Hash : 080f4978e1c1bf8828dc43fffff8d349e9523e2426bf090dc2786df2e9066e4000006be8b8b42b32da0566831fd6528280ae6ab293aaae82b57d6826c66c0ad6
Nonce : 160:136:67:211:136:104:193:155:87:250:203:152:34:205:148:12:238:4:202:224:66:199:151:69:198:216:7:4:121:52:165:142:
Number of Operations : 17
Type :C Id :0 Origine :0-4
Type :C Id :0 Origine :0-0
Type :C Id :0 Origine :0-1
Type :C Id :0 Origine :1-0
Type :C Id :0 Origine :0-2
Type :C Id :0 Origine :1-2
Type :C Id :0 Origine :2-0
Type :C Id :0 Origine :1-1
Type :C Id :0 Origine :0-6
Type :C Id :0 Origine :1-4
Type :C Id :0 Origine :2-1
Type :C Id :0 Origine :3-0
Type :C Id :0 Origine :2-4
Type :C Id :0 Origine :3-1
Type :C Id :0 Origine :0-3
Type :C Id :0 Origine :0-5
Type :C Id :0 Origine :1-5
--------------------------
Creator : 2
Depth : 0
Hash : 
Nonce : 
Number of Operations : 0
--------------------------

@@@@@@@@@@@@@@@@@@@@@@
0-4(d):1.333:34.322||1-4(d):1.333:50.994||2-4(d):1.333:100.0
@@@@@@@@@@@@@@@@@@@@@@
REFUSED from 6
Operation : Type :T Id :1 Origine :0-5 Destination :2-5 Valeur :0.38
@@@@@@@@@@@@@@@@@@@@@@
0-4(d):1.333:34.322||1-4(d):1.333:50.994||2-4(d):1.333:100.0
@@@@@@@@@@@@@@@@@@@@@@
ACCEPTED from 6
Operation : Type :T Id :1 Origine :4-6 Destination :1-0 Valeur :0.433
@@@@@@@@@@@@@@@@@@@@@@
0-4(d):1.333:34.322||1-4(d):1.333:50.994||2-4(d):1.333:100.0
@@@@@@@@@@@@@@@@@@@@@@
ACCEPTED from 2
Operation : Type :T Id :1 Origine :1-3 Destination :3-6 Valeur :0.36
@@@@@@@@@@@@@@@@@@@@@@
0-4(d):1.333:34.322||1-4(d):1.333:50.994||2-4(d):1.333:100.0
@@@@@@@@@@@@@@@@@@@@@@
REFUSED from 5
Operation : Type :T Id :1 Origine :4-6 Destination :1-0 Valeur :0.433
@@@@@@@@@@@@@@@@@@@@@@
0-4(d):1.333:34.322||1-4(d):1.333:50.994||2-4(d):1.333:100.0
@@@@@@@@@@@@@@@@@@@@@@
REFUSED from 6
Operation : Type :T Id :1 Origine :1-5 Destination :0-3 Valeur :0.2
@@@@@@@@@@@@@@@@@@@@@@
0-4(d):1.333:34.322||1-4(d):1.333:50.994||2-4(d):1.333:100.0
@@@@@@@@@@@@@@@@@@@@@@
ACCEPTED from 6
Operation : Type :T Id :1 Origine :5-6 Destination :1-4 Valeur :0.133
@@@@@@@@@@@@@@@@@@@@@@
0-4(d):1.333:34.322||1-4(d):1.333:50.994||2-4(d):1.333:100.0
@@@@@@@@@@@@@@@@@@@@@@
ACCEPTED from 2
Operation : Type :T Id :1 Origine :2-3 Destination :0-3 Valeur :0.27
@@@@@@@@@@@@@@@@@@@@@@
0-4(d):1.333:34.322||1-4(d):1.333:50.994||2-4(d):1.333:100.0
@@@@@@@@@@@@@@@@@@@@@@
REFUSED from 5
Operation : Type :T Id :1 Origine :5-6 Destination :1-4 Valeur :0.133
@@@@@@@@@@@@@@@@@@@@@@
0-4(d):1.333:34.322||1-4(d):1.333:50.994||2-4(d):1.333:100.0
@@@@@@@@@@@@@@@@@@@@@@
REFUSED from 6
Operation : Type :T Id :1 Origine :2-5 Destination :2-0 Valeur :0.72
@@@@@@@@@@@@@@@@@@@@@@
0-4(d):1.333:34.322||1-4(d):1.333:50.994||2-4(d):1.333:100.0
@@@@@@@@@@@@@@@@@@@@@@
REFUSED from 6
Operation : Type :T Id :1 Origine :1-1 Destination :0-4 Valeur :0.87
@@@@@@@@@@@@@@@@@@@@@@
0-4(d):1.333:34.322||1-4(d):1.333:50.994||2-4(d):1.333:100.0
@@@@@@@@@@@@@@@@@@@@@@
ACCEPTED from 2
Operation : Type :T Id :1 Origine :3-3 Destination :0-3 Valeur :0.45
@@@@@@@@@@@@@@@@@@@@@@
0-4(d):1.333:34.322||1-4(d):1.333:50.994||2-4(d):1.333:100.0
@@@@@@@@@@@@@@@@@@@@@@
REFUSED from 6
Operation : Type :T Id :1 Origine :3-0 Destination :1-4 Valeur :0.74
@@@@@@@@@@@@@@@@@@@@@@
0-4(d):1.333:34.322||1-4(d):1.333:50.994||2-4(d):1.333:100.0
@@@@@@@@@@@@@@@@@@@@@@
ACCEPTED from 6
Operation : Type :T Id :1 Origine :6-6 Destination :0-4 Valeur :0.367
@@@@@@@@@@@@@@@@@@@@@@
0-4(d):1.333:34.322||1-4(d):1.333:50.994||2-4(d):1.333:100.0
@@@@@@@@@@@@@@@@@@@@@@
ACCEPTED from 2
Bloc Chain :
Creator : 0
Depth : 3
Hash : 2d6367c22b65bab2950e5be8a5beb8d62059e11000002fe189dc24b77544e64258f7aa6c344529b986ea6ef777666858c4347954232292a5a65f88e8c9fe43fb
Nonce : 192:46:197:226:143:96:114:178:48:182:38:248:168:55:70:180:196:189:158:197:216:254:167:22:29:35:3:133:61:186:172:97:
Number of Operations : 1
Type :C Id :0 Origine :4-3
--------------------------
Creator : 0
Depth : 2
Hash : e0e635ca4519df111246435da10de0f5f721f95f9810000057cde07d9d9eace2656331eda1a451b6da63e1f3b800d90b364c9e2056925b25cedab68c1d320f91
Nonce : 51:225:252:203:95:25:51:134:47:184:87:232:91:124:104:57:20:36:232:24:116:149:254:225:163:8:89:20:153:188:111:210:
Number of Operations : 16
Type :C Id :0 Origine :1-6
Type :C Id :0 Origine :2-6
Type :C Id :0 Origine :3-6
Type :C Id :0 Origine :4-6
Type :C Id :0 Origine :5-6
Type :T Id :1 Origine :0-0 Destination :0-2 Valeur :0.17
Type :C Id :0 Origine :6-6
Type :T Id :1 Origine :1-0 Destination :1-1 Valeur :0.94
Type :C Id :0 Origine :1-3
Type :T Id :1 Origine :2-0 Destination :0-4 Valeur :0.63
Type :C Id :0 Origine :7-6
Type :C Id :0 Origine :2-3
Type :T Id :1 Origine :3-0 Destination :1-4 Valeur :0.74
Type :C Id :0 Origine :2-5
Type :C Id :0 Origine :3-3
Type :C Id :0 Origine :8-6
--------------------------
Creator : 2
Depth : 1
Hash : 080f4978e1c1bf8828dc43fffff8d349e9523e2426bf090dc2786df2e9066e4000006be8b8b42b32da0566831fd6528280ae6ab293aaae82b57d6826c66c0ad6
Nonce : 160:136:67:211:136:104:193:155:87:250:203:152:34:205:148:12:238:4:202:224:66:199:151:69:198:216:7:4:121:52:165:142:
Number of Operations : 17
Type :C Id :0 Origine :0-4
Type :C Id :0 Origine :0-0
Type :C Id :0 Origine :0-1
Type :C Id :0 Origine :1-0
Type :C Id :0 Origine :0-2
Type :C Id :0 Origine :1-2
Type :C Id :0 Origine :2-0
Type :C Id :0 Origine :1-1
Type :C Id :0 Origine :0-6
Type :C Id :0 Origine :1-4
Type :C Id :0 Origine :2-1
Type :C Id :0 Origine :3-0
Type :C Id :0 Origine :2-4
Type :C Id :0 Origine :3-1
Type :C Id :0 Origine :0-3
Type :C Id :0 Origine :0-5
Type :C Id :0 Origine :1-5
--------------------------
Creator : 2
Depth : 0
Hash : 
Nonce : 
Number of Operations : 0
--------------------------

@@@@@@@@@@@@@@@@@@@@@@
0-4(d):1.333:34.322||1-4(d):1.333:50.994||2-4(d):1.333:100.0
@@@@@@@@@@@@@@@@@@@@@@
REFUSED from 5
Operation : Type :T Id :1 Origine :6-6 Destination :0-4 Valeur :0.367
@@@@@@@@@@@@@@@@@@@@@@
0-4(d):1.333:34.322||1-4(d):1.333:50.994||2-4(d):1.333:100.0
@@@@@@@@@@@@@@@@@@@@@@
ACCEPTED from 6
Operation : Type :T Id :1 Origine :7-6 Destination :2-0 Valeur :0.222
@@@@@@@@@@@@@@@@@@@@@@
0-4(d):1.333:34.322||1-4(d):1.333:50.994||2-4(d):1.333:100.0
@@@@@@@@@@@@@@@@@@@@@@
ACCEPTED from 2
Operation : Type :T Id :1 Origine :4-3 Destination :3-1 Valeur :0.89
@@@@@@@@@@@@@@@@@@@@@@
0-4(d):1.333:34.322||1-4(d):1.333:50.994||2-4(d):1.333:100.0
@@@@@@@@@@@@@@@@@@@@@@
REFUSED from 5
Operation : Type :T Id :1 Origine :7-6 Destination :2-0 Valeur :0.222
@@@@@@@@@@@@@@@@@@@@@@
0-4(d):1.333:34.322||1-4(d):1.333:50.994||2-4(d):1.333:100.0
@@@@@@@@@@@@@@@@@@@@@@
REFUSED from 6
Operation : Type :T Id :1 Origine :2-1 Destination :1-0 Valeur :0.08
@@@@@@@@@@@@@@@@@@@@@@
0-4(d):1.333:34.322||1-4(d):1.333:50.994||2-4(d):1.333:100.0
@@@@@@@@@@@@@@@@@@@@@@
ACCEPTED from 6
Operation : Type :T Id :1 Origine :8-6 Destination :2-6 Valeur :0.078
@@@@@@@@@@@@@@@@@@@@@@
0-4(d):1.333:34.322||1-4(d):1.333:50.994||2-4(d):1.333:100.0
@@@@@@@@@@@@@@@@@@@@@@
REFUSED from 5
Operation : Type :T Id :1 Origine :8-6 Destination :2-6 Valeur :0.078
@@@@@@@@@@@@@@@@@@@@@@
0-4(d):1.333:34.322||1-4(d):1.333:50.994||2-4(d):1.333:100.0
@@@@@@@@@@@@@@@@@@@@@@
ACCEPTED from 2
Operation : Type :T Id :2 Origine :0-0 Destination :0-1 Valeur :0.39
@@@@@@@@@@@@@@@@@@@@@@
0-4(d):1.333:34.322||1-4(d):1.333:50.994||2-4(d):1.333:100.0
@@@@@@@@@@@@@@@@@@@@@@
REFUSED from 6
Operation : Type :T Id :1 Origine :0-3 Destination :1-0 Valeur :0.76
@@@@@@@@@@@@@@@@@@@@@@
0-4(d):1.333:34.322||1-4(d):1.333:50.994||2-4(d):1.333:100.0
@@@@@@@@@@@@@@@@@@@@@@
REFUSED from 6
Operation : Type :T Id :1 Origine :3-1 Destination :1-2 Valeur :0.9
@@@@@@@@@@@@@@@@@@@@@@
0-4(d):1.333:34.322||1-4(d):1.333:50.994||2-4(d):1.333:100.0
@@@@@@@@@@@@@@@@@@@@@@
ACCEPTED from 2
Operation : Type :T Id :2 Origine :0-2 Destination :1-4 Valeur :1.455
@@@@@@@@@@@@@@@@@@@@@@
0-4(d):1.333:34.322||1-4(d):1.333:50.994||2-4(d):1.333:100.0
@@@@@@@@@@@@@@@@@@@@@@
REFUSED from 6
Bloc Chain :
Creator : 0
Depth : 2
Hash : e0e635ca4519df111246435da10de0f5f721f95f9810000057cde07d9d9eace2656331eda1a451b6da63e1f3b800d90b364c9e2056925b25cedab68c1d320f91
Nonce : 51:225:252:203:95:25:51:134:47:184:87:232:91:124:104:57:20:36:232:24:116:149:254:225:163:8:89:20:153:188:111:210:
Number of Operations : 16
Type :C Id :0 Origine :1-6
Type :C Id :0 Origine :2-6
Type :C Id :0 Origine :3-6
Type :C Id :0 Origine :4-6
Type :C Id :0 Origine :5-6
Type :T Id :1 Origine :0-0 Destination :0-2 Valeur :0.17
Type :C Id :0 Origine :6-6
Type :T Id :1 Origine :1-0 Destination :1-1 Valeur :0.94
Type :C Id :0 Origine :1-3
Type :T Id :1 Origine :2-0 Destination :0-4 Valeur :0.63
Type :C Id :0 Origine :7-6
Type :C Id :0 Origine :2-3
Type :T Id :1 Origine :3-0 Destination :1-4 Valeur :0.74
Type :C Id :0 Origine :2-5
Type :C Id :0 Origine :3-3
Type :C Id :0 Origine :8-6
--------------------------
Creator : 2
Depth : 1
Hash : 080f4978e1c1bf8828dc43fffff8d349e9523e2426bf090dc2786df2e9066e4000006be8b8b42b32da0566831fd6528280ae6ab293aaae82b57d6826c66c0ad6
Nonce : 160:136:67:211:136:104:193:155:87:250:203:152:34:205:148:12:238:4:202:224:66:199:151:69:198:216:7:4:121:52:165:142:
Number of Operations : 17
Type :C Id :0 Origine :0-4
Type :C Id :0 Origine :0-0
Type :C Id :0 Origine :0-1
Type :C Id :0 Origine :1-0
Type :C Id :0 Origine :0-2
Type :C Id :0 Origine :1-2
Type :C Id :0 Origine :2-0
Type :C Id :0 Origine :1-1
Type :C Id :0 Origine :0-6
Type :C Id :0 Origine :1-4
Type :C Id :0 Origine :2-1
Type :C Id :0 Origine :3-0
Type :C Id :0 Origine :2-4
Type :C Id :0 Origine :3-1
Type :C Id :0 Origine :0-3
Type :C Id :0 Origine :0-5
Type :C Id :0 Origine :1-5
--------------------------
Creator : 2
Depth : 0
Hash : 
Nonce : 
Number of Operations : 0
--------------------------

@@@@@@@@@@@@@@@@@@@@@@
0-4(d):1.333:34.322||1-4(d):1.333:50.994||2-4(d):1.333:100.0
@@@@@@@@@@@@@@@@@@@@@@
ACCEPTED from 2
Operation : Type :D Id :3 Origine :0-2
@@@@@@@@@@@@@@@@@@@@@@
0-4(d):1.333:34.322||1-4(d):1.333:50.994||2-4(d):1.333:100.0
@@@@@@@@@@@@@@@@@@@@@@
REFUSED from 6
Operation : Type :T Id :1 Origine :1-3 Destination :3-6 Valeur :0.36
@@@@@@@@@@@@@@@@@@@@@@
0-4(d):1.333:34.322||1-4(d):1.333:50.994||2-4(d):1.333:100.0
@@@@@@@@@@@@@@@@@@@@@@
REFUSED from 6
Operation : Type :C Id :0 Origine :4-3
@@@@@@@@@@@@@@@@@@@@@@
0-4(d):1.333:34.322||1-4(d):1.333:50.994||2-4(d):1.333:100.0
@@@@@@@@@@@@@@@@@@@@@@
ACCEPTED from 2
Operation : Type :T Id :2 Origine :1-2 Destination :3-6 Valeur :1.425
@@@@@@@@@@@@@@@@@@@@@@
0-4(d):1.333:34.322||1-4(d):1.333:50.994||2-4(d):1.333:100.0
@@@@@@@@@@@@@@@@@@@@@@
REFUSED from 6
Operation : Type :T Id :1 Origine :2-3 Destination :0-3 Valeur :0.27
@@@@@@@@@@@@@@@@@@@@@@
0-4(d):1.333:34.322||1-4(d):1.333:50.994||2-4(d):1.333:100.0
@@@@@@@@@@@@@@@@@@@@@@
ACCEPTED from 2
Operation : Type :D Id :3 Origine :1-2
@@@@@@@@@@@@@@@@@@@@@@
0-4(d):1.333:34.322||1-4(d):1.333:50.994||2-4(d):1.333:100.0
@@@@@@@@@@@@@@@@@@@@@@
ACCEPTED from 2
Operation : Type :T Id :2 Origine :0-1 Destination :2-0 Valeur :0.93
@@@@@@@@@@@@@@@@@@@@@@
0-4(d):1.333:34.322||1-4(d):1.333:50.994||2-4(d):1.333:100.0
@@@@@@@@@@@@@@@@@@@@@@
REFUSED from 6
Operation : Type :C Id :0 Origine :4-3
@@@@@@@@@@@@@@@@@@@@@@
0-4(d):1.333:34.322||1-4(d):1.333:50.994||2-4(d):1.333:100.0
@@@@@@@@@@@@@@@@@@@@@@
REFUSED from 6
Operation : Type :C Id :0 Origine :4-3
@@@@@@@@@@@@@@@@@@@@@@
0-4(d):1.333:34.322||1-4(d):1.333:50.994||2-4(d):1.333:100.0
@@@@@@@@@@@@@@@@@@@@@@
ACCEPTED from 2
Operation : Type :D Id :3 Origine :0-0
@@@@@@@@@@@@@@@@@@@@@@
0-4(d):1.333:34.322||1-4(d):1.333:50.994||2-4(d):1.333:100.0
@@@@@@@@@@@@@@@@@@@@@@
ACCEPTED from 2
Operation : Type :T Id :2 Origine :0-3 Destination :5-6 Valeur :0.492
@@@@@@@@@@@@@@@@@@@@@@
0-4(d):1.333:34.322||1-4(d):1.333:50.994||2-4(d):1.333:100.0
@@@@@@@@@@@@@@@@@@@@@@
REFUSED from 2
Operation : Type :T Id :1 Origine :0-6 Destination :3-6 Valeur :1.056
@@@@@@@@@@@@@@@@@@@@@@
0-4(d):1.333:34.322||1-4(d):1.333:50.994||2-4(d):1.333:100.0
@@@@@@@@@@@@@@@@@@@@@@
ACCEPTED from 2
Operation : Type :D Id :3 Origine :0-1
@@@@@@@@@@@@@@@@@@@@@@
0-4(d):1.333:34.322||1-4(d):1.333:50.994||2-4(d):1.333:100.0
@@@@@@@@@@@@@@@@@@@@@@
REFUSED from 6
Operation : Type :T Id :1 Origine :3-3 Destination :0-3 Valeur :0.45
@@@@@@@@@@@@@@@@@@@@@@
0-4(d):1.333:34.322||1-4(d):1.333:50.994||2-4(d):1.333:100.0
@@@@@@@@@@@@@@@@@@@@@@
ACCEPTED from 2
Operation : Type :T Id :2 Origine :1-0 Destination :2-4 Valeur :0.045
@@@@@@@@@@@@@@@@@@@@@@
0-4(d):1.333:34.322||1-4(d):1.333:50.994||2-4(d):1.333:100.0
@@@@@@@@@@@@@@@@@@@@@@
ACCEPTED from 2
Operation : Type :D Id :3 Origine :0-3
@@@@@@@@@@@@@@@@@@@@@@
0-4(d):1.333:34.322||1-4(d):1.333:50.994||2-4(d):1.333:100.0
@@@@@@@@@@@@@@@@@@@@@@
REFUSED from 6
Bloc Chain :
Creator : 0
Depth : 3
Hash : 2d6367c22b65bab2950e5be8a5beb8d62059e11000002fe189dc24b77544e64258f7aa6c344529b986ea6ef777666858c4347954232292a5a65f88e8c9fe43fb
Nonce : 192:46:197:226:143:96:114:178:48:182:38:248:168:55:70:180:196:189:158:197:216:254:167:22:29:35:3:133:61:186:172:97:
Number of Operations : 1
Type :C Id :0 Origine :4-3
--------------------------
Creator : 0
Depth : 2
Hash : e0e635ca4519df111246435da10de0f5f721f95f9810000057cde07d9d9eace2656331eda1a451b6da63e1f3b800d90b364c9e2056925b25cedab68c1d320f91
Nonce : 51:225:252:203:95:25:51:134:47:184:87:232:91:124:104:57:20:36:232:24:116:149:254:225:163:8:89:20:153:188:111:210:
Number of Operations : 16
Type :C Id :0 Origine :1-6
Type :C Id :0 Origine :2-6
Type :C Id :0 Origine :3-6
Type :C Id :0 Origine :4-6
Type :C Id :0 Origine :5-6
Type :T Id :1 Origine :0-0 Destination :0-2 Valeur :0.17
Type :C Id :0 Origine :6-6
Type :T Id :1 Origine :1-0 Destination :1-1 Valeur :0.94
Type :C Id :0 Origine :1-3
Type :T Id :1 Origine :2-0 Destination :0-4 Valeur :0.63
Type :C Id :0 Origine :7-6
Type :C Id :0 Origine :2-3
Type :T Id :1 Origine :3-0 Destination :1-4 Valeur :0.74
Type :C Id :0 Origine :2-5
Type :C Id :0 Origine :3-3
Type :C Id :0 Origine :8-6
--------------------------
Creator : 2
Depth : 1
Hash : 080f4978e1c1bf8828dc43fffff8d349e9523e2426bf090dc2786df2e9066e4000006be8b8b42b32da0566831fd6528280ae6ab293aaae82b57d6826c66c0ad6
Nonce : 160:136:67:211:136:104:193:155:87:250:203:152:34:205:148:12:238:4:202:224:66:199:151:69:198:216:7:4:121:52:165:142:
Number of Operations : 17
Type :C Id :0 Origine :0-4
Type :C Id :0 Origine :0-0
Type :C Id :0 Origine :0-1
Type :C Id :0 Origine :1-0
Type :C Id :0 Origine :0-2
Type :C Id :0 Origine :1-2
Type :C Id :0 Origine :2-0
Type :C Id :0 Origine :1-1
Type :C Id :0 Origine :0-6
Type :C Id :0 Origine :1-4
Type :C Id :0 Origine :2-1
Type :C Id :0 Origine :3-0
Type :C Id :0 Origine :2-4
Type :C Id :0 Origine :3-1
Type :C Id :0 Origine :0-3
Type :C Id :0 Origine :0-5
Type :C Id :0 Origine :1-5
--------------------------
Creator : 2
Depth : 0
Hash : 
Nonce : 
Number of Operations : 0
--------------------------

@@@@@@@@@@@@@@@@@@@@@@
0-4(d):1.333:34.322||1-4(d):1.333:50.994||2-4(d):1.333:100.0
@@@@@@@@@@@@@@@@@@@@@@
ACCEPTED from 2
Operation : Type :T Id :2 Origine :1-1 Destination :8-6 Valeur :0.87
@@@@@@@@@@@@@@@@@@@@@@
0-4(d):1.333:34.322||1-4(d):1.333:50.994||2-4(d):1.333:100.0
@@@@@@@@@@@@@@@@@@@@@@
ACCEPTED from 2
Operation : Type :D Id :3 Origine :1-0
@@@@@@@@@@@@@@@@@@@@@@
0-4(d):1.333:34.322||1-4(d):1.333:50.994||2-4(d):1.333:100.0
@@@@@@@@@@@@@@@@@@@@@@
REFUSED from 6
Operation : Type :T Id :1 Origine :4-3 Destination :3-1 Valeur :0.89
@@@@@@@@@@@@@@@@@@@@@@
0-4(d):1.333:34.322||1-4(d):1.333:50.994||2-4(d):1.333:100.0
@@@@@@@@@@@@@@@@@@@@@@
ACCEPTED from 2
Operation : Type :T Id :2 Origine :2-0 Destination :3-6 Valeur :0.15
@@@@@@@@@@@@@@@@@@@@@@
0-4(d):1.333:34.322||1-4(d):1.333:50.994||2-4(d):1.333:100.0
@@@@@@@@@@@@@@@@@@@@@@
ACCEPTED from 6
Operation : Type :T Id :2 Origine :0-6 Destination :6-6 Valeur :0.322
@@@@@@@@@@@@@@@@@@@@@@
0-4(d):1.333:34.322||1-4(d):1.333:50.994||2-4(d):1.333:100.0
@@@@@@@@@@@@@@@@@@@@@@
ACCEPTED from 5
Bloc Chain :
Creator : 5
Depth : 4
Hash : 8958400000cbb44e96009445fec56c8297958e7dd8291b0948e2ad8856ecd525520d34003ab008f231c20efb455c2c5473ef7ba8bbcbafba09d9d10ef08b9569
Nonce : 215:145:232:127:185:9:69:89:249:224:19:149:93:31:177:190:204:118:13:24:161:73:18:60:102:141:104:184:140:244:60:222:
Number of Operations : 46
Type :T Id :2 Origine :0-4 Destination :8-6 Valeur :0.64
Type :T Id :2 Origine :0-5 Destination :0-2 Valeur :0.64
Type :D Id :3 Origine :0-5
Type :T Id :2 Origine :2-5 Destination :0-0 Valeur :0.61
Type :D Id :3 Origine :2-5
Type :T Id :2 Origine :1-5 Destination :0-5 Valeur :0.85
Type :D Id :3 Origine :1-5
Type :D Id :3 Origine :0-4
Type :T Id :2 Origine :1-4 Destination :7-6 Valeur :0.48
Type :T Id :1 Origine :0-6 Destination :3-6 Valeur :1.056
Type :D Id :3 Origine :1-4
Type :T Id :2 Origine :2-4 Destination :2-0 Valeur :0.68
Type :D Id :3 Origine :2-4
Type :T Id :1 Origine :0-1 Destination :3-1 Valeur :0.22
Type :T Id :1 Origine :1-6 Destination :4-6 Valeur :0.389
Type :T Id :1 Origine :0-2 Destination :1-4 Valeur :0.495
Type :T Id :1 Origine :2-6 Destination :0-6 Valeur :0.489
Type :T Id :1 Origine :1-2 Destination :1-4 Valeur :0.18
Type :T Id :1 Origine :3-6 Destination :4-6 Valeur :0.144
Type :T Id :1 Origine :1-1 Destination :0-4 Valeur :0.87
Type :T Id :1 Origine :2-1 Destination :1-0 Valeur :0.08
Type :T Id :1 Origine :3-1 Destination :1-2 Valeur :0.9
Type :T Id :1 Origine :0-3 Destination :1-0 Valeur :0.76
Type :T Id :1 Origine :4-6 Destination :1-0 Valeur :0.433
Type :T Id :1 Origine :1-3 Destination :3-6 Valeur :0.36
Type :T Id :1 Origine :5-6 Destination :1-4 Valeur :0.133
Type :T Id :1 Origine :2-3 Destination :0-3 Valeur :0.27
Type :T Id :1 Origine :3-3 Destination :0-3 Valeur :0.45
Type :T Id :1 Origine :6-6 Destination :0-4 Valeur :0.367
Type :T Id :1 Origine :7-6 Destination :2-0 Valeur :0.222
Type :T Id :1 Origine :4-3 Destination :3-1 Valeur :0.89
Type :T Id :1 Origine :8-6 Destination :2-6 Valeur :0.078
Type :T Id :2 Origine :0-0 Destination :0-1 Valeur :0.39
Type :T Id :2 Origine :0-2 Destination :1-4 Valeur :1.455
Type :D Id :3 Origine :0-2
Type :T Id :2 Origine :1-2 Destination :3-6 Valeur :1.425
Type :D Id :3 Origine :1-2
Type :T Id :2 Origine :0-1 Destination :2-0 Valeur :0.93
Type :D Id :3 Origine :0-0
Type :T Id :2 Origine :0-3 Destination :5-6 Valeur :0.492
Type :D Id :3 Origine :0-1
Type :T Id :2 Origine :1-0 Destination :2-4 Valeur :0.045
Type :D Id :3 Origine :0-3
Type :T Id :2 Origine :1-1 Destination :8-6 Valeur :0.87
Type :D Id :3 Origine :1-0
Type :T Id :2 Origine :2-0 Destination :3-6 Valeur :0.15
--------------------------
Creator : 0
Depth : 3
Hash : 2d6367c22b65bab2950e5be8a5beb8d62059e11000002fe189dc24b77544e64258f7aa6c344529b986ea6ef777666858c4347954232292a5a65f88e8c9fe43fb
Nonce : 192:46:197:226:143:96:114:178:48:182:38:248:168:55:70:180:196:189:158:197:216:254:167:22:29:35:3:133:61:186:172:97:
Number of Operations : 1
Type :C Id :0 Origine :4-3
--------------------------
Creator : 0
Depth : 2
Hash : e0e635ca4519df111246435da10de0f5f721f95f9810000057cde07d9d9eace2656331eda1a451b6da63e1f3b800d90b364c9e2056925b25cedab68c1d320f91
Nonce : 51:225:252:203:95:25:51:134:47:184:87:232:91:124:104:57:20:36:232:24:116:149:254:225:163:8:89:20:153:188:111:210:
Number of Operations : 16
Type :C Id :0 Origine :1-6
Type :C Id :0 Origine :2-6
Type :C Id :0 Origine :3-6
Type :C Id :0 Origine :4-6
Type :C Id :0 Origine :5-6
Type :T Id :1 Origine :0-0 Destination :0-2 Valeur :0.17
Type :C Id :0 Origine :6-6
Type :T Id :1 Origine :1-0 Destination :1-1 Valeur :0.94
Type :C Id :0 Origine :1-3
Type :T Id :1 Origine :2-0 Destination :0-4 Valeur :0.63
Type :C Id :0 Origine :7-6
Type :C Id :0 Origine :2-3
Type :T Id :1 Origine :3-0 Destination :1-4 Valeur :0.74
Type :C Id :0 Origine :2-5
Type :C Id :0 Origine :3-3
Type :C Id :0 Origine :8-6
--------------------------
Creator : 2
Depth : 1
Hash : 080f4978e1c1bf8828dc43fffff8d349e9523e2426bf090dc2786df2e9066e4000006be8b8b42b32da0566831fd6528280ae6ab293aaae82b57d6826c66c0ad6
Nonce : 160:136:67:211:136:104:193:155:87:250:203:152:34:205:148:12:238:4:202:224:66:199:151:69:198:216:7:4:121:52:165:142:
Number of Operations : 17
Type :C Id :0 Origine :0-4
Type :C Id :0 Origine :0-0
Type :C Id :0 Origine :0-1
Type :C Id :0 Origine :1-0
Type :C Id :0 Origine :0-2
Type :C Id :0 Origine :1-2
Type :C Id :0 Origine :2-0
Type :C Id :0 Origine :1-1
Type :C Id :0 Origine :0-6
Type :C Id :0 Origine :1-4
Type :C Id :0 Origine :2-1
Type :C Id :0 Origine :3-0
Type :C Id :0 Origine :2-4
Type :C Id :0 Origine :3-1
Type :C Id :0 Origine :0-3
Type :C Id :0 Origine :0-5
Type :C Id :0 Origine :1-5
--------------------------
Creator : 2
Depth : 0
Hash : 
Nonce : 
Number of Operations : 0
--------------------------

@@@@@@@@@@@@@@@@@@@@@@
0-4(d):1.963:34.322||1-4(d):2.073:50.994||2-4(d):1.333:100.0
@@@@@@@@@@@@@@@@@@@@@@
REFUSED from 5
Operation : Type :T Id :2 Origine :0-6 Destination :6-6 Valeur :0.322
@@@@@@@@@@@@@@@@@@@@@@
0-4(d):1.963:34.322||1-4(d):2.073:50.994||2-4(d):1.333:100.0
@@@@@@@@@@@@@@@@@@@@@@
ACCEPTED from 2
Operation : Type :D Id :3 Origine :1-1
@@@@@@@@@@@@@@@@@@@@@@
0-4(d):1.963:34.322||1-4(d):2.073:50.994||2-4(d):1.333:100.0
@@@@@@@@@@@@@@@@@@@@@@
ACCEPTED from 6
Operation : Type :D Id :3 Origine :0-6
@@@@@@@@@@@@@@@@@@@@@@
0-4(d):1.963:34.322||1-4(d):2.073:50.994||2-4(d):1.333:100.0
@@@@@@@@@@@@@@@@@@@@@@
REFUSED from 5
Operation : Type :D Id :3 Origine :0-6
@@@@@@@@@@@@@@@@@@@@@@
0-4(d):1.963:34.322||1-4(d):2.073:50.994||2-4(d):1.333:100.0
@@@@@@@@@@@@@@@@@@@@@@
REFUSED from 6
Operation : Type :T Id :2 Origine :0-0 Destination :0-1 Valeur :0.39
@@@@@@@@@@@@@@@@@@@@@@
0-4(d):1.963:34.322||1-4(d):2.073:50.994||2-4(d):1.333:100.0
@@@@@@@@@@@@@@@@@@@@@@
ACCEPTED from 2
Operation : Type :T Id :2 Origine :2-1 Destination :7-6 Valeur :0.58
@@@@@@@@@@@@@@@@@@@@@@
0-4(d):1.963:34.322||1-4(d):2.073:50.994||2-4(d):1.333:100.0
@@@@@@@@@@@@@@@@@@@@@@
REFUSED from 6
Operation : Type :T Id :2 Origine :0-4 Destination :8-6 Valeur :0.64
@@@@@@@@@@@@@@@@@@@@@@
0-4(d):1.963:34.322||1-4(d):2.073:50.994||2-4(d):1.333:100.0
@@@@@@@@@@@@@@@@@@@@@@
ACCEPTED from 2
Operation : Type :D Id :3 Origine :2-0
@@@@@@@@@@@@@@@@@@@@@@
0-4(d):1.963:34.322||1-4(d):2.073:50.994||2-4(d):1.333:100.0
@@@@@@@@@@@@@@@@@@@@@@
ACCEPTED from 2
Operation : Type :T Id :2 Origine :1-3 Destination :2-6 Valeur :0.792
@@@@@@@@@@@@@@@@@@@@@@
0-4(d):1.963:34.322||1-4(d):2.073:50.994||2-4(d):1.333:100.0
@@@@@@@@@@@@@@@@@@@@@@
ACCEPTED from 6
Operation : Type :T Id :2 Origine :1-6 Destination :2-0 Valeur :0.022
@@@@@@@@@@@@@@@@@@@@@@
0-4(d):1.963:34.322||1-4(d):2.073:50.994||2-4(d):1.333:100.0
@@@@@@@@@@@@@@@@@@@@@@
ACCEPTED from 2
Operation : Type :T Id :2 Origine :3-0 Destination :0-4 Valeur :0.615
@@@@@@@@@@@@@@@@@@@@@@
0-4(d):1.963:34.322||1-4(d):2.073:50.994||2-4(d):1.333:100.0
@@@@@@@@@@@@@@@@@@@@@@
REFUSED from 5
Operation : Type :T Id :2 Origine :1-6 Destination :2-0 Valeur :0.022
@@@@@@@@@@@@@@@@@@@@@@
0-4(d):1.963:34.322||1-4(d):2.073:50.994||2-4(d):1.333:100.0
@@@@@@@@@@@@@@@@@@@@@@
ACCEPTED from 6
Operation : Type :D Id :3 Origine :1-6
@@@@@@@@@@@@@@@@@@@@@@
0-4(d):1.963:34.322||1-4(d):2.073:50.994||2-4(d):1.333:100.0
@@@@@@@@@@@@@@@@@@@@@@
REFUSED from 5
Operation : Type :D Id :3 Origine :1-6
@@@@@@@@@@@@@@@@@@@@@@
0-4(d):1.963:34.322||1-4(d):2.073:50.994||2-4(d):1.333:100.0
@@@@@@@@@@@@@@@@@@@@@@
ACCEPTED from 2
Operation : Type :D Id :3 Origine :2-1
@@@@@@@@@@@@@@@@@@@@@@
0-4(d):1.963:34.322||1-4(d):2.073:50.994||2-4(d):1.333:100.0
@@@@@@@@@@@@@@@@@@@@@@
ACCEPTED from 6
Operation : Type :T Id :2 Origine :2-6 Destination :2-4 Valeur :0.056
@@@@@@@@@@@@@@@@@@@@@@
0-4(d):1.963:34.322||1-4(d):2.073:50.994||2-4(d):1.333:100.0
@@@@@@@@@@@@@@@@@@@@@@
REFUSED from 5
Operation : Type :T Id :2 Origine :2-6 Destination :2-4 Valeur :0.056
@@@@@@@@@@@@@@@@@@@@@@
0-4(d):1.963:34.322||1-4(d):2.073:50.994||2-4(d):1.333:100.0
@@@@@@@@@@@@@@@@@@@@@@
ACCEPTED from 2
Operation : Type :D Id :3 Origine :1-3
@@@@@@@@@@@@@@@@@@@@@@
0-4(d):1.963:34.322||1-4(d):2.073:50.994||2-4(d):1.333:100.0
@@@@@@@@@@@@@@@@@@@@@@
ACCEPTED from 6
Operation : Type :D Id :3 Origine :2-6
@@@@@@@@@@@@@@@@@@@@@@
0-4(d):1.963:34.322||1-4(d):2.073:50.994||2-4(d):1.333:100.0
@@@@@@@@@@@@@@@@@@@@@@
REFUSED from 5
Operation : Type :D Id :3 Origine :2-6
@@@@@@@@@@@@@@@@@@@@@@
0-4(d):1.963:34.322||1-4(d):2.073:50.994||2-4(d):1.333:100.0
@@@@@@@@@@@@@@@@@@@@@@
ACCEPTED from 2
Operation : Type :T Id :2 Origine :3-1 Destination :1-4 Valeur :0.94
@@@@@@@@@@@@@@@@@@@@@@
0-4(d):1.963:34.322||1-4(d):2.073:50.994||2-4(d):1.333:100.0
@@@@@@@@@@@@@@@@@@@@@@
ACCEPTED from 6
Operation : Type :T Id :2 Origine :3-6 Destination :1-3 Valeur :0.956
@@@@@@@@@@@@@@@@@@@@@@
0-4(d):1.963:34.322||1-4(d):2.073:50.994||2-4(d):1.333:100.0
@@@@@@@@@@@@@@@@@@@@@@
REFUSED from 5
Operation : Type :T Id :2 Origine :3-6 Destination :1-3 Valeur :0.956
@@@@@@@@@@@@@@@@@@@@@@
0-4(d):1.963:34.322||1-4(d):2.073:50.994||2-4(d):1.333:100.0
@@@@@@@@@@@@@@@@@@@@@@
ACCEPTED from 2
Operation : Type :D Id :3 Origine :3-0
@@@@@@@@@@@@@@@@@@@@@@
0-4(d):1.963:34.322||1-4(d):2.073:50.994||2-4(d):1.333:100.0
@@@@@@@@@@@@@@@@@@@@@@
ACCEPTED from 6
Operation : Type :D Id :3 Origine :3-6
@@@@@@@@@@@@@@@@@@@@@@
0-4(d):1.963:34.322||1-4(d):2.073:50.994||2-4(d):1.333:100.0
@@@@@@@@@@@@@@@@@@@@@@
ACCEPTED from 2
Operation : Type :T Id :2 Origine :2-3 Destination :3-0 Valeur :0.612
@@@@@@@@@@@@@@@@@@@@@@
0-4(d):1.963:34.322||1-4(d):2.073:50.994||2-4(d):1.333:100.0
@@@@@@@@@@@@@@@@@@@@@@
REFUSED from 5
Operation : Type :D Id :3 Origine :3-6
@@@@@@@@@@@@@@@@@@@@@@
0-4(d):1.963:34.322||1-4(d):2.073:50.994||2-4(d):1.333:100.0
@@@@@@@@@@@@@@@@@@@@@@
REFUSED from 6
Operation : Type :T Id :2 Origine :0-3 Destination :5-6 Valeur :0.492
@@@@@@@@@@@@@@@@@@@@@@
0-4(d):1.963:34.322||1-4(d):2.073:50.994||2-4(d):1.333:100.0
@@@@@@@@@@@@@@@@@@@@@@
ACCEPTED from 2
Operation : Type :D Id :3 Origine :3-1
@@@@@@@@@@@@@@@@@@@@@@
0-4(d):1.963:34.322||1-4(d):2.073:50.994||2-4(d):1.333:100.0
@@@@@@@@@@@@@@@@@@@@@@
REFUSED from 6
Operation : Type :D Id :3 Origine :0-0
@@@@@@@@@@@@@@@@@@@@@@
0-4(d):1.963:34.322||1-4(d):2.073:50.994||2-4(d):1.333:100.0
@@@@@@@@@@@@@@@@@@@@@@
ACCEPTED from 2
Operation : Type :D Id :3 Origine :2-3
@@@@@@@@@@@@@@@@@@@@@@
0-4(d):1.963:34.322||1-4(d):2.073:50.994||2-4(d):1.333:100.0
@@@@@@@@@@@@@@@@@@@@@@
REFUSED from 2
Operation : Type :T Id :1 Origine :1-6 Destination :4-6 Valeur :0.389
@@@@@@@@@@@@@@@@@@@@@@
0-4(d):1.963:34.322||1-4(d):2.073:50.994||2-4(d):1.333:100.0
@@@@@@@@@@@@@@@@@@@@@@
REFUSED from 6
Operation : Type :T Id :2 Origine :0-1 Destination :2-0 Valeur :0.93
@@@@@@@@@@@@@@@@@@@@@@
0-4(d):1.963:34.322||1-4(d):2.073:50.994||2-4(d):1.333:100.0
@@@@@@@@@@@@@@@@@@@@@@
REFUSED from 6
Operation : Type :T Id :2 Origine :0-5 Destination :0-2 Valeur :0.64
@@@@@@@@@@@@@@@@@@@@@@
0-4(d):1.963:34.322||1-4(d):2.073:50.994||2-4(d):1.333:100.0
@@@@@@@@@@@@@@@@@@@@@@
ACCEPTED from 6
Operation : Type :T Id :2 Origine :4-6 Destination :2-4 Valeur :0.456
@@@@@@@@@@@@@@@@@@@@@@
0-4(d):1.963:34.322||1-4(d):2.073:50.994||2-4(d):1.333:100.0
@@@@@@@@@@@@@@@@@@@@@@
REFUSED from 5
Operation : Type :T Id :2 Origine :4-6 Destination :2-4 Valeur :0.456
@@@@@@@@@@@@@@@@@@@@@@
0-4(d):1.963:34.322||1-4(d):2.073:50.994||2-4(d):1.333:100.0
@@@@@@@@@@@@@@@@@@@@@@
REFUSED from 2
Operation : Type :T Id :1 Origine :2-6 Destination :0-6 Valeur :0.489
@@@@@@@@@@@@@@@@@@@@@@
0-4(d):1.963:34.322||1-4(d):2.073:50.994||2-4(d):1.333:100.0
@@@@@@@@@@@@@@@@@@@@@@
ACCEPTED from 6
Operation : Type :D Id :3 Origine :4-6
@@@@@@@@@@@@@@@@@@@@@@
0-4(d):1.963:34.322||1-4(d):2.073:50.994||2-4(d):1.333:100.0
@@@@@@@@@@@@@@@@@@@@@@
ACCEPTED from 2
Operation : Type :T Id :2 Origine :3-3 Destination :0-6 Valeur :0.72
@@@@@@@@@@@@@@@@@@@@@@
0-4(d):1.963:34.322||1-4(d):2.073:50.994||2-4(d):1.333:100.0
@@@@@@@@@@@@@@@@@@@@@@
REFUSED from 6
Operation : Type :T Id :2 Origine :1-0 Destination :2-4 Valeur :0.045
@@@@@@@@@@@@@@@@@@@@@@
0-4(d):1.963:34.322||1-4(d):2.073:50.994||2-4(d):1.333:100.0
@@@@@@@@@@@@@@@@@@@@@@
ACCEPTED from 2
Operation : Type :D Id :3 Origine :3-3
@@@@@@@@@@@@@@@@@@@@@@
0-4(d):1.963:34.322||1-4(d):2.073:50.994||2-4(d):1.333:100.0
@@@@@@@@@@@@@@@@@@@@@@
ACCEPTED from 6
Operation : Type :T Id :2 Origine :5-6 Destination :2-6 Valeur :0.178
@@@@@@@@@@@@@@@@@@@@@@
0-4(d):1.963:34.322||1-4(d):2.073:50.994||2-4(d):1.333:100.0
@@@@@@@@@@@@@@@@@@@@@@
REFUSED from 5
Operation : Type :T Id :2 Origine :5-6 Destination :2-6 Valeur :0.178
@@@@@@@@@@@@@@@@@@@@@@
0-4(d):1.963:34.322||1-4(d):2.073:50.994||2-4(d):1.333:100.0
@@@@@@@@@@@@@@@@@@@@@@
REFUSED from 2
Operation : Type :T Id :1 Origine :3-6 Destination :4-6 Valeur :0.144
@@@@@@@@@@@@@@@@@@@@@@
0-4(d):1.963:34.322||1-4(d):2.073:50.994||2-4(d):1.333:100.0
@@@@@@@@@@@@@@@@@@@@@@
ACCEPTED from 6
Operation : Type :D Id :3 Origine :5-6
@@@@@@@@@@@@@@@@@@@@@@
0-4(d):1.963:34.322||1-4(d):2.073:50.994||2-4(d):1.333:100.0
@@@@@@@@@@@@@@@@@@@@@@
ACCEPTED from 2
Operation : Type :T Id :2 Origine :4-3 Destination :3-3 Valeur :1.164
@@@@@@@@@@@@@@@@@@@@@@
0-4(d):1.963:34.322||1-4(d):2.073:50.994||2-4(d):1.333:100.0
@@@@@@@@@@@@@@@@@@@@@@
ACCEPTED from 2
Operation : Type :D Id :3 Origine :4-3
@@@@@@@@@@@@@@@@@@@@@@
0-4(d):1.963:34.322||1-4(d):2.073:50.994||2-4(d):1.333:100.0
@@@@@@@@@@@@@@@@@@@@@@
REFUSED from 5
Operation : Type :D Id :3 Origine :5-6
@@@@@@@@@@@@@@@@@@@@@@
0-4(d):1.963:34.322||1-4(d):2.073:50.994||2-4(d):1.333:100.0
@@@@@@@@@@@@@@@@@@@@@@
REFUSED from 6
Operation : Type :D Id :3 Origine :0-1
@@@@@@@@@@@@@@@@@@@@@@
0-4(d):1.963:34.322||1-4(d):2.073:50.994||2-4(d):1.333:100.0
@@@@@@@@@@@@@@@@@@@@@@
REFUSED from 2
Operation : Type :T Id :1 Origine :4-6 Destination :1-0 Valeur :0.433
@@@@@@@@@@@@@@@@@@@@@@
0-4(d):1.963:34.322||1-4(d):2.073:50.994||2-4(d):1.333:100.0
@@@@@@@@@@@@@@@@@@@@@@
REFUSED from 2
Operation : Type :T Id :1 Origine :5-6 Destination :1-4 Valeur :0.133
@@@@@@@@@@@@@@@@@@@@@@
0-4(d):1.963:34.322||1-4(d):2.073:50.994||2-4(d):1.333:100.0
@@@@@@@@@@@@@@@@@@@@@@
REFUSED from 6
Operation : Type :D Id :3 Origine :0-5
@@@@@@@@@@@@@@@@@@@@@@
0-4(d):1.963:34.322||1-4(d):2.073:50.994||2-4(d):1.333:100.0
@@@@@@@@@@@@@@@@@@@@@@
REFUSED from 6
Operation : Type :D Id :3 Origine :0-3
@@@@@@@@@@@@@@@@@@@@@@
0-4(d):1.963:34.322||1-4(d):2.073:50.994||2-4(d):1.333:100.0
@@@@@@@@@@@@@@@@@@@@@@
REFUSED from 2
Operation : Type :T Id :1 Origine :6-6 Destination :0-4 Valeur :0.367
@@@@@@@@@@@@@@@@@@@@@@
0-4(d):1.963:34.322||1-4(d):2.073:50.994||2-4(d):1.333:100.0
@@@@@@@@@@@@@@@@@@@@@@
ACCEPTED from 6
Operation : Type :T Id :2 Origine :6-6 Destination :1-1 Valeur :0.244
@@@@@@@@@@@@@@@@@@@@@@
0-4(d):1.963:34.322||1-4(d):2.073:50.994||2-4(d):1.333:100.0
@@@@@@@@@@@@@@@@@@@@@@
REFUSED from 5
Operation : Type :T Id :2 Origine :6-6 Destination :1-1 Valeur :0.244
@@@@@@@@@@@@@@@@@@@@@@
0-4(d):1.963:34.322||1-4(d):2.073:50.994||2-4(d):1.333:100.0
@@@@@@@@@@@@@@@@@@@@@@
ACCEPTED from 6
Operation : Type :D Id :3 Origine :6-6
@@@@@@@@@@@@@@@@@@@@@@
0-4(d):1.963:34.322||1-4(d):2.073:50.994||2-4(d):1.333:100.0
@@@@@@@@@@@@@@@@@@@@@@
REFUSED from 2
Operation : Type :T Id :1 Origine :7-6 Destination :2-0 Valeur :0.222
@@@@@@@@@@@@@@@@@@@@@@
0-4(d):1.963:34.322||1-4(d):2.073:50.994||2-4(d):1.333:100.0
@@@@@@@@@@@@@@@@@@@@@@
REFUSED from 5
Operation : Type :D Id :3 Origine :6-6
@@@@@@@@@@@@@@@@@@@@@@
0-4(d):1.963:34.322||1-4(d):2.073:50.994||2-4(d):1.333:100.0
@@@@@@@@@@@@@@@@@@@@@@
ACCEPTED from 6
Operation : Type :T Id :2 Origine :7-6 Destination :0-0 Valeur :0.389
@@@@@@@@@@@@@@@@@@@@@@
0-4(d):1.963:34.322||1-4(d):2.073:50.994||2-4(d):1.333:100.0
@@@@@@@@@@@@@@@@@@@@@@
REFUSED from 5
Operation : Type :T Id :2 Origine :7-6 Destination :0-0 Valeur :0.389
@@@@@@@@@@@@@@@@@@@@@@
0-4(d):1.963:34.322||1-4(d):2.073:50.994||2-4(d):1.333:100.0
@@@@@@@@@@@@@@@@@@@@@@
REFUSED from 2
Operation : Type :T Id :1 Origine :8-6 Destination :2-6 Valeur :0.078
@@@@@@@@@@@@@@@@@@@@@@
0-4(d):1.963:34.322||1-4(d):2.073:50.994||2-4(d):1.333:100.0
@@@@@@@@@@@@@@@@@@@@@@
ACCEPTED from 6
Operation : Type :D Id :3 Origine :7-6
@@@@@@@@@@@@@@@@@@@@@@
0-4(d):1.963:34.322||1-4(d):2.073:50.994||2-4(d):1.333:100.0
@@@@@@@@@@@@@@@@@@@@@@
REFUSED from 5
Operation : Type :D Id :3 Origine :7-6
@@@@@@@@@@@@@@@@@@@@@@
0-4(d):1.963:34.322||1-4(d):2.073:50.994||2-4(d):1.333:100.0
@@@@@@@@@@@@@@@@@@@@@@
REFUSED from 6
Operation : Type :D Id :3 Origine :1-0
@@@@@@@@@@@@@@@@@@@@@@
0-4(d):1.963:34.322||1-4(d):2.073:50.994||2-4(d):1.333:100.0
@@@@@@@@@@@@@@@@@@@@@@
REFUSED from 2
Bloc Chain :
Creator : 0
Depth : 4
Hash : b91b02f75baa158c4ea6ee248b26dce8c05da9771c7e00a8cd8d97379afe811cd4d23a63714325174ce7613f118548e25ae7b1000002a1a1f963859b6eeb6ff3
Nonce : 8:22:213:6:105:38:93:224:138:1:127:60:79:213:153:130:53:138:17:159:78:89:195:235:13:105:166:74:142:64:188:54:
Number of Operations : 40
Type :T Id :1 Origine :0-4 Destination :4-6 Valeur :0.92
Type :T Id :2 Origine :0-0 Destination :0-1 Valeur :0.39
Type :D Id :3 Origine :0-0
Type :T Id :2 Origine :1-0 Destination :2-4 Valeur :0.045
Type :D Id :3 Origine :1-0
Type :T Id :1 Origine :0-6 Destination :3-6 Valeur :1.056
Type :T Id :2 Origine :2-0 Destination :3-6 Valeur :0.15
Type :D Id :3 Origine :2-0
Type :T Id :2 Origine :3-0 Destination :0-4 Valeur :0.615
Type :D Id :3 Origine :3-0
Type :T Id :1 Origine :0-1 Destination :3-1 Valeur :0.22
Type :T Id :1 Origine :1-4 Destination :1-6 Valeur :0.58
Type :T Id :1 Origine :0-2 Destination :1-4 Valeur :0.495
Type :T Id :1 Origine :1-2 Destination :1-4 Valeur :0.18
Type :T Id :1 Origine :1-6 Destination :4-6 Valeur :0.389
Type :T Id :1 Origine :2-6 Destination :0-6 Valeur :0.489
Type :T Id :1 Origine :1-1 Destination :0-4 Valeur :0.87
Type :T Id :1 Origine :2-4 Destination :1-1 Valeur :0.56
Type :T Id :1 Origine :0-5 Destination :2-5 Valeur :0.38
Type :T Id :1 Origine :3-6 Destination :4-6 Valeur :0.144
Type :T Id :1 Origine :2-1 Destination :1-0 Valeur :0.08
Type :T Id :1 Origine :1-5 Destination :0-3 Valeur :0.2
Type :T Id :1 Origine :3-1 Destination :1-2 Valeur :0.9
Type :T Id :1 Origine :0-3 Destination :1-0 Valeur :0.76
Type :T Id :1 Origine :2-5 Destination :2-0 Valeur :0.72
Type :T Id :1 Origine :4-6 Destination :1-0 Valeur :0.433
Type :T Id :1 Origine :1-3 Destination :3-6 Valeur :0.36
Type :T Id :1 Origine :2-3 Destination :0-3 Valeur :0.27
Type :T Id :1 Origine :5-6 Destination :1-4 Valeur :0.133
Type :T Id :1 Origine :3-3 Destination :0-3 Valeur :0.45
Type :T Id :1 Origine :6-6 Destination :0-4 Valeur :0.367
Type :T Id :1 Origine :7-6 Destination :2-0 Valeur :0.222
Type :T Id :1 Origine :4-3 Destination :3-1 Valeur :0.89
Type :T Id :2 Origine :0-4 Destination :8-6 Valeur :0.64
Type :T Id :1 Origine :8-6 Destination :2-6 Valeur :0.078
Type :T Id :2 Origine :0-2 Destination :1-4 Valeur :1.455
Type :D Id :3 Origine :0-2
Type :T Id :2 Origine :1-2 Destination :3-6 Valeur :1.425
Type :D Id :3 Origine :1-2
Type :T Id :2 Origine :0-1 Destination :2-0 Valeur :0.93
--------------------------
Creator : 0
Depth : 3
Hash : 2d6367c22b65bab2950e5be8a5beb8d62059e11000002fe189dc24b77544e64258f7aa6c344529b986ea6ef777666858c4347954232292a5a65f88e8c9fe43fb
Nonce : 192:46:197:226:143:96:114:178:48:182:38:248:168:55:70:180:196:189:158:197:216:254:167:22:29:35:3:133:61:186:172:97:
Number of Operations : 1
Type :C Id :0 Origine :4-3
--------------------------
Creator : 0
Depth : 2
Hash : e0e635ca4519df111246435da10de0f5f721f95f9810000057cde07d9d9eace2656331eda1a451b6da63e1f3b800d90b364c9e2056925b25cedab68c1d320f91
Nonce : 51:225:252:203:95:25:51:134:47:184:87:232:91:124:104:57:20:36:232:24:116:149:254:225:163:8:89:20:153:188:111:210:
Number of Operations : 16
Type :C Id :0 Origine :1-6
Type :C Id :0 Origine :2-6
Type :C Id :0 Origine :3-6
Type :C Id :0 Origine :4-6
Type :C Id :0 Origine :5-6
Type :T Id :1 Origine :0-0 Destination :0-2 Valeur :0.17
Type :C Id :0 Origine :6-6
Type :T Id :1 Origine :1-0 Destination :1-1 Valeur :0.94
Type :C Id :0 Origine :1-3
Type :T Id :1 Origine :2-0 Destination :0-4 Valeur :0.63
Type :C Id :0 Origine :7-6
Type :C Id :0 Origine :2-3
Type :T Id :1 Origine :3-0 Destination :1-4 Valeur :0.74
Type :C Id :0 Origine :2-5
Type :C Id :0 Origine :3-3
Type :C Id :0 Origine :8-6
--------------------------
Creator : 2
Depth : 1
Hash : 080f4978e1c1bf8828dc43fffff8d349e9523e2426bf090dc2786df2e9066e4000006be8b8b42b32da0566831fd6528280ae6ab293aaae82b57d6826c66c0ad6
Nonce : 160:136:67:211:136:104:193:155:87:250:203:152:34:205:148:12:238:4:202:224:66:199:151:69:198:216:7:4:121:52:165:142:
Number of Operations : 17
Type :C Id :0 Origine :0-4
Type :C Id :0 Origine :0-0
Type :C Id :0 Origine :0-1
Type :C Id :0 Origine :1-0
Type :C Id :0 Origine :0-2
Type :C Id :0 Origine :1-2
Type :C Id :0 Origine :2-0
Type :C Id :0 Origine :1-1
Type :C Id :0 Origine :0-6
Type :C Id :0 Origine :1-4
Type :C Id :0 Origine :2-1
Type :C Id :0 Origine :3-0
Type :C Id :0 Origine :2-4
Type :C Id :0 Origine :3-1
Type :C Id :0 Origine :0-3
Type :C Id :0 Origine :0-5
Type :C Id :0 Origine :1-5
--------------------------
Creator : 2
Depth : 0
Hash : 
Nonce : 
Number of Operations : 0
--------------------------

@@@@@@@@@@@@@@@@@@@@@@
0-4(d):1.963:34.322||1-4(d):2.073:50.994||2-4(d):1.333:100.0
@@@@@@@@@@@@@@@@@@@@@@
REFUSED from 6
Operation : Type :T Id :2 Origine :2-5 Destination :0-0 Valeur :0.61
@@@@@@@@@@@@@@@@@@@@@@
0-4(d):1.963:34.322||1-4(d):2.073:50.994||2-4(d):1.333:100.0
@@@@@@@@@@@@@@@@@@@@@@
REFUSED from 6
Operation : Type :T Id :2 Origine :1-1 Destination :8-6 Valeur :0.87
@@@@@@@@@@@@@@@@@@@@@@
0-4(d):1.963:34.322||1-4(d):2.073:50.994||2-4(d):1.333:100.0
@@@@@@@@@@@@@@@@@@@@@@
REFUSED from 2
Operation : Type :T Id :2 Origine :0-6 Destination :6-6 Valeur :0.322
@@@@@@@@@@@@@@@@@@@@@@
0-4(d):1.963:34.322||1-4(d):2.073:50.994||2-4(d):1.333:100.0
@@@@@@@@@@@@@@@@@@@@@@
ACCEPTED from 6
Operation : Type :T Id :2 Origine :8-6 Destination :0-0 Valeur :0.111
@@@@@@@@@@@@@@@@@@@@@@
0-4(d):1.963:34.322||1-4(d):2.073:50.994||2-4(d):1.333:100.0
@@@@@@@@@@@@@@@@@@@@@@
REFUSED from 5
Operation : Type :T Id :2 Origine :8-6 Destination :0-0 Valeur :0.111
@@@@@@@@@@@@@@@@@@@@@@
0-4(d):1.963:34.322||1-4(d):2.073:50.994||2-4(d):1.333:100.0
@@@@@@@@@@@@@@@@@@@@@@
ACCEPTED from 6
Operation : Type :D Id :3 Origine :8-6
@@@@@@@@@@@@@@@@@@@@@@
0-4(d):1.963:34.322||1-4(d):2.073:50.994||2-4(d):1.333:100.0
@@@@@@@@@@@@@@@@@@@@@@
REFUSED from 5
Operation : Type :D Id :3 Origine :8-6
@@@@@@@@@@@@@@@@@@@@@@
0-4(d):1.963:34.322||1-4(d):2.073:50.994||2-4(d):1.333:100.0
@@@@@@@@@@@@@@@@@@@@@@
REFUSED from 2
Operation : Type :D Id :3 Origine :0-6
@@@@@@@@@@@@@@@@@@@@@@
0-4(d):1.963:34.322||1-4(d):2.073:50.994||2-4(d):1.333:100.0
@@@@@@@@@@@@@@@@@@@@@@
REFUSED from 6
Operation : Type :D Id :3 Origine :2-5
@@@@@@@@@@@@@@@@@@@@@@
0-4(d):1.963:34.322||1-4(d):2.073:50.994||2-4(d):1.333:100.0
@@@@@@@@@@@@@@@@@@@@@@
REFUSED from 2
Operation : Type :T Id :2 Origine :1-6 Destination :2-0 Valeur :0.022
@@@@@@@@@@@@@@@@@@@@@@
0-4(d):1.963:34.322||1-4(d):2.073:50.994||2-4(d):1.333:100.0
@@@@@@@@@@@@@@@@@@@@@@
REFUSED from 6
Operation : Type :D Id :3 Origine :1-1
@@@@@@@@@@@@@@@@@@@@@@
0-4(d):1.963:34.322||1-4(d):2.073:50.994||2-4(d):1.333:100.0
@@@@@@@@@@@@@@@@@@@@@@
REFUSED from 2
Operation : Type :D Id :3 Origine :1-6
@@@@@@@@@@@@@@@@@@@@@@
0-4(d):1.963:34.322||1-4(d):2.073:50.994||2-4(d):1.333:100.0
@@@@@@@@@@@@@@@@@@@@@@
REFUSED from 6
Operation : Type :T Id :2 Origine :2-0 Destination :3-6 Valeur :0.15
@@@@@@@@@@@@@@@@@@@@@@
0-4(d):1.963:34.322||1-4(d):2.073:50.994||2-4(d):1.333:100.0
@@@@@@@@@@@@@@@@@@@@@@
REFUSED from 2
Operation : Type :T Id :2 Origine :2-6 Destination :2-4 Valeur :0.056
@@@@@@@@@@@@@@@@@@@@@@
0-4(d):1.963:34.322||1-4(d):2.073:50.994||2-4(d):1.333:100.0
@@@@@@@@@@@@@@@@@@@@@@
REFUSED from 2
Operation : Type :D Id :3 Origine :2-6
@@@@@@@@@@@@@@@@@@@@@@
0-4(d):1.963:34.322||1-4(d):2.073:50.994||2-4(d):1.333:100.0
@@@@@@@@@@@@@@@@@@@@@@
REFUSED from 6
Operation : Type :T Id :2 Origine :1-5 Destination :0-5 Valeur :0.85
@@@@@@@@@@@@@@@@@@@@@@
0-4(d):1.963:34.322||1-4(d):2.073:50.994||2-4(d):1.333:100.0
@@@@@@@@@@@@@@@@@@@@@@
REFUSED from 6
Operation : Type :D Id :3 Origine :2-0
@@@@@@@@@@@@@@@@@@@@@@
0-4(d):1.963:34.322||1-4(d):2.073:50.994||2-4(d):1.333:100.0
@@@@@@@@@@@@@@@@@@@@@@
REFUSED from 2
Operation : Type :T Id :2 Origine :3-6 Destination :1-3 Valeur :0.956
@@@@@@@@@@@@@@@@@@@@@@
0-4(d):1.963:34.322||1-4(d):2.073:50.994||2-4(d):1.333:100.0
@@@@@@@@@@@@@@@@@@@@@@
REFUSED from 6
Operation : Type :T Id :2 Origine :2-1 Destination :7-6 Valeur :0.58
@@@@@@@@@@@@@@@@@@@@@@
0-4(d):1.963:34.322||1-4(d):2.073:50.994||2-4(d):1.333:100.0
@@@@@@@@@@@@@@@@@@@@@@
REFUSED from 2
Operation : Type :D Id :3 Origine :3-6
@@@@@@@@@@@@@@@@@@@@@@
0-4(d):1.963:34.322||1-4(d):2.073:50.994||2-4(d):1.333:100.0
@@@@@@@@@@@@@@@@@@@@@@
REFUSED from 6
Operation : Type :T Id :1 Origine :0-2 Destination :1-4 Valeur :0.495
@@@@@@@@@@@@@@@@@@@@@@
0-4(d):1.963:34.322||1-4(d):2.073:50.994||2-4(d):1.333:100.0
@@@@@@@@@@@@@@@@@@@@@@
ACCEPTED from 2
Bloc Chain :
Creator : 0
Depth : 5
Hash : 5ae17df785e419230744f6fd1b0adc429234f02eef6ad4aced54414500000c0f78c83d02f759f46a4e9fc814c0be368f8268329c16969dddd87fd9454ccd0d6f
Nonce : 187:161:236:221:142:159:87:170:37:25:179:243:78:208:83:170:13:39:46:201:25:29:70:150:198:231:180:44:226:244:209:21:
Number of Operations : 26
Type :D Id :3 Origine :0-4
Type :T Id :2 Origine :0-3 Destination :5-6 Valeur :0.492
Type :D Id :3 Origine :0-1
Type :T Id :2 Origine :1-4 Destination :7-6 Valeur :0.48
Type :D Id :3 Origine :0-3
Type :T Id :2 Origine :1-1 Destination :8-6 Valeur :0.87
Type :T Id :2 Origine :0-6 Destination :6-6 Valeur :0.322
Type :D Id :3 Origine :1-4
Type :D Id :3 Origine :1-1
Type :D Id :3 Origine :0-6
Type :T Id :2 Origine :2-4 Destination :2-0 Valeur :0.68
Type :T Id :2 Origine :2-1 Destination :7-6 Valeur :0.58
Type :T Id :2 Origine :1-6 Destination :2-0 Valeur :0.022
Type :T Id :2 Origine :1-3 Destination :2-6 Valeur :0.792
Type :D Id :3 Origine :1-6
Type :D Id :3 Origine :2-4
Type :T Id :2 Origine :2-6 Destination :2-4 Valeur :0.056
Type :D Id :3 Origine :2-1
Type :D Id :3 Origine :1-3
Type :D Id :3 Origine :2-6
Type :T Id :2 Origine :0-5 Destination :0-2 Valeur :0.64
Type :T Id :2 Origine :3-1 Destination :1-4 Valeur :0.94
Type :T Id :2 Origine :3-6 Destination :1-3 Valeur :0.956
Type :D Id :3 Origine :3-6
Type :T Id :2 Origine :2-3 Destination :3-0 Valeur :0.612
Type :D Id :3 Origine :0-5
--------------------------
Creator : 0
Depth : 4
Hash : b91b02f75baa158c4ea6ee248b26dce8c05da9771c7e00a8cd8d97379afe811cd4d23a63714325174ce7613f118548e25ae7b1000002a1a1f963859b6eeb6ff3
Nonce : 8:22:213:6:105:38:93:224:138:1:127:60:79:213:153:130:53:138:17:159:78:89:195:235:13:105:166:74:142:64:188:54:
Number of Operations : 40
Type :T Id :1 Origine :0-4 Destination :4-6 Valeur :0.92
Type :T Id :2 Origine :0-0 Destination :0-1 Valeur :0.39
Type :D Id :3 Origine :0-0
Type :T Id :2 Origine :1-0 Destination :2-4 Valeur :0.045
Type :D Id :3 Origine :1-0
Type :T Id :1 Origine :0-6 Destination :3-6 Valeur :1.056
Type :T Id :2 Origine :2-0 Destination :3-6 Valeur :0.15
Type :D Id :3 Origine :2-0
Type :T Id :2 Origine :3-0 Destination :0-4 Valeur :0.615
Type :D Id :3 Origine :3-0
Type :T Id :1 Origine :0-1 Destination :3-1 Valeur :0.22
Type :T Id :1 Origine :1-4 Destination :1-6 Valeur :0.58
Type :T Id :1 Origine :0-2 Destination :1-4 Valeur :0.495
Type :T Id :1 Origine :1-2 Destination :1-4 Valeur :0.18
Type :T Id :1 Origine :1-6 Destination :4-6 Valeur :0.389
Type :T Id :1 Origine :2-6 Destination :0-6 Valeur :0.489
Type :T Id :1 Origine :1-1 Destination :0-4 Valeur :0.87
Type :T Id :1 Origine :2-4 Destination :1-1 Valeur :0.56
Type :T Id :1 Origine :0-5 Destination :2-5 Valeur :0.38
Type :T Id :1 Origine :3-6 Destination :4-6 Valeur :0.144
Type :T Id :1 Origine :2-1 Destination :1-0 Valeur :0.08
Type :T Id :1 Origine :1-5 Destination :0-3 Valeur :0.2
Type :T Id :1 Origine :3-1 Destination :1-2 Valeur :0.9
Type :T Id :1 Origine :0-3 Destination :1-0 Valeur :0.76
Type :T Id :1 Origine :2-5 Destination :2-0 Valeur :0.72
Type :T Id :1 Origine :4-6 Destination :1-0 Valeur :0.433
Type :T Id :1 Origine :1-3 Destination :3-6 Valeur :0.36
Type :T Id :1 Origine :2-3 Destination :0-3 Valeur :0.27
Type :T Id :1 Origine :5-6 Destination :1-4 Valeur :0.133
Type :T Id :1 Origine :3-3 Destination :0-3 Valeur :0.45
Type :T Id :1 Origine :6-6 Destination :0-4 Valeur :0.367
Type :T Id :1 Origine :7-6 Destination :2-0 Valeur :0.222
Type :T Id :1 Origine :4-3 Destination :3-1 Valeur :0.89
Type :T Id :2 Origine :0-4 Destination :8-6 Valeur :0.64
Type :T Id :1 Origine :8-6 Destination :2-6 Valeur :0.078
Type :T Id :2 Origine :0-2 Destination :1-4 Valeur :1.455
Type :D Id :3 Origine :0-2
Type :T Id :2 Origine :1-2 Destination :3-6 Valeur :1.425
Type :D Id :3 Origine :1-2
Type :T Id :2 Origine :0-1 Destination :2-0 Valeur :0.93
--------------------------
Creator : 0
Depth : 3
Hash : 2d6367c22b65bab2950e5be8a5beb8d62059e11000002fe189dc24b77544e64258f7aa6c344529b986ea6ef777666858c4347954232292a5a65f88e8c9fe43fb
Nonce : 192:46:197:226:143:96:114:178:48:182:38:248:168:55:70:180:196:189:158:197:216:254:167:22:29:35:3:133:61:186:172:97:
Number of Operations : 1
Type :C Id :0 Origine :4-3
--------------------------
Creator : 0
Depth : 2
Hash : e0e635ca4519df111246435da10de0f5f721f95f9810000057cde07d9d9eace2656331eda1a451b6da63e1f3b800d90b364c9e2056925b25cedab68c1d320f91
Nonce : 51:225:252:203:95:25:51:134:47:184:87:232:91:124:104:57:20:36:232:24:116:149:254:225:163:8:89:20:153:188:111:210:
Number of Operations : 16
Type :C Id :0 Origine :1-6
Type :C Id :0 Origine :2-6
Type :C Id :0 Origine :3-6
Type :C Id :0 Origine :4-6
Type :C Id :0 Origine :5-6
Type :T Id :1 Origine :0-0 Destination :0-2 Valeur :0.17
Type :C Id :0 Origine :6-6
Type :T Id :1 Origine :1-0 Destination :1-1 Valeur :0.94
Type :C Id :0 Origine :1-3
Type :T Id :1 Origine :2-0 Destination :0-4 Valeur :0.63
Type :C Id :0 Origine :7-6
Type :C Id :0 Origine :2-3
Type :T Id :1 Origine :3-0 Destination :1-4 Valeur :0.74
Type :C Id :0 Origine :2-5
Type :C Id :0 Origine :3-3
Type :C Id :0 Origine :8-6
--------------------------
Creator : 2
Depth : 1
Hash : 080f4978e1c1bf8828dc43fffff8d349e9523e2426bf090dc2786df2e9066e4000006be8b8b42b32da0566831fd6528280ae6ab293aaae82b57d6826c66c0ad6
Nonce : 160:136:67:211:136:104:193:155:87:250:203:152:34:205:148:12:238:4:202:224:66:199:151:69:198:216:7:4:121:52:165:142:
Number of Operations : 17
Type :C Id :0 Origine :0-4
Type :C Id :0 Origine :0-0
Type :C Id :0 Origine :0-1
Type :C Id :0 Origine :1-0
Type :C Id :0 Origine :0-2
Type :C Id :0 Origine :1-2
Type :C Id :0 Origine :2-0
Type :C Id :0 Origine :1-1
Type :C Id :0 Origine :0-6
Type :C Id :0 Origine :1-4
Type :C Id :0 Origine :2-1
Type :C Id :0 Origine :3-0
Type :C Id :0 Origine :2-4
Type :C Id :0 Origine :3-1
Type :C Id :0 Origine :0-3
Type :C Id :0 Origine :0-5
Type :C Id :0 Origine :1-5
--------------------------
Creator : 2
Depth : 0
Hash : 
Nonce : 
Number of Operations : 0
--------------------------

@@@@@@@@@@@@@@@@@@@@@@
0-4(d):1.963:34.322||1-4(d):2.073:50.994||2-4(d):1.333:100.0
@@@@@@@@@@@@@@@@@@@@@@
REFUSED from 6
Operation : Type :T Id :2 Origine :1-3 Destination :2-6 Valeur :0.792
@@@@@@@@@@@@@@@@@@@@@@
0-4(d):1.963:34.322||1-4(d):2.073:50.994||2-4(d):1.333:100.0
@@@@@@@@@@@@@@@@@@@@@@
REFUSED from 2
Operation : Type :T Id :2 Origine :4-6 Destination :2-4 Valeur :0.456
@@@@@@@@@@@@@@@@@@@@@@
0-4(d):1.963:34.322||1-4(d):2.073:50.994||2-4(d):1.333:100.0
@@@@@@@@@@@@@@@@@@@@@@
REFUSED from 2
Operation : Type :D Id :3 Origine :4-6
@@@@@@@@@@@@@@@@@@@@@@
0-4(d):1.963:34.322||1-4(d):2.073:50.994||2-4(d):1.333:100.0
@@@@@@@@@@@@@@@@@@@@@@
REFUSED from 2
Operation : Type :T Id :2 Origine :5-6 Destination :2-6 Valeur :0.178
@@@@@@@@@@@@@@@@@@@@@@
0-4(d):1.963:34.322||1-4(d):2.073:50.994||2-4(d):1.333:100.0
@@@@@@@@@@@@@@@@@@@@@@
ACCEPTED from 6
Operation : Type :D Id :3 Origine :1-5
@@@@@@@@@@@@@@@@@@@@@@
0-4(d):1.963:34.322||1-4(d):2.073:50.994||2-4(d):1.333:100.0
@@@@@@@@@@@@@@@@@@@@@@
REFUSED from 2
Operation : Type :D Id :3 Origine :5-6
@@@@@@@@@@@@@@@@@@@@@@
0-4(d):1.963:34.322||1-4(d):2.073:50.994||2-4(d):1.333:100.0
@@@@@@@@@@@@@@@@@@@@@@
REFUSED from 6
Operation : Type :D Id :3 Origine :2-1
@@@@@@@@@@@@@@@@@@@@@@
0-4(d):1.963:34.322||1-4(d):2.073:50.994||2-4(d):1.333:100.0
@@@@@@@@@@@@@@@@@@@@@@
REFUSED from 2
Operation : Type :T Id :2 Origine :6-6 Destination :1-1 Valeur :0.244
@@@@@@@@@@@@@@@@@@@@@@
0-4(d):1.963:34.322||1-4(d):2.073:50.994||2-4(d):1.333:100.0
@@@@@@@@@@@@@@@@@@@@@@
REFUSED from 6
Operation : Type :T Id :2 Origine :3-0 Destination :0-4 Valeur :0.615
@@@@@@@@@@@@@@@@@@@@@@
0-4(d):1.963:34.322||1-4(d):2.073:50.994||2-4(d):1.333:100.0
@@@@@@@@@@@@@@@@@@@@@@
REFUSED from 2
Operation : Type :D Id :3 Origine :6-6
@@@@@@@@@@@@@@@@@@@@@@
0-4(d):1.963:34.322||1-4(d):2.073:50.994||2-4(d):1.333:100.0
@@@@@@@@@@@@@@@@@@@@@@
REFUSED from 2
Operation : Type :T Id :2 Origine :7-6 Destination :0-0 Valeur :0.389
@@@@@@@@@@@@@@@@@@@@@@
0-4(d):1.963:34.322||1-4(d):2.073:50.994||2-4(d):1.333:100.0
@@@@@@@@@@@@@@@@@@@@@@
REFUSED from 2
Operation : Type :D Id :3 Origine :7-6
@@@@@@@@@@@@@@@@@@@@@@
0-4(d):1.963:34.322||1-4(d):2.073:50.994||2-4(d):1.333:100.0
@@@@@@@@@@@@@@@@@@@@@@
REFUSED from 6
Operation : Type :D Id :3 Origine :1-3
@@@@@@@@@@@@@@@@@@@@@@
0-4(d):1.963:34.322||1-4(d):2.073:50.994||2-4(d):1.333:100.0
@@@@@@@@@@@@@@@@@@@@@@
REFUSED from 6
Operation : Type :T Id :1 Origine :1-2 Destination :1-4 Valeur :0.18
@@@@@@@@@@@@@@@@@@@@@@
0-4(d):1.963:34.322||1-4(d):2.073:50.994||2-4(d):1.333:100.0
@@@@@@@@@@@@@@@@@@@@@@
REFUSED from 2
Operation : Type :T Id :2 Origine :8-6 Destination :0-0 Valeur :0.111
@@@@@@@@@@@@@@@@@@@@@@
0-4(d):1.963:34.322||1-4(d):2.073:50.994||2-4(d):1.333:100.0
@@@@@@@@@@@@@@@@@@@@@@
REFUSED from 6
Operation : Type :T Id :2 Origine :2-3 Destination :3-0 Valeur :0.612
@@@@@@@@@@@@@@@@@@@@@@
0-4(d):1.963:34.322||1-4(d):2.073:50.994||2-4(d):1.333:100.0
@@@@@@@@@@@@@@@@@@@@@@
REFUSED from 2
Operation : Type :D Id :3 Origine :8-6
@@@@@@@@@@@@@@@@@@@@@@
0-4(d):1.963:34.322||1-4(d):2.073:50.994||2-4(d):1.333:100.0
@@@@@@@@@@@@@@@@@@@@@@
REFUSED from 6
Operation : Type :D Id :3 Origine :3-0
@@@@@@@@@@@@@@@@@@@@@@
0-4(d):1.963:34.322||1-4(d):2.073:50.994||2-4(d):1.333:100.0
@@@@@@@@@@@@@@@@@@@@@@
REFUSED from 6
Operation : Type :T Id :2 Origine :3-1 Destination :1-4 Valeur :0.94
@@@@@@@@@@@@@@@@@@@@@@
0-4(d):1.963:34.322||1-4(d):2.073:50.994||2-4(d):1.333:100.0
@@@@@@@@@@@@@@@@@@@@@@
REFUSED from 6
Operation : Type :D Id :3 Origine :3-1
@@@@@@@@@@@@@@@@@@@@@@
0-4(d):1.963:34.322||1-4(d):2.073:50.994||2-4(d):1.333:100.0
@@@@@@@@@@@@@@@@@@@@@@
REFUSED from 6
Operation : Type :D Id :3 Origine :2-3
@@@@@@@@@@@@@@@@@@@@@@
0-4(d):1.963:34.322||1-4(d):2.073:50.994||2-4(d):1.333:100.0
@@@@@@@@@@@@@@@@@@@@@@
REFUSED from 6
Operation : Type :T Id :2 Origine :3-3 Destination :0-6 Valeur :0.72
@@@@@@@@@@@@@@@@@@@@@@
0-4(d):1.963:34.322||1-4(d):2.073:50.994||2-4(d):1.333:100.0
@@@@@@@@@@@@@@@@@@@@@@
REFUSED from 6
Operation : Type :D Id :3 Origine :3-3
@@@@@@@@@@@@@@@@@@@@@@
0-4(d):1.963:34.322||1-4(d):2.073:50.994||2-4(d):1.333:100.0
@@@@@@@@@@@@@@@@@@@@@@
REFUSED from 6
Operation : Type :T Id :2 Origine :4-3 Destination :3-3 Valeur :1.164
@@@@@@@@@@@@@@@@@@@@@@
0-4(d):1.963:34.322||1-4(d):2.073:50.994||2-4(d):1.333:100.0
@@@@@@@@@@@@@@@@@@@@@@
REFUSED from 6
Operation : Type :D Id :3 Origine :4-3
@@@@@@@@@@@@@@@@@@@@@@
0-4(d):1.963:34.322||1-4(d):2.073:50.994||2-4(d):1.333:100.0
@@@@@@@@@@@@@@@@@@@@@@
REFUSED from 6
Operation : Type :T Id :2 Origine :0-2 Destination :1-4 Valeur :1.455
@@@@@@@@@@@@@@@@@@@@@@
0-4(d):1.963:34.322||1-4(d):2.073:50.994||2-4(d):1.333:100.0
@@@@@@@@@@@@@@@@@@@@@@
REFUSED from 6
Operation : Type :D Id :3 Origine :0-2
@@@@@@@@@@@@@@@@@@@@@@
0-4(d):1.963:34.322||1-4(d):2.073:50.994||2-4(d):1.333:100.0
@@@@@@@@@@@@@@@@@@@@@@
REFUSED from 6
Operation : Type :T Id :2 Origine :1-2 Destination :3-6 Valeur :1.425
@@@@@@@@@@@@@@@@@@@@@@
0-4(d):1.963:34.322||1-4(d):2.073:50.994||2-4(d):1.333:100.0
@@@@@@@@@@@@@@@@@@@@@@
REFUSED from 6
Operation : Type :D Id :3 Origine :1-2
@@@@@@@@@@@@@@@@@@@@@@
0-4(d):1.963:34.322||1-4(d):2.073:50.994||2-4(d):1.333:100.0
@@@@@@@@@@@@@@@@@@@@@@
REFUSED from 6
Bloc Chain :
Creator : 0
Depth : 4
Hash : b91b02f75baa158c4ea6ee248b26dce8c05da9771c7e00a8cd8d97379afe811cd4d23a63714325174ce7613f118548e25ae7b1000002a1a1f963859b6eeb6ff3
Nonce : 8:22:213:6:105:38:93:224:138:1:127:60:79:213:153:130:53:138:17:159:78:89:195:235:13:105:166:74:142:64:188:54:
Number of Operations : 40
Type :T Id :1 Origine :0-4 Destination :4-6 Valeur :0.92
Type :T Id :2 Origine :0-0 Destination :0-1 Valeur :0.39
Type :D Id :3 Origine :0-0
Type :T Id :2 Origine :1-0 Destination :2-4 Valeur :0.045
Type :D Id :3 Origine :1-0
Type :T Id :1 Origine :0-6 Destination :3-6 Valeur :1.056
Type :T Id :2 Origine :2-0 Destination :3-6 Valeur :0.15
Type :D Id :3 Origine :2-0
Type :T Id :2 Origine :3-0 Destination :0-4 Valeur :0.615
Type :D Id :3 Origine :3-0
Type :T Id :1 Origine :0-1 Destination :3-1 Valeur :0.22
Type :T Id :1 Origine :1-4 Destination :1-6 Valeur :0.58
Type :T Id :1 Origine :0-2 Destination :1-4 Valeur :0.495
Type :T Id :1 Origine :1-2 Destination :1-4 Valeur :0.18
Type :T Id :1 Origine :1-6 Destination :4-6 Valeur :0.389
Type :T Id :1 Origine :2-6 Destination :0-6 Valeur :0.489
Type :T Id :1 Origine :1-1 Destination :0-4 Valeur :0.87
Type :T Id :1 Origine :2-4 Destination :1-1 Valeur :0.56
Type :T Id :1 Origine :0-5 Destination :2-5 Valeur :0.38
Type :T Id :1 Origine :3-6 Destination :4-6 Valeur :0.144
Type :T Id :1 Origine :2-1 Destination :1-0 Valeur :0.08
Type :T Id :1 Origine :1-5 Destination :0-3 Valeur :0.2
Type :T Id :1 Origine :3-1 Destination :1-2 Valeur :0.9
Type :T Id :1 Origine :0-3 Destination :1-0 Valeur :0.76
Type :T Id :1 Origine :2-5 Destination :2-0 Valeur :0.72
Type :T Id :1 Origine :4-6 Destination :1-0 Valeur :0.433
Type :T Id :1 Origine :1-3 Destination :3-6 Valeur :0.36
Type :T Id :1 Origine :2-3 Destination :0-3 Valeur :0.27
Type :T Id :1 Origine :5-6 Destination :1-4 Valeur :0.133
Type :T Id :1 Origine :3-3 Destination :0-3 Valeur :0.45
Type :T Id :1 Origine :6-6 Destination :0-4 Valeur :0.367
Type :T Id :1 Origine :7-6 Destination :2-0 Valeur :0.222
Type :T Id :1 Origine :4-3 Destination :3-1 Valeur :0.89
Type :T Id :2 Origine :0-4 Destination :8-6 Valeur :0.64
Type :T Id :1 Origine :8-6 Destination :2-6 Valeur :0.078
Type :T Id :2 Origine :0-2 Destination :1-4 Valeur :1.455
Type :D Id :3 Origine :0-2
Type :T Id :2 Origine :1-2 Destination :3-6 Valeur :1.425
Type :D Id :3 Origine :1-2
Type :T Id :2 Origine :0-1 Destination :2-0 Valeur :0.93
--------------------------
Creator : 0
Depth : 3
Hash : 2d6367c22b65bab2950e5be8a5beb8d62059e11000002fe189dc24b77544e64258f7aa6c344529b986ea6ef777666858c4347954232292a5a65f88e8c9fe43fb
Nonce : 192:46:197:226:143:96:114:178:48:182:38:248:168:55:70:180:196:189:158:197:216:254:167:22:29:35:3:133:61:186:172:97:
Number of Operations : 1
Type :C Id :0 Origine :4-3
--------------------------
Creator : 0
Depth : 2
Hash : e0e635ca4519df111246435da10de0f5f721f95f9810000057cde07d9d9eace2656331eda1a451b6da63e1f3b800d90b364c9e2056925b25cedab68c1d320f91
Nonce : 51:225:252:203:95:25:51:134:47:184:87:232:91:124:104:57:20:36:232:24:116:149:254:225:163:8:89:20:153:188:111:210:
Number of Operations : 16
Type :C Id :0 Origine :1-6
Type :C Id :0 Origine :2-6
Type :C Id :0 Origine :3-6
Type :C Id :0 Origine :4-6
Type :C Id :0 Origine :5-6
Type :T Id :1 Origine :0-0 Destination :0-2 Valeur :0.17
Type :C Id :0 Origine :6-6
Type :T Id :1 Origine :1-0 Destination :1-1 Valeur :0.94
Type :C Id :0 Origine :1-3
Type :T Id :1 Origine :2-0 Destination :0-4 Valeur :0.63
Type :C Id :0 Origine :7-6
Type :C Id :0 Origine :2-3
Type :T Id :1 Origine :3-0 Destination :1-4 Valeur :0.74
Type :C Id :0 Origine :2-5
Type :C Id :0 Origine :3-3
Type :C Id :0 Origine :8-6
--------------------------
Creator : 2
Depth : 1
Hash : 080f4978e1c1bf8828dc43fffff8d349e9523e2426bf090dc2786df2e9066e4000006be8b8b42b32da0566831fd6528280ae6ab293aaae82b57d6826c66c0ad6
Nonce : 160:136:67:211:136:104:193:155:87:250:203:152:34:205:148:12:238:4:202:224:66:199:151:69:198:216:7:4:121:52:165:142:
Number of Operations : 17
Type :C Id :0 Origine :0-4
Type :C Id :0 Origine :0-0
Type :C Id :0 Origine :0-1
Type :C Id :0 Origine :1-0
Type :C Id :0 Origine :0-2
Type :C Id :0 Origine :1-2
Type :C Id :0 Origine :2-0
Type :C Id :0 Origine :1-1
Type :C Id :0 Origine :0-6
Type :C Id :0 Origine :1-4
Type :C Id :0 Origine :2-1
Type :C Id :0 Origine :3-0
Type :C Id :0 Origine :2-4
Type :C Id :0 Origine :3-1
Type :C Id :0 Origine :0-3
Type :C Id :0 Origine :0-5
Type :C Id :0 Origine :1-5
--------------------------
Creator : 2
Depth : 0
Hash : 
Nonce : 
Number of Operations : 0
--------------------------

@@@@@@@@@@@@@@@@@@@@@@
0-4(d):1.963:34.322||1-4(d):2.073:50.994||2-4(d):1.333:100.0
@@@@@@@@@@@@@@@@@@@@@@
REFUSED from 6
Bloc Chain :
Creator : 0
Depth : 5
Hash : 5ae17df785e419230744f6fd1b0adc429234f02eef6ad4aced54414500000c0f78c83d02f759f46a4e9fc814c0be368f8268329c16969dddd87fd9454ccd0d6f
Nonce : 187:161:236:221:142:159:87:170:37:25:179:243:78:208:83:170:13:39:46:201:25:29:70:150:198:231:180:44:226:244:209:21:
Number of Operations : 26
Type :D Id :3 Origine :0-4
Type :T Id :2 Origine :0-3 Destination :5-6 Valeur :0.492
Type :D Id :3 Origine :0-1
Type :T Id :2 Origine :1-4 Destination :7-6 Valeur :0.48
Type :D Id :3 Origine :0-3
Type :T Id :2 Origine :1-1 Destination :8-6 Valeur :0.87
Type :T Id :2 Origine :0-6 Destination :6-6 Valeur :0.322
Type :D Id :3 Origine :1-4
Type :D Id :3 Origine :1-1
Type :D Id :3 Origine :0-6
Type :T Id :2 Origine :2-4 Destination :2-0 Valeur :0.68
Type :T Id :2 Origine :2-1 Destination :7-6 Valeur :0.58
Type :T Id :2 Origine :1-6 Destination :2-0 Valeur :0.022
Type :T Id :2 Origine :1-3 Destination :2-6 Valeur :0.792
Type :D Id :3 Origine :1-6
Type :D Id :3 Origine :2-4
Type :T Id :2 Origine :2-6 Destination :2-4 Valeur :0.056
Type :D Id :3 Origine :2-1
Type :D Id :3 Origine :1-3
Type :D Id :3 Origine :2-6
Type :T Id :2 Origine :0-5 Destination :0-2 Valeur :0.64
Type :T Id :2 Origine :3-1 Destination :1-4 Valeur :0.94
Type :T Id :2 Origine :3-6 Destination :1-3 Valeur :0.956
Type :D Id :3 Origine :3-6
Type :T Id :2 Origine :2-3 Destination :3-0 Valeur :0.612
Type :D Id :3 Origine :0-5
--------------------------
Creator : 0
Depth : 4
Hash : b91b02f75baa158c4ea6ee248b26dce8c05da9771c7e00a8cd8d97379afe811cd4d23a63714325174ce7613f118548e25ae7b1000002a1a1f963859b6eeb6ff3
Nonce : 8:22:213:6:105:38:93:224:138:1:127:60:79:213:153:130:53:138:17:159:78:89:195:235:13:105:166:74:142:64:188:54:
Number of Operations : 40
Type :T Id :1 Origine :0-4 Destination :4-6 Valeur :0.92
Type :T Id :2 Origine :0-0 Destination :0-1 Valeur :0.39
Type :D Id :3 Origine :0-0
Type :T Id :2 Origine :1-0 Destination :2-4 Valeur :0.045
Type :D Id :3 Origine :1-0
Type :T Id :1 Origine :0-6 Destination :3-6 Valeur :1.056
Type :T Id :2 Origine :2-0 Destination :3-6 Valeur :0.15
Type :D Id :3 Origine :2-0
Type :T Id :2 Origine :3-0 Destination :0-4 Valeur :0.615
Type :D Id :3 Origine :3-0
Type :T Id :1 Origine :0-1 Destination :3-1 Valeur :0.22
Type :T Id :1 Origine :1-4 Destination :1-6 Valeur :0.58
Type :T Id :1 Origine :0-2 Destination :1-4 Valeur :0.495
Type :T Id :1 Origine :1-2 Destination :1-4 Valeur :0.18
Type :T Id :1 Origine :1-6 Destination :4-6 Valeur :0.389
Type :T Id :1 Origine :2-6 Destination :0-6 Valeur :0.489
Type :T Id :1 Origine :1-1 Destination :0-4 Valeur :0.87
Type :T Id :1 Origine :2-4 Destination :1-1 Valeur :0.56
Type :T Id :1 Origine :0-5 Destination :2-5 Valeur :0.38
Type :T Id :1 Origine :3-6 Destination :4-6 Valeur :0.144
Type :T Id :1 Origine :2-1 Destination :1-0 Valeur :0.08
Type :T Id :1 Origine :1-5 Destination :0-3 Valeur :0.2
Type :T Id :1 Origine :3-1 Destination :1-2 Valeur :0.9
Type :T Id :1 Origine :0-3 Destination :1-0 Valeur :0.76
Type :T Id :1 Origine :2-5 Destination :2-0 Valeur :0.72
Type :T Id :1 Origine :4-6 Destination :1-0 Valeur :0.433
Type :T Id :1 Origine :1-3 Destination :3-6 Valeur :0.36
Type :T Id :1 Origine :2-3 Destination :0-3 Valeur :0.27
Type :T Id :1 Origine :5-6 Destination :1-4 Valeur :0.133
Type :T Id :1 Origine :3-3 Destination :0-3 Valeur :0.45
Type :T Id :1 Origine :6-6 Destination :0-4 Valeur :0.367
Type :T Id :1 Origine :7-6 Destination :2-0 Valeur :0.222
Type :T Id :1 Origine :4-3 Destination :3-1 Valeur :0.89
Type :T Id :2 Origine :0-4 Destination :8-6 Valeur :0.64
Type :T Id :1 Origine :8-6 Destination :2-6 Valeur :0.078
Type :T Id :2 Origine :0-2 Destination :1-4 Valeur :1.455
Type :D Id :3 Origine :0-2
Type :T Id :2 Origine :1-2 Destination :3-6 Valeur :1.425
Type :D Id :3 Origine :1-2
Type :T Id :2 Origine :0-1 Destination :2-0 Valeur :0.93
--------------------------
Creator : 0
Depth : 3
Hash : 2d6367c22b65bab2950e5be8a5beb8d62059e11000002fe189dc24b77544e64258f7aa6c344529b986ea6ef777666858c4347954232292a5a65f88e8c9fe43fb
Nonce : 192:46:197:226:143:96:114:178:48:182:38:248:168:55:70:180:196:189:158:197:216:254:167:22:29:35:3:133:61:186:172:97:
Number of Operations : 1
Type :C Id :0 Origine :4-3
--------------------------
Creator : 0
Depth : 2
Hash : e0e635ca4519df111246435da10de0f5f721f95f9810000057cde07d9d9eace2656331eda1a451b6da63e1f3b800d90b364c9e2056925b25cedab68c1d320f91
Nonce : 51:225:252:203:95:25:51:134:47:184:87:232:91:124:104:57:20:36:232:24:116:149:254:225:163:8:89:20:153:188:111:210:
Number of Operations : 16
Type :C Id :0 Origine :1-6
Type :C Id :0 Origine :2-6
Type :C Id :0 Origine :3-6
Type :C Id :0 Origine :4-6
Type :C Id :0 Origine :5-6
Type :T Id :1 Origine :0-0 Destination :0-2 Valeur :0.17
Type :C Id :0 Origine :6-6
Type :T Id :1 Origine :1-0 Destination :1-1 Valeur :0.94
Type :C Id :0 Origine :1-3
Type :T Id :1 Origine :2-0 Destination :0-4 Valeur :0.63
Type :C Id :0 Origine :7-6
Type :C Id :0 Origine :2-3
Type :T Id :1 Origine :3-0 Destination :1-4 Valeur :0.74
Type :C Id :0 Origine :2-5
Type :C Id :0 Origine :3-3
Type :C Id :0 Origine :8-6
--------------------------
Creator : 2
Depth : 1
Hash : 080f4978e1c1bf8828dc43fffff8d349e9523e2426bf090dc2786df2e9066e4000006be8b8b42b32da0566831fd6528280ae6ab293aaae82b57d6826c66c0ad6
Nonce : 160:136:67:211:136:104:193:155:87:250:203:152:34:205:148:12:238:4:202:224:66:199:151:69:198:216:7:4:121:52:165:142:
Number of Operations : 17
Type :C Id :0 Origine :0-4
Type :C Id :0 Origine :0-0
Type :C Id :0 Origine :0-1
Type :C Id :0 Origine :1-0
Type :C Id :0 Origine :0-2
Type :C Id :0 Origine :1-2
Type :C Id :0 Origine :2-0
Type :C Id :0 Origine :1-1
Type :C Id :0 Origine :0-6
Type :C Id :0 Origine :1-4
Type :C Id :0 Origine :2-1
Type :C Id :0 Origine :3-0
Type :C Id :0 Origine :2-4
Type :C Id :0 Origine :3-1
Type :C Id :0 Origine :0-3
Type :C Id :0 Origine :0-5
Type :C Id :0 Origine :1-5
--------------------------
Creator : 2
Depth : 0
Hash : 
Nonce : 
Number of Operations : 0
--------------------------

@@@@@@@@@@@@@@@@@@@@@@
0-4(d):1.963:34.322||1-4(d):2.073:50.994||2-4(d):1.333:100.0
@@@@@@@@@@@@@@@@@@@@@@
ACCEPTED from 5
Bloc Chain :
Creator : 5
Depth : 6
Hash : d1cbee37332ff35900000b87511fa45fc22567da4c5a2a25039813ac1f5a7dd3a59f8ec6ff8c86407d827d52b18341153c853f4f9090f1e48d05ad1c3d2a0570
Nonce : 202:171:60:56:229:12:79:31:12:241:222:118:129:168:186:233:134:12:246:254:185:41:13:27:64:206:226:234:102:220:97:24:
Number of Operations : 17
Type :D Id :3 Origine :3-1
Type :D Id :3 Origine :2-3
Type :T Id :2 Origine :4-6 Destination :2-4 Valeur :0.456
Type :D Id :3 Origine :4-6
Type :T Id :2 Origine :3-3 Destination :0-6 Valeur :0.72
Type :D Id :3 Origine :3-3
Type :T Id :2 Origine :5-6 Destination :2-6 Valeur :0.178
Type :D Id :3 Origine :5-6
Type :T Id :2 Origine :4-3 Destination :3-3 Valeur :1.164
Type :D Id :3 Origine :4-3
Type :T Id :2 Origine :6-6 Destination :1-1 Valeur :0.244
Type :D Id :3 Origine :6-6
Type :T Id :2 Origine :7-6 Destination :0-0 Valeur :0.389
Type :D Id :3 Origine :7-6
Type :T Id :2 Origine :8-6 Destination :0-0 Valeur :0.111
Type :D Id :3 Origine :8-6
Type :D Id :3 Origine :1-5
--------------------------
Creator : 0
Depth : 5
Hash : 5ae17df785e419230744f6fd1b0adc429234f02eef6ad4aced54414500000c0f78c83d02f759f46a4e9fc814c0be368f8268329c16969dddd87fd9454ccd0d6f
Nonce : 187:161:236:221:142:159:87:170:37:25:179:243:78:208:83:170:13:39:46:201:25:29:70:150:198:231:180:44:226:244:209:21:
Number of Operations : 26
Type :D Id :3 Origine :0-4
Type :T Id :2 Origine :0-3 Destination :5-6 Valeur :0.492
Type :D Id :3 Origine :0-1
Type :T Id :2 Origine :1-4 Destination :7-6 Valeur :0.48
Type :D Id :3 Origine :0-3
Type :T Id :2 Origine :1-1 Destination :8-6 Valeur :0.87
Type :T Id :2 Origine :0-6 Destination :6-6 Valeur :0.322
Type :D Id :3 Origine :1-4
Type :D Id :3 Origine :1-1
Type :D Id :3 Origine :0-6
Type :T Id :2 Origine :2-4 Destination :2-0 Valeur :0.68
Type :T Id :2 Origine :2-1 Destination :7-6 Valeur :0.58
Type :T Id :2 Origine :1-6 Destination :2-0 Valeur :0.022
Type :T Id :2 Origine :1-3 Destination :2-6 Valeur :0.792
Type :D Id :3 Origine :1-6
Type :D Id :3 Origine :2-4
Type :T Id :2 Origine :2-6 Destination :2-4 Valeur :0.056
Type :D Id :3 Origine :2-1
Type :D Id :3 Origine :1-3
Type :D Id :3 Origine :2-6
Type :T Id :2 Origine :0-5 Destination :0-2 Valeur :0.64
Type :T Id :2 Origine :3-1 Destination :1-4 Valeur :0.94
Type :T Id :2 Origine :3-6 Destination :1-3 Valeur :0.956
Type :D Id :3 Origine :3-6
Type :T Id :2 Origine :2-3 Destination :3-0 Valeur :0.612
Type :D Id :3 Origine :0-5
--------------------------
Creator : 0
Depth : 4
Hash : b91b02f75baa158c4ea6ee248b26dce8c05da9771c7e00a8cd8d97379afe811cd4d23a63714325174ce7613f118548e25ae7b1000002a1a1f963859b6eeb6ff3
Nonce : 8:22:213:6:105:38:93:224:138:1:127:60:79:213:153:130:53:138:17:159:78:89:195:235:13:105:166:74:142:64:188:54:
Number of Operations : 40
Type :T Id :1 Origine :0-4 Destination :4-6 Valeur :0.92
Type :T Id :2 Origine :0-0 Destination :0-1 Valeur :0.39
Type :D Id :3 Origine :0-0
Type :T Id :2 Origine :1-0 Destination :2-4 Valeur :0.045
Type :D Id :3 Origine :1-0
Type :T Id :1 Origine :0-6 Destination :3-6 Valeur :1.056
Type :T Id :2 Origine :2-0 Destination :3-6 Valeur :0.15
Type :D Id :3 Origine :2-0
Type :T Id :2 Origine :3-0 Destination :0-4 Valeur :0.615
Type :D Id :3 Origine :3-0
Type :T Id :1 Origine :0-1 Destination :3-1 Valeur :0.22
Type :T Id :1 Origine :1-4 Destination :1-6 Valeur :0.58
Type :T Id :1 Origine :0-2 Destination :1-4 Valeur :0.495
Type :T Id :1 Origine :1-2 Destination :1-4 Valeur :0.18
Type :T Id :1 Origine :1-6 Destination :4-6 Valeur :0.389
Type :T Id :1 Origine :2-6 Destination :0-6 Valeur :0.489
Type :T Id :1 Origine :1-1 Destination :0-4 Valeur :0.87
Type :T Id :1 Origine :2-4 Destination :1-1 Valeur :0.56
Type :T Id :1 Origine :0-5 Destination :2-5 Valeur :0.38
Type :T Id :1 Origine :3-6 Destination :4-6 Valeur :0.144
Type :T Id :1 Origine :2-1 Destination :1-0 Valeur :0.08
Type :T Id :1 Origine :1-5 Destination :0-3 Valeur :0.2
Type :T Id :1 Origine :3-1 Destination :1-2 Valeur :0.9
Type :T Id :1 Origine :0-3 Destination :1-0 Valeur :0.76
Type :T Id :1 Origine :2-5 Destination :2-0 Valeur :0.72
Type :T Id :1 Origine :4-6 Destination :1-0 Valeur :0.433
Type :T Id :1 Origine :1-3 Destination :3-6 Valeur :0.36
Type :T Id :1 Origine :2-3 Destination :0-3 Valeur :0.27
Type :T Id :1 Origine :5-6 Destination :1-4 Valeur :0.133
Type :T Id :1 Origine :3-3 Destination :0-3 Valeur :0.45
Type :T Id :1 Origine :6-6 Destination :0-4 Valeur :0.367
Type :T Id :1 Origine :7-6 Destination :2-0 Valeur :0.222
Type :T Id :1 Origine :4-3 Destination :3-1 Valeur :0.89
Type :T Id :2 Origine :0-4 Destination :8-6 Valeur :0.64
Type :T Id :1 Origine :8-6 Destination :2-6 Valeur :0.078
Type :T Id :2 Origine :0-2 Destination :1-4 Valeur :1.455
Type :D Id :3 Origine :0-2
Type :T Id :2 Origine :1-2 Destination :3-6 Valeur :1.425
Type :D Id :3 Origine :1-2
Type :T Id :2 Origine :0-1 Destination :2-0 Valeur :0.93
--------------------------
Creator : 0
Depth : 3
Hash : 2d6367c22b65bab2950e5be8a5beb8d62059e11000002fe189dc24b77544e64258f7aa6c344529b986ea6ef777666858c4347954232292a5a65f88e8c9fe43fb
Nonce : 192:46:197:226:143:96:114:178:48:182:38:248:168:55:70:180:196:189:158:197:216:254:167:22:29:35:3:133:61:186:172:97:
Number of Operations : 1
Type :C Id :0 Origine :4-3
--------------------------
Creator : 0
Depth : 2
Hash : e0e635ca4519df111246435da10de0f5f721f95f9810000057cde07d9d9eace2656331eda1a451b6da63e1f3b800d90b364c9e2056925b25cedab68c1d320f91
Nonce : 51:225:252:203:95:25:51:134:47:184:87:232:91:124:104:57:20:36:232:24:116:149:254:225:163:8:89:20:153:188:111:210:
Number of Operations : 16
Type :C Id :0 Origine :1-6
Type :C Id :0 Origine :2-6
Type :C Id :0 Origine :3-6
Type :C Id :0 Origine :4-6
Type :C Id :0 Origine :5-6
Type :T Id :1 Origine :0-0 Destination :0-2 Valeur :0.17
Type :C Id :0 Origine :6-6
Type :T Id :1 Origine :1-0 Destination :1-1 Valeur :0.94
Type :C Id :0 Origine :1-3
Type :T Id :1 Origine :2-0 Destination :0-4 Valeur :0.63
Type :C Id :0 Origine :7-6
Type :C Id :0 Origine :2-3
Type :T Id :1 Origine :3-0 Destination :1-4 Valeur :0.74
Type :C Id :0 Origine :2-5
Type :C Id :0 Origine :3-3
Type :C Id :0 Origine :8-6
--------------------------
Creator : 2
Depth : 1
Hash : 080f4978e1c1bf8828dc43fffff8d349e9523e2426bf090dc2786df2e9066e4000006be8b8b42b32da0566831fd6528280ae6ab293aaae82b57d6826c66c0ad6
Nonce : 160:136:67:211:136:104:193:155:87:250:203:152:34:205:148:12:238:4:202:224:66:199:151:69:198:216:7:4:121:52:165:142:
Number of Operations : 17
Type :C Id :0 Origine :0-4
Type :C Id :0 Origine :0-0
Type :C Id :0 Origine :0-1
Type :C Id :0 Origine :1-0
Type :C Id :0 Origine :0-2
Type :C Id :0 Origine :1-2
Type :C Id :0 Origine :2-0
Type :C Id :0 Origine :1-1
Type :C Id :0 Origine :0-6
Type :C Id :0 Origine :1-4
Type :C Id :0 Origine :2-1
Type :C Id :0 Origine :3-0
Type :C Id :0 Origine :2-4
Type :C Id :0 Origine :3-1
Type :C Id :0 Origine :0-3
Type :C Id :0 Origine :0-5
Type :C Id :0 Origine :1-5
--------------------------
Creator : 2
Depth : 0
Hash : 
Nonce : 
Number of Operations : 0
--------------------------

@@@@@@@@@@@@@@@@@@@@@@
